running develop
Removing /home/idmx/ros2_ws_2/install/basic_comms/lib/python3.10/site-packages/basic-comms.egg-link (link to .)
running egg_info
writing ../../build/basic_comms/basic_comms.egg-info/PKG-INFO
writing dependency_links to ../../build/basic_comms/basic_comms.egg-info/dependency_links.txt
writing entry points to ../../build/basic_comms/basic_comms.egg-info/entry_points.txt
writing requirements to ../../build/basic_comms/basic_comms.egg-info/requires.txt
writing top-level names to ../../build/basic_comms/basic_comms.egg-info/top_level.txt
reading manifest file '../../build/basic_comms/basic_comms.egg-info/SOURCES.txt'
writing manifest file '../../build/basic_comms/basic_comms.egg-info/SOURCES.txt'
running build
running build_py
creating /home/idmx/ros2_ws_2/build/basic_comms/build
creating /home/idmx/ros2_ws_2/build/basic_comms/build/lib
creating /home/idmx/ros2_ws_2/build/basic_comms/build/lib/basic_comms
copying basic_comms/talker.py -> /home/idmx/ros2_ws_2/build/basic_comms/build/lib/basic_comms
copying basic_comms/__init__.py -> /home/idmx/ros2_ws_2/build/basic_comms/build/lib/basic_comms
running install
running install_lib
creating /home/idmx/ros2_ws_2/install/basic_comms/lib/python3.10/site-packages/basic_comms
copying /home/idmx/ros2_ws_2/build/basic_comms/build/lib/basic_comms/talker.py -> /home/idmx/ros2_ws_2/install/basic_comms/lib/python3.10/site-packages/basic_comms
copying /home/idmx/ros2_ws_2/build/basic_comms/build/lib/basic_comms/__init__.py -> /home/idmx/ros2_ws_2/install/basic_comms/lib/python3.10/site-packages/basic_comms
byte-compiling /home/idmx/ros2_ws_2/install/basic_comms/lib/python3.10/site-packages/basic_comms/talker.py to talker.cpython-310.pyc
byte-compiling /home/idmx/ros2_ws_2/install/basic_comms/lib/python3.10/site-packages/basic_comms/__init__.py to __init__.cpython-310.pyc
running install_data
copying resource/basic_comms -> /home/idmx/ros2_ws_2/install/basic_comms/share/ament_index/resource_index/packages
copying package.xml -> /home/idmx/ros2_ws_2/install/basic_comms/share/basic_comms
running install_egg_info
Copying ../../build/basic_comms/basic_comms.egg-info to /home/idmx/ros2_ws_2/install/basic_comms/lib/python3.10/site-packages/basic_comms-0.0.0-py3.10.egg-info
running install_scripts
Installing talker script to /home/idmx/ros2_ws_2/install/basic_comms/lib/basic_comms
writing list of installed files to '/home/idmx/ros2_ws_2/build/basic_comms/install.log'
