[0.655s] Invoking command in '/home/idmx/ros2_ws_2/src/basic_comms': PYTHONPATH=/home/idmx/ros2_ws_2/build/basic_comms/prefix_override:/usr/lib/python3/dist-packages/colcon_core/task/python/colcon_distutils_commands:/home/idmx/ros2_ws_2/install/basic_comms/lib/python3.10/site-packages:${PYTHONPATH} /usr/bin/python3 -W ignore:setup.py install is deprecated -W ignore:easy_install command is deprecated setup.py egg_info --egg-base ../../build/basic_comms build --build-base /home/idmx/ros2_ws_2/build/basic_comms/build install --record /home/idmx/ros2_ws_2/build/basic_comms/install.log --single-version-externally-managed install_data
[0.838s] running egg_info
[0.839s] writing ../../build/basic_comms/basic_comms.egg-info/PKG-INFO
[0.839s] writing dependency_links to ../../build/basic_comms/basic_comms.egg-info/dependency_links.txt
[0.839s] writing entry points to ../../build/basic_comms/basic_comms.egg-info/entry_points.txt
[0.839s] writing requirements to ../../build/basic_comms/basic_comms.egg-info/requires.txt
[0.839s] writing top-level names to ../../build/basic_comms/basic_comms.egg-info/top_level.txt
[0.840s] reading manifest file '../../build/basic_comms/basic_comms.egg-info/SOURCES.txt'
[0.841s] writing manifest file '../../build/basic_comms/basic_comms.egg-info/SOURCES.txt'
[0.841s] running build
[0.841s] running build_py
[0.841s] running install
[0.841s] running install_lib
[0.842s] running install_data
[0.842s] running install_egg_info
[0.844s] removing '/home/idmx/ros2_ws_2/install/basic_comms/lib/python3.10/site-packages/basic_comms-0.0.0-py3.10.egg-info' (and everything under it)
[0.844s] Copying ../../build/basic_comms/basic_comms.egg-info to /home/idmx/ros2_ws_2/install/basic_comms/lib/python3.10/site-packages/basic_comms-0.0.0-py3.10.egg-info
[0.844s] running install_scripts
[0.862s] Installing talker script to /home/idmx/ros2_ws_2/install/basic_comms/lib/basic_comms
[0.862s] writing list of installed files to '/home/idmx/ros2_ws_2/build/basic_comms/install.log'
[0.892s] Invoked command in '/home/idmx/ros2_ws_2/src/basic_comms' returned '0': PYTHONPATH=/home/idmx/ros2_ws_2/build/basic_comms/prefix_override:/usr/lib/python3/dist-packages/colcon_core/task/python/colcon_distutils_commands:/home/idmx/ros2_ws_2/install/basic_comms/lib/python3.10/site-packages:${PYTHONPATH} /usr/bin/python3 -W ignore:setup.py install is deprecated -W ignore:easy_install command is deprecated setup.py egg_info --egg-base ../../build/basic_comms build --build-base /home/idmx/ros2_ws_2/build/basic_comms/build install --record /home/idmx/ros2_ws_2/build/basic_comms/install.log --single-version-externally-managed install_data
