[0.381s] Invoking command in '/home/roli_005/Downloads/ros2_ws_2/build/custom_interfaces': CMAKE_PREFIX_PATH=${CMAKE_PREFIX_PATH}:/home/roli_005/Downloads/ros2_ws_2/install/motor_control:/home/roli_005/Downloads/ros2_ws_2/install/basic_comms:/home/roli_005/TE3001B_ws/install/signal_processing:/home/roli_005/TE3001B_ws/install/motor_control_act:/home/roli_005/TE3001B_ws/install/motor_control:/home/roli_005/TE3001B_ws/install/inverted_pendulum:/home/roli_005/TE3001B_ws/install/final_challenge:/home/roli_005/TE3001B_ws/install/basic_comms:/home/roli_005/TE3001B_ws/install/arm_2_DOF:/home/roli_005/vanttec_usv/install/sensor_msgs_py:/home/roli_005/home2_ws/install/uf_ros_lib:/opt/ros/humble /usr/bin/cmake --build /home/roli_005/Downloads/ros2_ws_2/build/custom_interfaces -- -j12 -l12
[0.447s] [  9%] Built target custom_interfaces__cpp
[0.447s] [ 12%] Built target custom_interfaces__rosidl_generator_c
[0.460s] [ 12%] Built target ament_cmake_python_copy_custom_interfaces
[0.476s] [ 22%] Built target custom_interfaces__rosidl_typesupport_c
[0.476s] [ 32%] Built target custom_interfaces__rosidl_typesupport_introspection_c
[0.480s] [ 41%] Built target custom_interfaces__rosidl_typesupport_introspection_cpp
[0.486s] [ 51%] Built target custom_interfaces__rosidl_typesupport_fastrtps_c
[0.493s] [ 61%] Built target custom_interfaces__rosidl_typesupport_cpp
[0.496s] [ 70%] Built target custom_interfaces__rosidl_typesupport_fastrtps_cpp
[0.522s] [ 70%] Built target custom_interfaces
[0.549s] [ 74%] Built target custom_interfaces__py
[0.578s] [ 80%] Built target custom_interfaces__rosidl_generator_py
[0.607s] [ 93%] Built target custom_interfaces__rosidl_typesupport_fastrtps_c__pyext
[0.607s] [ 93%] Built target custom_interfaces__rosidl_typesupport_c__pyext
[0.607s] [100%] Built target custom_interfaces__rosidl_typesupport_introspection_c__pyext
[0.810s] running egg_info
[0.810s] writing custom_interfaces.egg-info/PKG-INFO
[0.811s] writing dependency_links to custom_interfaces.egg-info/dependency_links.txt
[0.811s] writing top-level names to custom_interfaces.egg-info/top_level.txt
[0.813s] reading manifest file 'custom_interfaces.egg-info/SOURCES.txt'
[0.813s] writing manifest file 'custom_interfaces.egg-info/SOURCES.txt'
[0.843s] [100%] Built target ament_cmake_python_build_custom_interfaces_egg
[0.857s] Invoked command in '/home/roli_005/Downloads/ros2_ws_2/build/custom_interfaces' returned '0': CMAKE_PREFIX_PATH=${CMAKE_PREFIX_PATH}:/home/roli_005/Downloads/ros2_ws_2/install/motor_control:/home/roli_005/Downloads/ros2_ws_2/install/basic_comms:/home/roli_005/TE3001B_ws/install/signal_processing:/home/roli_005/TE3001B_ws/install/motor_control_act:/home/roli_005/TE3001B_ws/install/motor_control:/home/roli_005/TE3001B_ws/install/inverted_pendulum:/home/roli_005/TE3001B_ws/install/final_challenge:/home/roli_005/TE3001B_ws/install/basic_comms:/home/roli_005/TE3001B_ws/install/arm_2_DOF:/home/roli_005/vanttec_usv/install/sensor_msgs_py:/home/roli_005/home2_ws/install/uf_ros_lib:/opt/ros/humble /usr/bin/cmake --build /home/roli_005/Downloads/ros2_ws_2/build/custom_interfaces -- -j12 -l12
[0.869s] Invoking command in '/home/roli_005/Downloads/ros2_ws_2/build/custom_interfaces': CMAKE_PREFIX_PATH=${CMAKE_PREFIX_PATH}:/home/roli_005/Downloads/ros2_ws_2/install/motor_control:/home/roli_005/Downloads/ros2_ws_2/install/basic_comms:/home/roli_005/TE3001B_ws/install/signal_processing:/home/roli_005/TE3001B_ws/install/motor_control_act:/home/roli_005/TE3001B_ws/install/motor_control:/home/roli_005/TE3001B_ws/install/inverted_pendulum:/home/roli_005/TE3001B_ws/install/final_challenge:/home/roli_005/TE3001B_ws/install/basic_comms:/home/roli_005/TE3001B_ws/install/arm_2_DOF:/home/roli_005/vanttec_usv/install/sensor_msgs_py:/home/roli_005/home2_ws/install/uf_ros_lib:/opt/ros/humble /usr/bin/cmake --install /home/roli_005/Downloads/ros2_ws_2/build/custom_interfaces
[0.879s] -- Install configuration: ""
[0.879s] -- Up-to-date: /home/roli_005/Downloads/ros2_ws_2/install/custom_interfaces/share/ament_index/resource_index/rosidl_interfaces/custom_interfaces
[0.879s] -- Up-to-date: /home/roli_005/Downloads/ros2_ws_2/install/custom_interfaces/include/custom_interfaces/custom_interfaces
[0.879s] -- Up-to-date: /home/roli_005/Downloads/ros2_ws_2/install/custom_interfaces/include/custom_interfaces/custom_interfaces/srv
[0.879s] -- Up-to-date: /home/roli_005/Downloads/ros2_ws_2/install/custom_interfaces/include/custom_interfaces/custom_interfaces/srv/detail
[0.879s] -- Up-to-date: /home/roli_005/Downloads/ros2_ws_2/install/custom_interfaces/include/custom_interfaces/custom_interfaces/srv/detail/set_process_bool__struct.h
[0.879s] -- Up-to-date: /home/roli_005/Downloads/ros2_ws_2/install/custom_interfaces/include/custom_interfaces/custom_interfaces/srv/detail/set_process_bool__functions.h
[0.879s] -- Up-to-date: /home/roli_005/Downloads/ros2_ws_2/install/custom_interfaces/include/custom_interfaces/custom_interfaces/srv/detail/set_process_bool__type_support.h
[0.879s] -- Up-to-date: /home/roli_005/Downloads/ros2_ws_2/install/custom_interfaces/include/custom_interfaces/custom_interfaces/srv/detail/set_process_bool__functions.c
[0.879s] -- Up-to-date: /home/roli_005/Downloads/ros2_ws_2/install/custom_interfaces/include/custom_interfaces/custom_interfaces/srv/set_process_bool.h
[0.880s] -- Up-to-date: /home/roli_005/Downloads/ros2_ws_2/install/custom_interfaces/include/custom_interfaces/custom_interfaces/msg
[0.880s] -- Up-to-date: /home/roli_005/Downloads/ros2_ws_2/install/custom_interfaces/include/custom_interfaces/custom_interfaces/msg/rosidl_generator_c__visibility_control.h
[0.880s] -- Up-to-date: /home/roli_005/Downloads/ros2_ws_2/install/custom_interfaces/share/custom_interfaces/environment/library_path.sh
[0.880s] -- Up-to-date: /home/roli_005/Downloads/ros2_ws_2/install/custom_interfaces/share/custom_interfaces/environment/library_path.dsv
[0.880s] -- Up-to-date: /home/roli_005/Downloads/ros2_ws_2/install/custom_interfaces/lib/libcustom_interfaces__rosidl_generator_c.so
[0.880s] -- Up-to-date: /home/roli_005/Downloads/ros2_ws_2/install/custom_interfaces/include/custom_interfaces/custom_interfaces
[0.880s] -- Up-to-date: /home/roli_005/Downloads/ros2_ws_2/install/custom_interfaces/include/custom_interfaces/custom_interfaces/srv
[0.880s] -- Up-to-date: /home/roli_005/Downloads/ros2_ws_2/install/custom_interfaces/include/custom_interfaces/custom_interfaces/srv/detail
[0.880s] -- Up-to-date: /home/roli_005/Downloads/ros2_ws_2/install/custom_interfaces/include/custom_interfaces/custom_interfaces/srv/detail/set_process_bool__rosidl_typesupport_fastrtps_c.h
[0.880s] -- Up-to-date: /home/roli_005/Downloads/ros2_ws_2/install/custom_interfaces/include/custom_interfaces/custom_interfaces/msg
[0.880s] -- Up-to-date: /home/roli_005/Downloads/ros2_ws_2/install/custom_interfaces/include/custom_interfaces/custom_interfaces/msg/rosidl_typesupport_fastrtps_c__visibility_control.h
[0.880s] -- Up-to-date: /home/roli_005/Downloads/ros2_ws_2/install/custom_interfaces/lib/libcustom_interfaces__rosidl_typesupport_fastrtps_c.so
[0.880s] -- Up-to-date: /home/roli_005/Downloads/ros2_ws_2/install/custom_interfaces/include/custom_interfaces/custom_interfaces
[0.880s] -- Up-to-date: /home/roli_005/Downloads/ros2_ws_2/install/custom_interfaces/include/custom_interfaces/custom_interfaces/srv
[0.880s] -- Up-to-date: /home/roli_005/Downloads/ros2_ws_2/install/custom_interfaces/include/custom_interfaces/custom_interfaces/srv/detail
[0.881s] -- Up-to-date: /home/roli_005/Downloads/ros2_ws_2/install/custom_interfaces/include/custom_interfaces/custom_interfaces/srv/detail/set_process_bool__struct.hpp
[0.881s] -- Up-to-date: /home/roli_005/Downloads/ros2_ws_2/install/custom_interfaces/include/custom_interfaces/custom_interfaces/srv/detail/set_process_bool__builder.hpp
[0.881s] -- Up-to-date: /home/roli_005/Downloads/ros2_ws_2/install/custom_interfaces/include/custom_interfaces/custom_interfaces/srv/detail/set_process_bool__type_support.hpp
[0.881s] -- Up-to-date: /home/roli_005/Downloads/ros2_ws_2/install/custom_interfaces/include/custom_interfaces/custom_interfaces/srv/detail/set_process_bool__traits.hpp
[0.881s] -- Up-to-date: /home/roli_005/Downloads/ros2_ws_2/install/custom_interfaces/include/custom_interfaces/custom_interfaces/srv/set_process_bool.hpp
[0.881s] -- Up-to-date: /home/roli_005/Downloads/ros2_ws_2/install/custom_interfaces/include/custom_interfaces/custom_interfaces/msg
[0.881s] -- Up-to-date: /home/roli_005/Downloads/ros2_ws_2/install/custom_interfaces/include/custom_interfaces/custom_interfaces/msg/rosidl_generator_cpp__visibility_control.hpp
[0.881s] -- Up-to-date: /home/roli_005/Downloads/ros2_ws_2/install/custom_interfaces/include/custom_interfaces/custom_interfaces
[0.881s] -- Up-to-date: /home/roli_005/Downloads/ros2_ws_2/install/custom_interfaces/include/custom_interfaces/custom_interfaces/srv
[0.881s] -- Up-to-date: /home/roli_005/Downloads/ros2_ws_2/install/custom_interfaces/include/custom_interfaces/custom_interfaces/srv/detail
[0.881s] -- Up-to-date: /home/roli_005/Downloads/ros2_ws_2/install/custom_interfaces/include/custom_interfaces/custom_interfaces/srv/detail/dds_fastrtps
[0.881s] -- Up-to-date: /home/roli_005/Downloads/ros2_ws_2/install/custom_interfaces/include/custom_interfaces/custom_interfaces/srv/detail/set_process_bool__rosidl_typesupport_fastrtps_cpp.hpp
[0.881s] -- Up-to-date: /home/roli_005/Downloads/ros2_ws_2/install/custom_interfaces/include/custom_interfaces/custom_interfaces/msg
[0.881s] -- Up-to-date: /home/roli_005/Downloads/ros2_ws_2/install/custom_interfaces/include/custom_interfaces/custom_interfaces/msg/rosidl_typesupport_fastrtps_cpp__visibility_control.h
[0.881s] -- Up-to-date: /home/roli_005/Downloads/ros2_ws_2/install/custom_interfaces/lib/libcustom_interfaces__rosidl_typesupport_fastrtps_cpp.so
[0.881s] -- Up-to-date: /home/roli_005/Downloads/ros2_ws_2/install/custom_interfaces/include/custom_interfaces/custom_interfaces
[0.882s] -- Up-to-date: /home/roli_005/Downloads/ros2_ws_2/install/custom_interfaces/include/custom_interfaces/custom_interfaces/srv
[0.882s] -- Up-to-date: /home/roli_005/Downloads/ros2_ws_2/install/custom_interfaces/include/custom_interfaces/custom_interfaces/srv/detail
[0.882s] -- Up-to-date: /home/roli_005/Downloads/ros2_ws_2/install/custom_interfaces/include/custom_interfaces/custom_interfaces/srv/detail/set_process_bool__type_support.c
[0.882s] -- Up-to-date: /home/roli_005/Downloads/ros2_ws_2/install/custom_interfaces/include/custom_interfaces/custom_interfaces/srv/detail/set_process_bool__rosidl_typesupport_introspection_c.h
[0.882s] -- Up-to-date: /home/roli_005/Downloads/ros2_ws_2/install/custom_interfaces/include/custom_interfaces/custom_interfaces/msg
[0.882s] -- Up-to-date: /home/roli_005/Downloads/ros2_ws_2/install/custom_interfaces/include/custom_interfaces/custom_interfaces/msg/rosidl_typesupport_introspection_c__visibility_control.h
[0.882s] -- Up-to-date: /home/roli_005/Downloads/ros2_ws_2/install/custom_interfaces/lib/libcustom_interfaces__rosidl_typesupport_introspection_c.so
[0.882s] -- Up-to-date: /home/roli_005/Downloads/ros2_ws_2/install/custom_interfaces/lib/libcustom_interfaces__rosidl_typesupport_c.so
[0.882s] -- Up-to-date: /home/roli_005/Downloads/ros2_ws_2/install/custom_interfaces/include/custom_interfaces/custom_interfaces
[0.882s] -- Up-to-date: /home/roli_005/Downloads/ros2_ws_2/install/custom_interfaces/include/custom_interfaces/custom_interfaces/srv
[0.882s] -- Up-to-date: /home/roli_005/Downloads/ros2_ws_2/install/custom_interfaces/include/custom_interfaces/custom_interfaces/srv/detail
[0.882s] -- Up-to-date: /home/roli_005/Downloads/ros2_ws_2/install/custom_interfaces/include/custom_interfaces/custom_interfaces/srv/detail/set_process_bool__rosidl_typesupport_introspection_cpp.hpp
[0.882s] -- Up-to-date: /home/roli_005/Downloads/ros2_ws_2/install/custom_interfaces/include/custom_interfaces/custom_interfaces/srv/detail/set_process_bool__type_support.cpp
[0.882s] -- Up-to-date: /home/roli_005/Downloads/ros2_ws_2/install/custom_interfaces/lib/libcustom_interfaces__rosidl_typesupport_introspection_cpp.so
[0.882s] -- Up-to-date: /home/roli_005/Downloads/ros2_ws_2/install/custom_interfaces/lib/libcustom_interfaces__rosidl_typesupport_cpp.so
[0.883s] -- Up-to-date: /home/roli_005/Downloads/ros2_ws_2/install/custom_interfaces/share/custom_interfaces/environment/pythonpath.sh
[0.883s] -- Up-to-date: /home/roli_005/Downloads/ros2_ws_2/install/custom_interfaces/share/custom_interfaces/environment/pythonpath.dsv
[0.883s] -- Up-to-date: /home/roli_005/Downloads/ros2_ws_2/install/custom_interfaces/local/lib/python3.10/dist-packages/custom_interfaces-0.0.0-py3.10.egg-info
[0.883s] -- Installing: /home/roli_005/Downloads/ros2_ws_2/install/custom_interfaces/local/lib/python3.10/dist-packages/custom_interfaces-0.0.0-py3.10.egg-info/dependency_links.txt
[0.883s] -- Installing: /home/roli_005/Downloads/ros2_ws_2/install/custom_interfaces/local/lib/python3.10/dist-packages/custom_interfaces-0.0.0-py3.10.egg-info/top_level.txt
[0.883s] -- Installing: /home/roli_005/Downloads/ros2_ws_2/install/custom_interfaces/local/lib/python3.10/dist-packages/custom_interfaces-0.0.0-py3.10.egg-info/SOURCES.txt
[0.883s] -- Installing: /home/roli_005/Downloads/ros2_ws_2/install/custom_interfaces/local/lib/python3.10/dist-packages/custom_interfaces-0.0.0-py3.10.egg-info/PKG-INFO
[0.883s] -- Up-to-date: /home/roli_005/Downloads/ros2_ws_2/install/custom_interfaces/local/lib/python3.10/dist-packages/custom_interfaces
[0.883s] -- Up-to-date: /home/roli_005/Downloads/ros2_ws_2/install/custom_interfaces/local/lib/python3.10/dist-packages/custom_interfaces/_custom_interfaces_s.ep.rosidl_typesupport_introspection_c.c
[0.883s] -- Up-to-date: /home/roli_005/Downloads/ros2_ws_2/install/custom_interfaces/local/lib/python3.10/dist-packages/custom_interfaces/_custom_interfaces_s.ep.rosidl_typesupport_fastrtps_c.c
[0.883s] -- Up-to-date: /home/roli_005/Downloads/ros2_ws_2/install/custom_interfaces/local/lib/python3.10/dist-packages/custom_interfaces/_custom_interfaces_s.ep.rosidl_typesupport_c.c
[0.883s] -- Up-to-date: /home/roli_005/Downloads/ros2_ws_2/install/custom_interfaces/local/lib/python3.10/dist-packages/custom_interfaces/custom_interfaces_s__rosidl_typesupport_c.cpython-310-x86_64-linux-gnu.so
[0.883s] -- Up-to-date: /home/roli_005/Downloads/ros2_ws_2/install/custom_interfaces/local/lib/python3.10/dist-packages/custom_interfaces/__init__.py
[0.883s] -- Up-to-date: /home/roli_005/Downloads/ros2_ws_2/install/custom_interfaces/local/lib/python3.10/dist-packages/custom_interfaces/srv
[0.883s] -- Up-to-date: /home/roli_005/Downloads/ros2_ws_2/install/custom_interfaces/local/lib/python3.10/dist-packages/custom_interfaces/srv/__init__.py
[0.883s] -- Up-to-date: /home/roli_005/Downloads/ros2_ws_2/install/custom_interfaces/local/lib/python3.10/dist-packages/custom_interfaces/srv/_set_process_bool.py
[0.883s] -- Up-to-date: /home/roli_005/Downloads/ros2_ws_2/install/custom_interfaces/local/lib/python3.10/dist-packages/custom_interfaces/srv/_set_process_bool_s.c
[0.883s] -- Up-to-date: /home/roli_005/Downloads/ros2_ws_2/install/custom_interfaces/local/lib/python3.10/dist-packages/custom_interfaces/custom_interfaces_s__rosidl_typesupport_fastrtps_c.cpython-310-x86_64-linux-gnu.so
[0.883s] -- Up-to-date: /home/roli_005/Downloads/ros2_ws_2/install/custom_interfaces/local/lib/python3.10/dist-packages/custom_interfaces/libcustom_interfaces__rosidl_generator_py.so
[0.884s] -- Up-to-date: /home/roli_005/Downloads/ros2_ws_2/install/custom_interfaces/local/lib/python3.10/dist-packages/custom_interfaces/custom_interfaces_s__rosidl_typesupport_introspection_c.cpython-310-x86_64-linux-gnu.so
[0.944s] Listing '/home/roli_005/Downloads/ros2_ws_2/install/custom_interfaces/local/lib/python3.10/dist-packages/custom_interfaces'...
[0.944s] Listing '/home/roli_005/Downloads/ros2_ws_2/install/custom_interfaces/local/lib/python3.10/dist-packages/custom_interfaces/srv'...
[0.949s] -- Up-to-date: /home/roli_005/Downloads/ros2_ws_2/install/custom_interfaces/local/lib/python3.10/dist-packages/custom_interfaces/custom_interfaces_s__rosidl_typesupport_fastrtps_c.cpython-310-x86_64-linux-gnu.so
[0.949s] -- Up-to-date: /home/roli_005/Downloads/ros2_ws_2/install/custom_interfaces/local/lib/python3.10/dist-packages/custom_interfaces/custom_interfaces_s__rosidl_typesupport_introspection_c.cpython-310-x86_64-linux-gnu.so
[0.950s] -- Up-to-date: /home/roli_005/Downloads/ros2_ws_2/install/custom_interfaces/local/lib/python3.10/dist-packages/custom_interfaces/custom_interfaces_s__rosidl_typesupport_c.cpython-310-x86_64-linux-gnu.so
[0.950s] -- Up-to-date: /home/roli_005/Downloads/ros2_ws_2/install/custom_interfaces/lib/libcustom_interfaces__rosidl_generator_py.so
[0.950s] -- Up-to-date: /home/roli_005/Downloads/ros2_ws_2/install/custom_interfaces/share/custom_interfaces/srv/SetProcessBool.idl
[0.950s] -- Up-to-date: /home/roli_005/Downloads/ros2_ws_2/install/custom_interfaces/share/custom_interfaces/srv/SetProcessBool.srv
[0.950s] -- Up-to-date: /home/roli_005/Downloads/ros2_ws_2/install/custom_interfaces/share/custom_interfaces/srv/SetProcessBool_Request.msg
[0.950s] -- Up-to-date: /home/roli_005/Downloads/ros2_ws_2/install/custom_interfaces/share/custom_interfaces/srv/SetProcessBool_Response.msg
[0.950s] -- Up-to-date: /home/roli_005/Downloads/ros2_ws_2/install/custom_interfaces/share/ament_index/resource_index/package_run_dependencies/custom_interfaces
[0.950s] -- Up-to-date: /home/roli_005/Downloads/ros2_ws_2/install/custom_interfaces/share/ament_index/resource_index/parent_prefix_path/custom_interfaces
[0.950s] -- Up-to-date: /home/roli_005/Downloads/ros2_ws_2/install/custom_interfaces/share/custom_interfaces/environment/ament_prefix_path.sh
[0.950s] -- Up-to-date: /home/roli_005/Downloads/ros2_ws_2/install/custom_interfaces/share/custom_interfaces/environment/ament_prefix_path.dsv
[0.950s] -- Up-to-date: /home/roli_005/Downloads/ros2_ws_2/install/custom_interfaces/share/custom_interfaces/environment/path.sh
[0.951s] -- Up-to-date: /home/roli_005/Downloads/ros2_ws_2/install/custom_interfaces/share/custom_interfaces/environment/path.dsv
[0.951s] -- Up-to-date: /home/roli_005/Downloads/ros2_ws_2/install/custom_interfaces/share/custom_interfaces/local_setup.bash
[0.951s] -- Up-to-date: /home/roli_005/Downloads/ros2_ws_2/install/custom_interfaces/share/custom_interfaces/local_setup.sh
[0.951s] -- Up-to-date: /home/roli_005/Downloads/ros2_ws_2/install/custom_interfaces/share/custom_interfaces/local_setup.zsh
[0.951s] -- Up-to-date: /home/roli_005/Downloads/ros2_ws_2/install/custom_interfaces/share/custom_interfaces/local_setup.dsv
[0.951s] -- Installing: /home/roli_005/Downloads/ros2_ws_2/install/custom_interfaces/share/custom_interfaces/package.dsv
[0.951s] -- Up-to-date: /home/roli_005/Downloads/ros2_ws_2/install/custom_interfaces/share/ament_index/resource_index/packages/custom_interfaces
[0.951s] -- Up-to-date: /home/roli_005/Downloads/ros2_ws_2/install/custom_interfaces/share/custom_interfaces/cmake/export_custom_interfaces__rosidl_generator_cExport.cmake
[0.951s] -- Up-to-date: /home/roli_005/Downloads/ros2_ws_2/install/custom_interfaces/share/custom_interfaces/cmake/export_custom_interfaces__rosidl_generator_cExport-noconfig.cmake
[0.951s] -- Up-to-date: /home/roli_005/Downloads/ros2_ws_2/install/custom_interfaces/share/custom_interfaces/cmake/export_custom_interfaces__rosidl_typesupport_fastrtps_cExport.cmake
[0.951s] -- Up-to-date: /home/roli_005/Downloads/ros2_ws_2/install/custom_interfaces/share/custom_interfaces/cmake/export_custom_interfaces__rosidl_typesupport_fastrtps_cExport-noconfig.cmake
[0.951s] -- Up-to-date: /home/roli_005/Downloads/ros2_ws_2/install/custom_interfaces/share/custom_interfaces/cmake/export_custom_interfaces__rosidl_generator_cppExport.cmake
[0.952s] -- Up-to-date: /home/roli_005/Downloads/ros2_ws_2/install/custom_interfaces/share/custom_interfaces/cmake/export_custom_interfaces__rosidl_typesupport_fastrtps_cppExport.cmake
[0.952s] -- Up-to-date: /home/roli_005/Downloads/ros2_ws_2/install/custom_interfaces/share/custom_interfaces/cmake/export_custom_interfaces__rosidl_typesupport_fastrtps_cppExport-noconfig.cmake
[0.952s] -- Up-to-date: /home/roli_005/Downloads/ros2_ws_2/install/custom_interfaces/share/custom_interfaces/cmake/custom_interfaces__rosidl_typesupport_introspection_cExport.cmake
[0.952s] -- Up-to-date: /home/roli_005/Downloads/ros2_ws_2/install/custom_interfaces/share/custom_interfaces/cmake/custom_interfaces__rosidl_typesupport_introspection_cExport-noconfig.cmake
[0.952s] -- Up-to-date: /home/roli_005/Downloads/ros2_ws_2/install/custom_interfaces/share/custom_interfaces/cmake/custom_interfaces__rosidl_typesupport_cExport.cmake
[0.952s] -- Up-to-date: /home/roli_005/Downloads/ros2_ws_2/install/custom_interfaces/share/custom_interfaces/cmake/custom_interfaces__rosidl_typesupport_cExport-noconfig.cmake
[0.952s] -- Up-to-date: /home/roli_005/Downloads/ros2_ws_2/install/custom_interfaces/share/custom_interfaces/cmake/custom_interfaces__rosidl_typesupport_introspection_cppExport.cmake
[0.952s] -- Up-to-date: /home/roli_005/Downloads/ros2_ws_2/install/custom_interfaces/share/custom_interfaces/cmake/custom_interfaces__rosidl_typesupport_introspection_cppExport-noconfig.cmake
[0.952s] -- Up-to-date: /home/roli_005/Downloads/ros2_ws_2/install/custom_interfaces/share/custom_interfaces/cmake/custom_interfaces__rosidl_typesupport_cppExport.cmake
[0.952s] -- Up-to-date: /home/roli_005/Downloads/ros2_ws_2/install/custom_interfaces/share/custom_interfaces/cmake/custom_interfaces__rosidl_typesupport_cppExport-noconfig.cmake
[0.952s] -- Up-to-date: /home/roli_005/Downloads/ros2_ws_2/install/custom_interfaces/share/custom_interfaces/cmake/export_custom_interfaces__rosidl_generator_pyExport.cmake
[0.952s] -- Up-to-date: /home/roli_005/Downloads/ros2_ws_2/install/custom_interfaces/share/custom_interfaces/cmake/export_custom_interfaces__rosidl_generator_pyExport-noconfig.cmake
[0.952s] -- Up-to-date: /home/roli_005/Downloads/ros2_ws_2/install/custom_interfaces/share/custom_interfaces/cmake/rosidl_cmake-extras.cmake
[0.952s] -- Up-to-date: /home/roli_005/Downloads/ros2_ws_2/install/custom_interfaces/share/custom_interfaces/cmake/ament_cmake_export_dependencies-extras.cmake
[0.952s] -- Up-to-date: /home/roli_005/Downloads/ros2_ws_2/install/custom_interfaces/share/custom_interfaces/cmake/ament_cmake_export_include_directories-extras.cmake
[0.952s] -- Up-to-date: /home/roli_005/Downloads/ros2_ws_2/install/custom_interfaces/share/custom_interfaces/cmake/ament_cmake_export_libraries-extras.cmake
[0.952s] -- Up-to-date: /home/roli_005/Downloads/ros2_ws_2/install/custom_interfaces/share/custom_interfaces/cmake/ament_cmake_export_targets-extras.cmake
[0.953s] -- Up-to-date: /home/roli_005/Downloads/ros2_ws_2/install/custom_interfaces/share/custom_interfaces/cmake/rosidl_cmake_export_typesupport_targets-extras.cmake
[0.953s] -- Up-to-date: /home/roli_005/Downloads/ros2_ws_2/install/custom_interfaces/share/custom_interfaces/cmake/rosidl_cmake_export_typesupport_libraries-extras.cmake
[0.953s] -- Up-to-date: /home/roli_005/Downloads/ros2_ws_2/install/custom_interfaces/share/custom_interfaces/cmake/custom_interfacesConfig.cmake
[0.953s] -- Up-to-date: /home/roli_005/Downloads/ros2_ws_2/install/custom_interfaces/share/custom_interfaces/cmake/custom_interfacesConfig-version.cmake
[0.953s] -- Up-to-date: /home/roli_005/Downloads/ros2_ws_2/install/custom_interfaces/share/custom_interfaces/package.xml
[0.954s] Invoked command in '/home/roli_005/Downloads/ros2_ws_2/build/custom_interfaces' returned '0': CMAKE_PREFIX_PATH=${CMAKE_PREFIX_PATH}:/home/roli_005/Downloads/ros2_ws_2/install/motor_control:/home/roli_005/Downloads/ros2_ws_2/install/basic_comms:/home/roli_005/TE3001B_ws/install/signal_processing:/home/roli_005/TE3001B_ws/install/motor_control_act:/home/roli_005/TE3001B_ws/install/motor_control:/home/roli_005/TE3001B_ws/install/inverted_pendulum:/home/roli_005/TE3001B_ws/install/final_challenge:/home/roli_005/TE3001B_ws/install/basic_comms:/home/roli_005/TE3001B_ws/install/arm_2_DOF:/home/roli_005/vanttec_usv/install/sensor_msgs_py:/home/roli_005/home2_ws/install/uf_ros_lib:/opt/ros/humble /usr/bin/cmake --install /home/roli_005/Downloads/ros2_ws_2/build/custom_interfaces
