running develop
Removing /home/idmx/ros2_ws_2/install/motor_control/lib/python3.10/site-packages/motor-control.egg-link (link to .)
running egg_info
writing ../../build/motor_control/motor_control.egg-info/PKG-INFO
writing dependency_links to ../../build/motor_control/motor_control.egg-info/dependency_links.txt
writing entry points to ../../build/motor_control/motor_control.egg-info/entry_points.txt
writing requirements to ../../build/motor_control/motor_control.egg-info/requires.txt
writing top-level names to ../../build/motor_control/motor_control.egg-info/top_level.txt
reading manifest file '../../build/motor_control/motor_control.egg-info/SOURCES.txt'
adding license file 'LICENSE'
writing manifest file '../../build/motor_control/motor_control.egg-info/SOURCES.txt'
running build
running build_py
creating /home/idmx/ros2_ws_2/build/motor_control/build
creating /home/idmx/ros2_ws_2/build/motor_control/build/lib
creating /home/idmx/ros2_ws_2/build/motor_control/build/lib/motor_control
copying motor_control/set_point.py -> /home/idmx/ros2_ws_2/build/motor_control/build/lib/motor_control
copying motor_control/controller.py -> /home/idmx/ros2_ws_2/build/motor_control/build/lib/motor_control
copying motor_control/__init__.py -> /home/idmx/ros2_ws_2/build/motor_control/build/lib/motor_control
copying motor_control/dc_motor.py -> /home/idmx/ros2_ws_2/build/motor_control/build/lib/motor_control
running install
running install_lib
creating /home/idmx/ros2_ws_2/install/motor_control/lib/python3.10/site-packages/motor_control
copying /home/idmx/ros2_ws_2/build/motor_control/build/lib/motor_control/set_point.py -> /home/idmx/ros2_ws_2/install/motor_control/lib/python3.10/site-packages/motor_control
copying /home/idmx/ros2_ws_2/build/motor_control/build/lib/motor_control/controller.py -> /home/idmx/ros2_ws_2/install/motor_control/lib/python3.10/site-packages/motor_control
copying /home/idmx/ros2_ws_2/build/motor_control/build/lib/motor_control/__init__.py -> /home/idmx/ros2_ws_2/install/motor_control/lib/python3.10/site-packages/motor_control
copying /home/idmx/ros2_ws_2/build/motor_control/build/lib/motor_control/dc_motor.py -> /home/idmx/ros2_ws_2/install/motor_control/lib/python3.10/site-packages/motor_control
byte-compiling /home/idmx/ros2_ws_2/install/motor_control/lib/python3.10/site-packages/motor_control/set_point.py to set_point.cpython-310.pyc
byte-compiling /home/idmx/ros2_ws_2/install/motor_control/lib/python3.10/site-packages/motor_control/controller.py to controller.cpython-310.pyc
byte-compiling /home/idmx/ros2_ws_2/install/motor_control/lib/python3.10/site-packages/motor_control/__init__.py to __init__.cpython-310.pyc
byte-compiling /home/idmx/ros2_ws_2/install/motor_control/lib/python3.10/site-packages/motor_control/dc_motor.py to dc_motor.cpython-310.pyc
running install_data
copying resource/motor_control -> /home/idmx/ros2_ws_2/install/motor_control/share/ament_index/resource_index/packages
copying package.xml -> /home/idmx/ros2_ws_2/install/motor_control/share/motor_control
copying launch/motor_launch.py -> /home/idmx/ros2_ws_2/install/motor_control/share/motor_control/launch
copying launch/motor_3_launch.py -> /home/idmx/ros2_ws_2/install/motor_control/share/motor_control/launch
copying launch/motor_2_launch.py -> /home/idmx/ros2_ws_2/install/motor_control/share/motor_control/launch
copying config/params.yaml -> /home/idmx/ros2_ws_2/install/motor_control/share/motor_control/config
running install_egg_info
Copying ../../build/motor_control/motor_control.egg-info to /home/idmx/ros2_ws_2/install/motor_control/lib/python3.10/site-packages/motor_control-0.0.0-py3.10.egg-info
running install_scripts
Installing ctrl script to /home/idmx/ros2_ws_2/install/motor_control/lib/motor_control
Installing dc_motor script to /home/idmx/ros2_ws_2/install/motor_control/lib/motor_control
Installing set_point script to /home/idmx/ros2_ws_2/install/motor_control/lib/motor_control
writing list of installed files to '/home/idmx/ros2_ws_2/build/motor_control/install.log'
