[0.597s] Invoking command in '/home/idmx/ros2_ws_2/src/motor_control': PYTHONPATH=/home/idmx/ros2_ws_2/build/motor_control/prefix_override:/usr/lib/python3/dist-packages/colcon_core/task/python/colcon_distutils_commands:/home/idmx/ros2_ws_2/install/motor_control/lib/python3.10/site-packages:${PYTHONPATH} /usr/bin/python3 -W ignore:setup.py install is deprecated -W ignore:easy_install command is deprecated setup.py egg_info --egg-base ../../build/motor_control build --build-base /home/idmx/ros2_ws_2/build/motor_control/build install --record /home/idmx/ros2_ws_2/build/motor_control/install.log --single-version-externally-managed install_data
[0.750s] running egg_info
[0.750s] writing ../../build/motor_control/motor_control.egg-info/PKG-INFO
[0.751s] writing dependency_links to ../../build/motor_control/motor_control.egg-info/dependency_links.txt
[0.751s] writing entry points to ../../build/motor_control/motor_control.egg-info/entry_points.txt
[0.751s] writing requirements to ../../build/motor_control/motor_control.egg-info/requires.txt
[0.751s] writing top-level names to ../../build/motor_control/motor_control.egg-info/top_level.txt
[0.752s] reading manifest file '../../build/motor_control/motor_control.egg-info/SOURCES.txt'
[0.752s] adding license file 'LICENSE'
[0.753s] writing manifest file '../../build/motor_control/motor_control.egg-info/SOURCES.txt'
[0.753s] running build
[0.753s] running build_py
[0.753s] copying motor_control/controller.py -> /home/idmx/ros2_ws_2/build/motor_control/build/lib/motor_control
[0.753s] copying motor_control/dc_motor.py -> /home/idmx/ros2_ws_2/build/motor_control/build/lib/motor_control
[0.753s] running install
[0.753s] running install_lib
[0.754s] copying /home/idmx/ros2_ws_2/build/motor_control/build/lib/motor_control/controller.py -> /home/idmx/ros2_ws_2/install/motor_control/lib/python3.10/site-packages/motor_control
[0.754s] copying /home/idmx/ros2_ws_2/build/motor_control/build/lib/motor_control/dc_motor.py -> /home/idmx/ros2_ws_2/install/motor_control/lib/python3.10/site-packages/motor_control
[0.754s] byte-compiling /home/idmx/ros2_ws_2/install/motor_control/lib/python3.10/site-packages/motor_control/controller.py to controller.cpython-310.pyc
[0.755s] byte-compiling /home/idmx/ros2_ws_2/install/motor_control/lib/python3.10/site-packages/motor_control/dc_motor.py to dc_motor.cpython-310.pyc
[0.756s] running install_data
[0.756s] running install_egg_info
[0.758s] removing '/home/idmx/ros2_ws_2/install/motor_control/lib/python3.10/site-packages/motor_control-0.0.0-py3.10.egg-info' (and everything under it)
[0.758s] Copying ../../build/motor_control/motor_control.egg-info to /home/idmx/ros2_ws_2/install/motor_control/lib/python3.10/site-packages/motor_control-0.0.0-py3.10.egg-info
[0.759s] running install_scripts
[0.774s] Installing ctrl script to /home/idmx/ros2_ws_2/install/motor_control/lib/motor_control
[0.774s] Installing dc_motor script to /home/idmx/ros2_ws_2/install/motor_control/lib/motor_control
[0.774s] Installing set_point script to /home/idmx/ros2_ws_2/install/motor_control/lib/motor_control
[0.774s] writing list of installed files to '/home/idmx/ros2_ws_2/build/motor_control/install.log'
[0.797s] Invoked command in '/home/idmx/ros2_ws_2/src/motor_control' returned '0': PYTHONPATH=/home/idmx/ros2_ws_2/build/motor_control/prefix_override:/usr/lib/python3/dist-packages/colcon_core/task/python/colcon_distutils_commands:/home/idmx/ros2_ws_2/install/motor_control/lib/python3.10/site-packages:${PYTHONPATH} /usr/bin/python3 -W ignore:setup.py install is deprecated -W ignore:easy_install command is deprecated setup.py egg_info --egg-base ../../build/motor_control build --build-base /home/idmx/ros2_ws_2/build/motor_control/build install --record /home/idmx/ros2_ws_2/build/motor_control/install.log --single-version-externally-managed install_data
