running egg_info
creating ../../build/motor_control/motor_control.egg-info
writing ../../build/motor_control/motor_control.egg-info/PKG-INFO
writing dependency_links to ../../build/motor_control/motor_control.egg-info/dependency_links.txt
writing entry points to ../../build/motor_control/motor_control.egg-info/entry_points.txt
writing requirements to ../../build/motor_control/motor_control.egg-info/requires.txt
writing top-level names to ../../build/motor_control/motor_control.egg-info/top_level.txt
writing manifest file '../../build/motor_control/motor_control.egg-info/SOURCES.txt'
reading manifest file '../../build/motor_control/motor_control.egg-info/SOURCES.txt'
adding license file 'LICENSE'
writing manifest file '../../build/motor_control/motor_control.egg-info/SOURCES.txt'
running build
running build_py
creating /home/roli_005/Downloads/ros2_ws_2/build/motor_control/build
creating /home/roli_005/Downloads/ros2_ws_2/build/motor_control/build/lib
creating /home/roli_005/Downloads/ros2_ws_2/build/motor_control/build/lib/motor_control
copying motor_control/set_point.py -> /home/roli_005/Downloads/ros2_ws_2/build/motor_control/build/lib/motor_control
copying motor_control/controller.py -> /home/roli_005/Downloads/ros2_ws_2/build/motor_control/build/lib/motor_control
copying motor_control/__init__.py -> /home/roli_005/Downloads/ros2_ws_2/build/motor_control/build/lib/motor_control
copying motor_control/dc_motor.py -> /home/roli_005/Downloads/ros2_ws_2/build/motor_control/build/lib/motor_control
running install
running install_lib
copying /home/roli_005/Downloads/ros2_ws_2/build/motor_control/build/lib/motor_control/controller.py -> /home/roli_005/Downloads/ros2_ws_2/install/motor_control/lib/python3.10/site-packages/motor_control
byte-compiling /home/roli_005/Downloads/ros2_ws_2/install/motor_control/lib/python3.10/site-packages/motor_control/controller.py to controller.cpython-310.pyc
running install_data
running install_egg_info
removing '/home/roli_005/Downloads/ros2_ws_2/install/motor_control/lib/python3.10/site-packages/motor_control-0.0.0-py3.10.egg-info' (and everything under it)
Copying ../../build/motor_control/motor_control.egg-info to /home/roli_005/Downloads/ros2_ws_2/install/motor_control/lib/python3.10/site-packages/motor_control-0.0.0-py3.10.egg-info
running install_scripts
Installing ctrl script to /home/roli_005/Downloads/ros2_ws_2/install/motor_control/lib/motor_control
Installing dc_motor script to /home/roli_005/Downloads/ros2_ws_2/install/motor_control/lib/motor_control
Installing set_point script to /home/roli_005/Downloads/ros2_ws_2/install/motor_control/lib/motor_control
writing list of installed files to '/home/roli_005/Downloads/ros2_ws_2/build/motor_control/install.log'
