[0.660s] Invoking command in '/home/idmx/ros2_ws_2/build/basic_comms': PYTHONPATH=/home/idmx/ros2_ws_2/build/basic_comms/prefix_override:/usr/lib/python3/dist-packages/colcon_core/task/python/colcon_distutils_commands:/home/idmx/ros2_ws_2/install/basic_comms/lib/python3.10/site-packages:${PYTHONPATH} /usr/bin/python3 -W ignore:setup.py install is deprecated -W ignore:easy_install command is deprecated setup.py develop --uninstall --editable --build-directory /home/idmx/ros2_ws_2/build/basic_comms/build
[0.860s] running develop
[0.978s] Removing /home/idmx/ros2_ws_2/install/basic_comms/lib/python3.10/site-packages/basic-comms.egg-link (link to .)
[1.002s] Invoked command in '/home/idmx/ros2_ws_2/build/basic_comms' returned '0': PYTHONPATH=/home/idmx/ros2_ws_2/build/basic_comms/prefix_override:/usr/lib/python3/dist-packages/colcon_core/task/python/colcon_distutils_commands:/home/idmx/ros2_ws_2/install/basic_comms/lib/python3.10/site-packages:${PYTHONPATH} /usr/bin/python3 -W ignore:setup.py install is deprecated -W ignore:easy_install command is deprecated setup.py develop --uninstall --editable --build-directory /home/idmx/ros2_ws_2/build/basic_comms/build
[1.004s] Invoking command in '/home/idmx/ros2_ws_2/src/basic_comms': PYTHONPATH=/home/idmx/ros2_ws_2/build/basic_comms/prefix_override:/usr/lib/python3/dist-packages/colcon_core/task/python/colcon_distutils_commands:/home/idmx/ros2_ws_2/install/basic_comms/lib/python3.10/site-packages:${PYTHONPATH} /usr/bin/python3 -W ignore:setup.py install is deprecated -W ignore:easy_install command is deprecated setup.py egg_info --egg-base ../../build/basic_comms build --build-base /home/idmx/ros2_ws_2/build/basic_comms/build install --record /home/idmx/ros2_ws_2/build/basic_comms/install.log --single-version-externally-managed install_data --force
[1.189s] running egg_info
[1.189s] writing ../../build/basic_comms/basic_comms.egg-info/PKG-INFO
[1.189s] writing dependency_links to ../../build/basic_comms/basic_comms.egg-info/dependency_links.txt
[1.189s] writing entry points to ../../build/basic_comms/basic_comms.egg-info/entry_points.txt
[1.189s] writing requirements to ../../build/basic_comms/basic_comms.egg-info/requires.txt
[1.189s] writing top-level names to ../../build/basic_comms/basic_comms.egg-info/top_level.txt
[1.191s] reading manifest file '../../build/basic_comms/basic_comms.egg-info/SOURCES.txt'
[1.191s] writing manifest file '../../build/basic_comms/basic_comms.egg-info/SOURCES.txt'
[1.191s] running build
[1.191s] running build_py
[1.192s] running install
[1.192s] running install_lib
[1.192s] creating /home/idmx/ros2_ws_2/install/basic_comms/lib/python3.10/site-packages/basic_comms
[1.193s] copying /home/idmx/ros2_ws_2/build/basic_comms/build/lib/basic_comms/talker.py -> /home/idmx/ros2_ws_2/install/basic_comms/lib/python3.10/site-packages/basic_comms
[1.193s] copying /home/idmx/ros2_ws_2/build/basic_comms/build/lib/basic_comms/__init__.py -> /home/idmx/ros2_ws_2/install/basic_comms/lib/python3.10/site-packages/basic_comms
[1.193s] byte-compiling /home/idmx/ros2_ws_2/install/basic_comms/lib/python3.10/site-packages/basic_comms/talker.py to talker.cpython-310.pyc
[1.193s] byte-compiling /home/idmx/ros2_ws_2/install/basic_comms/lib/python3.10/site-packages/basic_comms/__init__.py to __init__.cpython-310.pyc
[1.193s] running install_data
[1.193s] copying resource/basic_comms -> /home/idmx/ros2_ws_2/install/basic_comms/share/ament_index/resource_index/packages
[1.193s] copying package.xml -> /home/idmx/ros2_ws_2/install/basic_comms/share/basic_comms
[1.194s] running install_egg_info
[1.196s] Copying ../../build/basic_comms/basic_comms.egg-info to /home/idmx/ros2_ws_2/install/basic_comms/lib/python3.10/site-packages/basic_comms-0.0.0-py3.10.egg-info
[1.196s] running install_scripts
[1.213s] Installing talker script to /home/idmx/ros2_ws_2/install/basic_comms/lib/basic_comms
[1.214s] writing list of installed files to '/home/idmx/ros2_ws_2/build/basic_comms/install.log'
[1.239s] Invoked command in '/home/idmx/ros2_ws_2/src/basic_comms' returned '0': PYTHONPATH=/home/idmx/ros2_ws_2/build/basic_comms/prefix_override:/usr/lib/python3/dist-packages/colcon_core/task/python/colcon_distutils_commands:/home/idmx/ros2_ws_2/install/basic_comms/lib/python3.10/site-packages:${PYTHONPATH} /usr/bin/python3 -W ignore:setup.py install is deprecated -W ignore:easy_install command is deprecated setup.py egg_info --egg-base ../../build/basic_comms build --build-base /home/idmx/ros2_ws_2/build/basic_comms/build install --record /home/idmx/ros2_ws_2/build/basic_comms/install.log --single-version-externally-managed install_data --force
