[0.657s] Invoking command in '/home/idmx/ros2_ws_2/build/motor_control': PYTHONPATH=/home/idmx/ros2_ws_2/build/motor_control/prefix_override:/usr/lib/python3/dist-packages/colcon_core/task/python/colcon_distutils_commands:/home/idmx/ros2_ws_2/install/motor_control/lib/python3.10/site-packages:${PYTHONPATH} /usr/bin/python3 -W ignore:setup.py install is deprecated -W ignore:easy_install command is deprecated setup.py develop --uninstall --editable --build-directory /home/idmx/ros2_ws_2/build/motor_control/build
[0.864s] running develop
[0.985s] Removing /home/idmx/ros2_ws_2/install/motor_control/lib/python3.10/site-packages/motor-control.egg-link (link to .)
[1.011s] Invoked command in '/home/idmx/ros2_ws_2/build/motor_control' returned '0': PYTHONPATH=/home/idmx/ros2_ws_2/build/motor_control/prefix_override:/usr/lib/python3/dist-packages/colcon_core/task/python/colcon_distutils_commands:/home/idmx/ros2_ws_2/install/motor_control/lib/python3.10/site-packages:${PYTHONPATH} /usr/bin/python3 -W ignore:setup.py install is deprecated -W ignore:easy_install command is deprecated setup.py develop --uninstall --editable --build-directory /home/idmx/ros2_ws_2/build/motor_control/build
[1.013s] Invoking command in '/home/idmx/ros2_ws_2/src/motor_control': PYTHONPATH=/home/idmx/ros2_ws_2/build/motor_control/prefix_override:/usr/lib/python3/dist-packages/colcon_core/task/python/colcon_distutils_commands:/home/idmx/ros2_ws_2/install/motor_control/lib/python3.10/site-packages:${PYTHONPATH} /usr/bin/python3 -W ignore:setup.py install is deprecated -W ignore:easy_install command is deprecated setup.py egg_info --egg-base ../../build/motor_control build --build-base /home/idmx/ros2_ws_2/build/motor_control/build install --record /home/idmx/ros2_ws_2/build/motor_control/install.log --single-version-externally-managed install_data --force
[1.196s] running egg_info
[1.196s] writing ../../build/motor_control/motor_control.egg-info/PKG-INFO
[1.197s] writing dependency_links to ../../build/motor_control/motor_control.egg-info/dependency_links.txt
[1.197s] writing entry points to ../../build/motor_control/motor_control.egg-info/entry_points.txt
[1.197s] writing requirements to ../../build/motor_control/motor_control.egg-info/requires.txt
[1.197s] writing top-level names to ../../build/motor_control/motor_control.egg-info/top_level.txt
[1.198s] reading manifest file '../../build/motor_control/motor_control.egg-info/SOURCES.txt'
[1.198s] adding license file 'LICENSE'
[1.199s] writing manifest file '../../build/motor_control/motor_control.egg-info/SOURCES.txt'
[1.199s] running build
[1.199s] running build_py
[1.199s] copying motor_control/controller.py -> /home/idmx/ros2_ws_2/build/motor_control/build/lib/motor_control
[1.199s] copying motor_control/dc_motor.py -> /home/idmx/ros2_ws_2/build/motor_control/build/lib/motor_control
[1.200s] running install
[1.200s] running install_lib
[1.201s] creating /home/idmx/ros2_ws_2/install/motor_control/lib/python3.10/site-packages/motor_control
[1.201s] copying /home/idmx/ros2_ws_2/build/motor_control/build/lib/motor_control/set_point.py -> /home/idmx/ros2_ws_2/install/motor_control/lib/python3.10/site-packages/motor_control
[1.201s] copying /home/idmx/ros2_ws_2/build/motor_control/build/lib/motor_control/controller.py -> /home/idmx/ros2_ws_2/install/motor_control/lib/python3.10/site-packages/motor_control
[1.201s] copying /home/idmx/ros2_ws_2/build/motor_control/build/lib/motor_control/__init__.py -> /home/idmx/ros2_ws_2/install/motor_control/lib/python3.10/site-packages/motor_control
[1.201s] copying /home/idmx/ros2_ws_2/build/motor_control/build/lib/motor_control/dc_motor.py -> /home/idmx/ros2_ws_2/install/motor_control/lib/python3.10/site-packages/motor_control
[1.201s] byte-compiling /home/idmx/ros2_ws_2/install/motor_control/lib/python3.10/site-packages/motor_control/set_point.py to set_point.cpython-310.pyc
[1.202s] byte-compiling /home/idmx/ros2_ws_2/install/motor_control/lib/python3.10/site-packages/motor_control/controller.py to controller.cpython-310.pyc
[1.203s] byte-compiling /home/idmx/ros2_ws_2/install/motor_control/lib/python3.10/site-packages/motor_control/__init__.py to __init__.cpython-310.pyc
[1.203s] byte-compiling /home/idmx/ros2_ws_2/install/motor_control/lib/python3.10/site-packages/motor_control/dc_motor.py to dc_motor.cpython-310.pyc
[1.204s] running install_data
[1.204s] copying resource/motor_control -> /home/idmx/ros2_ws_2/install/motor_control/share/ament_index/resource_index/packages
[1.204s] copying package.xml -> /home/idmx/ros2_ws_2/install/motor_control/share/motor_control
[1.204s] copying launch/motor_launch.py -> /home/idmx/ros2_ws_2/install/motor_control/share/motor_control/launch
[1.204s] copying launch/motor_3_launch.py -> /home/idmx/ros2_ws_2/install/motor_control/share/motor_control/launch
[1.204s] copying launch/motor_2_launch.py -> /home/idmx/ros2_ws_2/install/motor_control/share/motor_control/launch
[1.204s] copying config/params.yaml -> /home/idmx/ros2_ws_2/install/motor_control/share/motor_control/config
[1.204s] running install_egg_info
[1.207s] Copying ../../build/motor_control/motor_control.egg-info to /home/idmx/ros2_ws_2/install/motor_control/lib/python3.10/site-packages/motor_control-0.0.0-py3.10.egg-info
[1.208s] running install_scripts
[1.225s] Installing ctrl script to /home/idmx/ros2_ws_2/install/motor_control/lib/motor_control
[1.225s] Installing dc_motor script to /home/idmx/ros2_ws_2/install/motor_control/lib/motor_control
[1.225s] Installing set_point script to /home/idmx/ros2_ws_2/install/motor_control/lib/motor_control
[1.226s] writing list of installed files to '/home/idmx/ros2_ws_2/build/motor_control/install.log'
[1.246s] Invoked command in '/home/idmx/ros2_ws_2/src/motor_control' returned '0': PYTHONPATH=/home/idmx/ros2_ws_2/build/motor_control/prefix_override:/usr/lib/python3/dist-packages/colcon_core/task/python/colcon_distutils_commands:/home/idmx/ros2_ws_2/install/motor_control/lib/python3.10/site-packages:${PYTHONPATH} /usr/bin/python3 -W ignore:setup.py install is deprecated -W ignore:easy_install command is deprecated setup.py egg_info --egg-base ../../build/motor_control build --build-base /home/idmx/ros2_ws_2/build/motor_control/build install --record /home/idmx/ros2_ws_2/build/motor_control/install.log --single-version-externally-managed install_data --force
