[0.354s] Invoking command in '/home/roli_005/Downloads/ros2_ws_2/build/custom_interfaces': CMAKE_PREFIX_PATH=${CMAKE_PREFIX_PATH}:/home/roli_005/TE3001B_ws/install/signal_processing:/home/roli_005/TE3001B_ws/install/motor_control_act:/home/roli_005/TE3001B_ws/install/motor_control:/home/roli_005/TE3001B_ws/install/inverted_pendulum:/home/roli_005/TE3001B_ws/install/final_challenge:/home/roli_005/TE3001B_ws/install/basic_comms:/home/roli_005/TE3001B_ws/install/arm_2_DOF:/home/roli_005/vanttec_usv/install/sensor_msgs_py:/home/roli_005/home2_ws/install/uf_ros_lib:/opt/ros/humble /usr/bin/cmake /home/roli_005/Downloads/ros2_ws_2/src/custom_interfaces -DCMAKE_INSTALL_PREFIX=/home/roli_005/Downloads/ros2_ws_2/install/custom_interfaces
[0.461s] -- The C compiler identification is GNU 11.4.0
[0.556s] -- The CXX compiler identification is GNU 11.4.0
[0.567s] -- Detecting C compiler ABI info
[0.643s] -- Detecting C compiler ABI info - done
[0.650s] -- Check for working C compiler: /usr/bin/cc - skipped
[0.650s] -- Detecting C compile features
[0.651s] -- Detecting C compile features - done
[0.654s] -- Detecting CXX compiler ABI info
[0.741s] -- Detecting CXX compiler ABI info - done
[0.748s] -- Check for working CXX compiler: /usr/bin/c++ - skipped
[0.748s] -- Detecting CXX compile features
[0.749s] -- Detecting CXX compile features - done
[0.765s] -- Found ament_cmake: 1.3.11 (/opt/ros/humble/share/ament_cmake/cmake)
[1.044s] -- Found Python3: /usr/bin/python3 (found version "3.10.12") found components: Interpreter 
[1.275s] -- Found std_msgs: 4.2.4 (/home/roli_005/vanttec_usv/install/std_msgs/share/std_msgs/cmake)
[1.379s] -- Found rosidl_generator_c: 3.1.6 (/opt/ros/humble/share/rosidl_generator_c/cmake)
[1.397s] -- Found rosidl_adapter: 3.1.6 (/opt/ros/humble/share/rosidl_adapter/cmake)
[1.422s] -- Found rosidl_generator_cpp: 3.1.6 (/opt/ros/humble/share/rosidl_generator_cpp/cmake)
[1.454s] -- Using all available rosidl_typesupport_c: rosidl_typesupport_fastrtps_c;rosidl_typesupport_introspection_c
[1.496s] -- Using all available rosidl_typesupport_cpp: rosidl_typesupport_fastrtps_cpp;rosidl_typesupport_introspection_cpp
[1.549s] -- Found geometry_msgs: 4.2.4 (/home/roli_005/vanttec_usv/install/geometry_msgs/share/geometry_msgs/cmake)
[1.577s] -- Found rosidl_default_generators: 1.2.0 (/opt/ros/humble/share/rosidl_default_generators/cmake)
[1.996s] -- Found ament_cmake_ros: 0.10.0 (/opt/ros/humble/share/ament_cmake_ros/cmake)
[2.530s] -- Using all available rosidl_typesupport_c: rosidl_typesupport_fastrtps_c;rosidl_typesupport_introspection_c
[2.734s] -- Using all available rosidl_typesupport_cpp: rosidl_typesupport_fastrtps_cpp;rosidl_typesupport_introspection_cpp
[2.771s] -- Found PythonInterp: /usr/bin/python3 (found suitable version "3.10.12", minimum required is "3.6") 
[2.779s] -- Found python_cmake_module: 0.10.0 (/opt/ros/humble/share/python_cmake_module/cmake)
[2.829s] -- Found PythonLibs: /usr/lib/x86_64-linux-gnu/libpython3.10.so (found suitable version "3.10.12", minimum required is "3.5") 
[2.829s] -- Using PYTHON_EXECUTABLE: /usr/bin/python3
[2.829s] -- Using PYTHON_INCLUDE_DIRS: /usr/include/python3.10
[2.830s] -- Using PYTHON_LIBRARIES: /usr/lib/x86_64-linux-gnu/libpython3.10.so
[2.864s] -- Found PythonExtra: .so  
[3.000s] -- Found ament_lint_auto: 0.12.11 (/opt/ros/humble/share/ament_lint_auto/cmake)
[3.071s] -- Added test 'lint_cmake' to check CMake code style
[3.073s] -- Added test 'xmllint' to check XML markup files
[3.078s] -- Configuring done
[3.105s] -- Generating done
[3.115s] -- Build files have been written to: /home/roli_005/Downloads/ros2_ws_2/build/custom_interfaces
[3.122s] Invoked command in '/home/roli_005/Downloads/ros2_ws_2/build/custom_interfaces' returned '0': CMAKE_PREFIX_PATH=${CMAKE_PREFIX_PATH}:/home/roli_005/TE3001B_ws/install/signal_processing:/home/roli_005/TE3001B_ws/install/motor_control_act:/home/roli_005/TE3001B_ws/install/motor_control:/home/roli_005/TE3001B_ws/install/inverted_pendulum:/home/roli_005/TE3001B_ws/install/final_challenge:/home/roli_005/TE3001B_ws/install/basic_comms:/home/roli_005/TE3001B_ws/install/arm_2_DOF:/home/roli_005/vanttec_usv/install/sensor_msgs_py:/home/roli_005/home2_ws/install/uf_ros_lib:/opt/ros/humble /usr/bin/cmake /home/roli_005/Downloads/ros2_ws_2/src/custom_interfaces -DCMAKE_INSTALL_PREFIX=/home/roli_005/Downloads/ros2_ws_2/install/custom_interfaces
[3.123s] Invoking command in '/home/roli_005/Downloads/ros2_ws_2/build/custom_interfaces': CMAKE_PREFIX_PATH=${CMAKE_PREFIX_PATH}:/home/roli_005/TE3001B_ws/install/signal_processing:/home/roli_005/TE3001B_ws/install/motor_control_act:/home/roli_005/TE3001B_ws/install/motor_control:/home/roli_005/TE3001B_ws/install/inverted_pendulum:/home/roli_005/TE3001B_ws/install/final_challenge:/home/roli_005/TE3001B_ws/install/basic_comms:/home/roli_005/TE3001B_ws/install/arm_2_DOF:/home/roli_005/vanttec_usv/install/sensor_msgs_py:/home/roli_005/home2_ws/install/uf_ros_lib:/opt/ros/humble /usr/bin/cmake --build /home/roli_005/Downloads/ros2_ws_2/build/custom_interfaces -- -j12 -l12
[3.170s] [  3%] [34m[1mGenerating C code for ROS interfaces[0m
[3.183s] [  6%] [34m[1mGenerating C++ code for ROS interfaces[0m
[3.193s] [  6%] Built target ament_cmake_python_copy_custom_interfaces
[3.515s] running egg_info
[3.515s] creating custom_interfaces.egg-info
[3.515s] writing custom_interfaces.egg-info/PKG-INFO
[3.516s] writing dependency_links to custom_interfaces.egg-info/dependency_links.txt
[3.516s] writing top-level names to custom_interfaces.egg-info/top_level.txt
[3.516s] writing manifest file 'custom_interfaces.egg-info/SOURCES.txt'
[3.519s] reading manifest file 'custom_interfaces.egg-info/SOURCES.txt'
[3.519s] writing manifest file 'custom_interfaces.egg-info/SOURCES.txt'
[3.521s] [  6%] Built target custom_interfaces__cpp
[3.524s] [  9%] [32mBuilding C object CMakeFiles/custom_interfaces__rosidl_generator_c.dir/rosidl_generator_c/custom_interfaces/srv/detail/set_process_bool__functions.c.o[0m
[3.535s] [ 19%] [34m[1mGenerating C++ type support for eProsima Fast-RTPS[0m
[3.535s] [ 19%] [34m[1mGenerating C++ type support dispatch for ROS interfaces[0m
[3.535s] [ 19%] [34m[1mGenerating C++ introspection for ROS interfaces[0m
[3.549s] [ 19%] Built target ament_cmake_python_build_custom_interfaces_egg
[3.621s] [ 22%] [32m[1mLinking C shared library libcustom_interfaces__rosidl_generator_c.so[0m
[3.661s] [ 22%] Built target custom_interfaces__rosidl_generator_c
[3.674s] [ 32%] [34m[1mGenerating C type support dispatch for ROS interfaces[0m
[3.674s] [ 32%] [34m[1mGenerating C type support for eProsima Fast-RTPS[0m
[3.674s] [ 32%] [34m[1mGenerating C introspection for ROS interfaces[0m
[3.872s] [ 35%] [32mBuilding CXX object CMakeFiles/custom_interfaces__rosidl_typesupport_introspection_cpp.dir/rosidl_typesupport_introspection_cpp/custom_interfaces/srv/detail/set_process_bool__type_support.cpp.o[0m
[3.874s] [ 38%] [32mBuilding CXX object CMakeFiles/custom_interfaces__rosidl_typesupport_cpp.dir/rosidl_typesupport_cpp/custom_interfaces/srv/set_process_bool__type_support.cpp.o[0m
[3.889s] [ 41%] [32mBuilding CXX object CMakeFiles/custom_interfaces__rosidl_typesupport_fastrtps_cpp.dir/rosidl_typesupport_fastrtps_cpp/custom_interfaces/srv/detail/dds_fastrtps/set_process_bool__type_support.cpp.o[0m
[4.013s] [ 45%] [32mBuilding CXX object CMakeFiles/custom_interfaces__rosidl_typesupport_c.dir/rosidl_typesupport_c/custom_interfaces/srv/set_process_bool__type_support.cpp.o[0m
[4.022s] [ 48%] [32mBuilding C object CMakeFiles/custom_interfaces__rosidl_typesupport_introspection_c.dir/rosidl_typesupport_introspection_c/custom_interfaces/srv/detail/set_process_bool__type_support.c.o[0m
[4.039s] [ 51%] [32mBuilding CXX object CMakeFiles/custom_interfaces__rosidl_typesupport_fastrtps_c.dir/rosidl_typesupport_fastrtps_c/custom_interfaces/srv/detail/set_process_bool__type_support_c.cpp.o[0m
[4.050s] [ 54%] [32m[1mLinking CXX shared library libcustom_interfaces__rosidl_typesupport_c.so[0m
[4.063s] [ 58%] [32m[1mLinking C shared library libcustom_interfaces__rosidl_typesupport_introspection_c.so[0m
[4.095s] [ 58%] Built target custom_interfaces__rosidl_typesupport_c
[4.098s] [ 58%] Built target custom_interfaces__rosidl_typesupport_introspection_c
[4.166s] [ 61%] [32m[1mLinking CXX shared library libcustom_interfaces__rosidl_typesupport_cpp.so[0m
[4.211s] [ 61%] Built target custom_interfaces__rosidl_typesupport_cpp
[4.270s] [ 64%] [32m[1mLinking CXX shared library libcustom_interfaces__rosidl_typesupport_introspection_cpp.so[0m
[4.310s] [ 67%] [32m[1mLinking CXX shared library libcustom_interfaces__rosidl_typesupport_fastrtps_cpp.so[0m
[4.333s] [ 67%] Built target custom_interfaces__rosidl_typesupport_introspection_cpp
[4.367s] [ 70%] [32m[1mLinking CXX shared library libcustom_interfaces__rosidl_typesupport_fastrtps_c.so[0m
[4.381s] [ 70%] Built target custom_interfaces__rosidl_typesupport_fastrtps_cpp
[4.435s] [ 70%] Built target custom_interfaces__rosidl_typesupport_fastrtps_c
[4.461s] [ 70%] Built target custom_interfaces
[4.485s] [ 74%] [34m[1mGenerating Python code for ROS interfaces[0m
[4.934s] [ 74%] Built target custom_interfaces__py
[4.959s] [ 77%] [32mBuilding C object CMakeFiles/custom_interfaces__rosidl_generator_py.dir/rosidl_generator_py/custom_interfaces/srv/_set_process_bool_s.c.o[0m
[5.080s] [ 80%] [32m[1mLinking C shared library rosidl_generator_py/custom_interfaces/libcustom_interfaces__rosidl_generator_py.so[0m
[5.122s] [ 80%] Built target custom_interfaces__rosidl_generator_py
[5.148s] [ 90%] [32mBuilding C object CMakeFiles/custom_interfaces__rosidl_typesupport_fastrtps_c__pyext.dir/rosidl_generator_py/custom_interfaces/_custom_interfaces_s.ep.rosidl_typesupport_fastrtps_c.c.o[0m
[5.148s] [ 90%] [32mBuilding C object CMakeFiles/custom_interfaces__rosidl_typesupport_introspection_c__pyext.dir/rosidl_generator_py/custom_interfaces/_custom_interfaces_s.ep.rosidl_typesupport_introspection_c.c.o[0m
[5.148s] [ 90%] [32mBuilding C object CMakeFiles/custom_interfaces__rosidl_typesupport_c__pyext.dir/rosidl_generator_py/custom_interfaces/_custom_interfaces_s.ep.rosidl_typesupport_c.c.o[0m
[5.241s] [ 93%] [32m[1mLinking C shared library rosidl_generator_py/custom_interfaces/custom_interfaces_s__rosidl_typesupport_c.cpython-310-x86_64-linux-gnu.so[0m
[5.241s] [ 96%] [32m[1mLinking C shared library rosidl_generator_py/custom_interfaces/custom_interfaces_s__rosidl_typesupport_introspection_c.cpython-310-x86_64-linux-gnu.so[0m
[5.242s] [100%] [32m[1mLinking C shared library rosidl_generator_py/custom_interfaces/custom_interfaces_s__rosidl_typesupport_fastrtps_c.cpython-310-x86_64-linux-gnu.so[0m
[5.284s] [100%] Built target custom_interfaces__rosidl_typesupport_fastrtps_c__pyext
[5.284s] [100%] Built target custom_interfaces__rosidl_typesupport_c__pyext
[5.284s] [100%] Built target custom_interfaces__rosidl_typesupport_introspection_c__pyext
[5.296s] Invoked command in '/home/roli_005/Downloads/ros2_ws_2/build/custom_interfaces' returned '0': CMAKE_PREFIX_PATH=${CMAKE_PREFIX_PATH}:/home/roli_005/TE3001B_ws/install/signal_processing:/home/roli_005/TE3001B_ws/install/motor_control_act:/home/roli_005/TE3001B_ws/install/motor_control:/home/roli_005/TE3001B_ws/install/inverted_pendulum:/home/roli_005/TE3001B_ws/install/final_challenge:/home/roli_005/TE3001B_ws/install/basic_comms:/home/roli_005/TE3001B_ws/install/arm_2_DOF:/home/roli_005/vanttec_usv/install/sensor_msgs_py:/home/roli_005/home2_ws/install/uf_ros_lib:/opt/ros/humble /usr/bin/cmake --build /home/roli_005/Downloads/ros2_ws_2/build/custom_interfaces -- -j12 -l12
[5.307s] Invoking command in '/home/roli_005/Downloads/ros2_ws_2/build/custom_interfaces': CMAKE_PREFIX_PATH=${CMAKE_PREFIX_PATH}:/home/roli_005/TE3001B_ws/install/signal_processing:/home/roli_005/TE3001B_ws/install/motor_control_act:/home/roli_005/TE3001B_ws/install/motor_control:/home/roli_005/TE3001B_ws/install/inverted_pendulum:/home/roli_005/TE3001B_ws/install/final_challenge:/home/roli_005/TE3001B_ws/install/basic_comms:/home/roli_005/TE3001B_ws/install/arm_2_DOF:/home/roli_005/vanttec_usv/install/sensor_msgs_py:/home/roli_005/home2_ws/install/uf_ros_lib:/opt/ros/humble /usr/bin/cmake --install /home/roli_005/Downloads/ros2_ws_2/build/custom_interfaces
[5.316s] -- Install configuration: ""
[5.316s] -- Installing: /home/roli_005/Downloads/ros2_ws_2/install/custom_interfaces/share/ament_index/resource_index/rosidl_interfaces/custom_interfaces
[5.317s] -- Up-to-date: /home/roli_005/Downloads/ros2_ws_2/install/custom_interfaces/include/custom_interfaces/custom_interfaces
[5.317s] -- Up-to-date: /home/roli_005/Downloads/ros2_ws_2/install/custom_interfaces/include/custom_interfaces/custom_interfaces/srv
[5.317s] -- Up-to-date: /home/roli_005/Downloads/ros2_ws_2/install/custom_interfaces/include/custom_interfaces/custom_interfaces/srv/detail
[5.317s] -- Installing: /home/roli_005/Downloads/ros2_ws_2/install/custom_interfaces/include/custom_interfaces/custom_interfaces/srv/detail/set_process_bool__struct.h
[5.317s] -- Installing: /home/roli_005/Downloads/ros2_ws_2/install/custom_interfaces/include/custom_interfaces/custom_interfaces/srv/detail/set_process_bool__functions.h
[5.317s] -- Installing: /home/roli_005/Downloads/ros2_ws_2/install/custom_interfaces/include/custom_interfaces/custom_interfaces/srv/detail/set_process_bool__type_support.h
[5.317s] -- Installing: /home/roli_005/Downloads/ros2_ws_2/install/custom_interfaces/include/custom_interfaces/custom_interfaces/srv/detail/set_process_bool__functions.c
[5.317s] -- Installing: /home/roli_005/Downloads/ros2_ws_2/install/custom_interfaces/include/custom_interfaces/custom_interfaces/srv/set_process_bool.h
[5.317s] -- Up-to-date: /home/roli_005/Downloads/ros2_ws_2/install/custom_interfaces/include/custom_interfaces/custom_interfaces/msg
[5.318s] -- Installing: /home/roli_005/Downloads/ros2_ws_2/install/custom_interfaces/include/custom_interfaces/custom_interfaces/msg/rosidl_generator_c__visibility_control.h
[5.318s] -- Up-to-date: /home/roli_005/Downloads/ros2_ws_2/install/custom_interfaces/share/custom_interfaces/environment/library_path.sh
[5.318s] -- Installing: /home/roli_005/Downloads/ros2_ws_2/install/custom_interfaces/share/custom_interfaces/environment/library_path.dsv
[5.318s] -- Installing: /home/roli_005/Downloads/ros2_ws_2/install/custom_interfaces/lib/libcustom_interfaces__rosidl_generator_c.so
[5.318s] -- Set runtime path of "/home/roli_005/Downloads/ros2_ws_2/install/custom_interfaces/lib/libcustom_interfaces__rosidl_generator_c.so" to ""
[5.318s] -- Up-to-date: /home/roli_005/Downloads/ros2_ws_2/install/custom_interfaces/include/custom_interfaces/custom_interfaces
[5.318s] -- Up-to-date: /home/roli_005/Downloads/ros2_ws_2/install/custom_interfaces/include/custom_interfaces/custom_interfaces/srv
[5.318s] -- Up-to-date: /home/roli_005/Downloads/ros2_ws_2/install/custom_interfaces/include/custom_interfaces/custom_interfaces/srv/detail
[5.318s] -- Installing: /home/roli_005/Downloads/ros2_ws_2/install/custom_interfaces/include/custom_interfaces/custom_interfaces/srv/detail/set_process_bool__rosidl_typesupport_fastrtps_c.h
[5.318s] -- Up-to-date: /home/roli_005/Downloads/ros2_ws_2/install/custom_interfaces/include/custom_interfaces/custom_interfaces/msg
[5.319s] -- Installing: /home/roli_005/Downloads/ros2_ws_2/install/custom_interfaces/include/custom_interfaces/custom_interfaces/msg/rosidl_typesupport_fastrtps_c__visibility_control.h
[5.319s] -- Installing: /home/roli_005/Downloads/ros2_ws_2/install/custom_interfaces/lib/libcustom_interfaces__rosidl_typesupport_fastrtps_c.so
[5.319s] -- Set runtime path of "/home/roli_005/Downloads/ros2_ws_2/install/custom_interfaces/lib/libcustom_interfaces__rosidl_typesupport_fastrtps_c.so" to ""
[5.319s] -- Up-to-date: /home/roli_005/Downloads/ros2_ws_2/install/custom_interfaces/include/custom_interfaces/custom_interfaces
[5.319s] -- Up-to-date: /home/roli_005/Downloads/ros2_ws_2/install/custom_interfaces/include/custom_interfaces/custom_interfaces/srv
[5.319s] -- Up-to-date: /home/roli_005/Downloads/ros2_ws_2/install/custom_interfaces/include/custom_interfaces/custom_interfaces/srv/detail
[5.319s] -- Installing: /home/roli_005/Downloads/ros2_ws_2/install/custom_interfaces/include/custom_interfaces/custom_interfaces/srv/detail/set_process_bool__struct.hpp
[5.319s] -- Installing: /home/roli_005/Downloads/ros2_ws_2/install/custom_interfaces/include/custom_interfaces/custom_interfaces/srv/detail/set_process_bool__builder.hpp
[5.319s] -- Installing: /home/roli_005/Downloads/ros2_ws_2/install/custom_interfaces/include/custom_interfaces/custom_interfaces/srv/detail/set_process_bool__type_support.hpp
[5.319s] -- Installing: /home/roli_005/Downloads/ros2_ws_2/install/custom_interfaces/include/custom_interfaces/custom_interfaces/srv/detail/set_process_bool__traits.hpp
[5.320s] -- Installing: /home/roli_005/Downloads/ros2_ws_2/install/custom_interfaces/include/custom_interfaces/custom_interfaces/srv/set_process_bool.hpp
[5.320s] -- Up-to-date: /home/roli_005/Downloads/ros2_ws_2/install/custom_interfaces/include/custom_interfaces/custom_interfaces/msg
[5.320s] -- Installing: /home/roli_005/Downloads/ros2_ws_2/install/custom_interfaces/include/custom_interfaces/custom_interfaces/msg/rosidl_generator_cpp__visibility_control.hpp
[5.320s] -- Up-to-date: /home/roli_005/Downloads/ros2_ws_2/install/custom_interfaces/include/custom_interfaces/custom_interfaces
[5.320s] -- Up-to-date: /home/roli_005/Downloads/ros2_ws_2/install/custom_interfaces/include/custom_interfaces/custom_interfaces/srv
[5.320s] -- Up-to-date: /home/roli_005/Downloads/ros2_ws_2/install/custom_interfaces/include/custom_interfaces/custom_interfaces/srv/detail
[5.320s] -- Installing: /home/roli_005/Downloads/ros2_ws_2/install/custom_interfaces/include/custom_interfaces/custom_interfaces/srv/detail/dds_fastrtps
[5.320s] -- Installing: /home/roli_005/Downloads/ros2_ws_2/install/custom_interfaces/include/custom_interfaces/custom_interfaces/srv/detail/set_process_bool__rosidl_typesupport_fastrtps_cpp.hpp
[5.320s] -- Up-to-date: /home/roli_005/Downloads/ros2_ws_2/install/custom_interfaces/include/custom_interfaces/custom_interfaces/msg
[5.320s] -- Installing: /home/roli_005/Downloads/ros2_ws_2/install/custom_interfaces/include/custom_interfaces/custom_interfaces/msg/rosidl_typesupport_fastrtps_cpp__visibility_control.h
[5.320s] -- Installing: /home/roli_005/Downloads/ros2_ws_2/install/custom_interfaces/lib/libcustom_interfaces__rosidl_typesupport_fastrtps_cpp.so
[5.321s] -- Set runtime path of "/home/roli_005/Downloads/ros2_ws_2/install/custom_interfaces/lib/libcustom_interfaces__rosidl_typesupport_fastrtps_cpp.so" to ""
[5.321s] -- Up-to-date: /home/roli_005/Downloads/ros2_ws_2/install/custom_interfaces/include/custom_interfaces/custom_interfaces
[5.321s] -- Up-to-date: /home/roli_005/Downloads/ros2_ws_2/install/custom_interfaces/include/custom_interfaces/custom_interfaces/srv
[5.321s] -- Up-to-date: /home/roli_005/Downloads/ros2_ws_2/install/custom_interfaces/include/custom_interfaces/custom_interfaces/srv/detail
[5.321s] -- Installing: /home/roli_005/Downloads/ros2_ws_2/install/custom_interfaces/include/custom_interfaces/custom_interfaces/srv/detail/set_process_bool__type_support.c
[5.321s] -- Installing: /home/roli_005/Downloads/ros2_ws_2/install/custom_interfaces/include/custom_interfaces/custom_interfaces/srv/detail/set_process_bool__rosidl_typesupport_introspection_c.h
[5.321s] -- Up-to-date: /home/roli_005/Downloads/ros2_ws_2/install/custom_interfaces/include/custom_interfaces/custom_interfaces/msg
[5.321s] -- Installing: /home/roli_005/Downloads/ros2_ws_2/install/custom_interfaces/include/custom_interfaces/custom_interfaces/msg/rosidl_typesupport_introspection_c__visibility_control.h
[5.321s] -- Installing: /home/roli_005/Downloads/ros2_ws_2/install/custom_interfaces/lib/libcustom_interfaces__rosidl_typesupport_introspection_c.so
[5.322s] -- Set runtime path of "/home/roli_005/Downloads/ros2_ws_2/install/custom_interfaces/lib/libcustom_interfaces__rosidl_typesupport_introspection_c.so" to ""
[5.322s] -- Installing: /home/roli_005/Downloads/ros2_ws_2/install/custom_interfaces/lib/libcustom_interfaces__rosidl_typesupport_c.so
[5.322s] -- Set runtime path of "/home/roli_005/Downloads/ros2_ws_2/install/custom_interfaces/lib/libcustom_interfaces__rosidl_typesupport_c.so" to ""
[5.322s] -- Up-to-date: /home/roli_005/Downloads/ros2_ws_2/install/custom_interfaces/include/custom_interfaces/custom_interfaces
[5.322s] -- Up-to-date: /home/roli_005/Downloads/ros2_ws_2/install/custom_interfaces/include/custom_interfaces/custom_interfaces/srv
[5.322s] -- Up-to-date: /home/roli_005/Downloads/ros2_ws_2/install/custom_interfaces/include/custom_interfaces/custom_interfaces/srv/detail
[5.322s] -- Installing: /home/roli_005/Downloads/ros2_ws_2/install/custom_interfaces/include/custom_interfaces/custom_interfaces/srv/detail/set_process_bool__rosidl_typesupport_introspection_cpp.hpp
[5.322s] -- Installing: /home/roli_005/Downloads/ros2_ws_2/install/custom_interfaces/include/custom_interfaces/custom_interfaces/srv/detail/set_process_bool__type_support.cpp
[5.322s] -- Installing: /home/roli_005/Downloads/ros2_ws_2/install/custom_interfaces/lib/libcustom_interfaces__rosidl_typesupport_introspection_cpp.so
[5.323s] -- Set runtime path of "/home/roli_005/Downloads/ros2_ws_2/install/custom_interfaces/lib/libcustom_interfaces__rosidl_typesupport_introspection_cpp.so" to ""
[5.323s] -- Installing: /home/roli_005/Downloads/ros2_ws_2/install/custom_interfaces/lib/libcustom_interfaces__rosidl_typesupport_cpp.so
[5.323s] -- Set runtime path of "/home/roli_005/Downloads/ros2_ws_2/install/custom_interfaces/lib/libcustom_interfaces__rosidl_typesupport_cpp.so" to ""
[5.323s] -- Installing: /home/roli_005/Downloads/ros2_ws_2/install/custom_interfaces/share/custom_interfaces/environment/pythonpath.sh
[5.323s] -- Installing: /home/roli_005/Downloads/ros2_ws_2/install/custom_interfaces/share/custom_interfaces/environment/pythonpath.dsv
[5.323s] -- Up-to-date: /home/roli_005/Downloads/ros2_ws_2/install/custom_interfaces/local/lib/python3.10/dist-packages/custom_interfaces-0.0.0-py3.10.egg-info
[5.324s] -- Installing: /home/roli_005/Downloads/ros2_ws_2/install/custom_interfaces/local/lib/python3.10/dist-packages/custom_interfaces-0.0.0-py3.10.egg-info/dependency_links.txt
[5.324s] -- Installing: /home/roli_005/Downloads/ros2_ws_2/install/custom_interfaces/local/lib/python3.10/dist-packages/custom_interfaces-0.0.0-py3.10.egg-info/top_level.txt
[5.324s] -- Installing: /home/roli_005/Downloads/ros2_ws_2/install/custom_interfaces/local/lib/python3.10/dist-packages/custom_interfaces-0.0.0-py3.10.egg-info/SOURCES.txt
[5.324s] -- Installing: /home/roli_005/Downloads/ros2_ws_2/install/custom_interfaces/local/lib/python3.10/dist-packages/custom_interfaces-0.0.0-py3.10.egg-info/PKG-INFO
[5.324s] -- Up-to-date: /home/roli_005/Downloads/ros2_ws_2/install/custom_interfaces/local/lib/python3.10/dist-packages/custom_interfaces
[5.324s] -- Installing: /home/roli_005/Downloads/ros2_ws_2/install/custom_interfaces/local/lib/python3.10/dist-packages/custom_interfaces/_custom_interfaces_s.ep.rosidl_typesupport_introspection_c.c
[5.324s] -- Installing: /home/roli_005/Downloads/ros2_ws_2/install/custom_interfaces/local/lib/python3.10/dist-packages/custom_interfaces/_custom_interfaces_s.ep.rosidl_typesupport_fastrtps_c.c
[5.324s] -- Installing: /home/roli_005/Downloads/ros2_ws_2/install/custom_interfaces/local/lib/python3.10/dist-packages/custom_interfaces/_custom_interfaces_s.ep.rosidl_typesupport_c.c
[5.324s] -- Installing: /home/roli_005/Downloads/ros2_ws_2/install/custom_interfaces/local/lib/python3.10/dist-packages/custom_interfaces/custom_interfaces_s__rosidl_typesupport_c.cpython-310-x86_64-linux-gnu.so
[5.325s] -- Installing: /home/roli_005/Downloads/ros2_ws_2/install/custom_interfaces/local/lib/python3.10/dist-packages/custom_interfaces/__init__.py
[5.325s] -- Up-to-date: /home/roli_005/Downloads/ros2_ws_2/install/custom_interfaces/local/lib/python3.10/dist-packages/custom_interfaces/srv
[5.325s] -- Installing: /home/roli_005/Downloads/ros2_ws_2/install/custom_interfaces/local/lib/python3.10/dist-packages/custom_interfaces/srv/__init__.py
[5.325s] -- Installing: /home/roli_005/Downloads/ros2_ws_2/install/custom_interfaces/local/lib/python3.10/dist-packages/custom_interfaces/srv/_set_process_bool.py
[5.325s] -- Installing: /home/roli_005/Downloads/ros2_ws_2/install/custom_interfaces/local/lib/python3.10/dist-packages/custom_interfaces/srv/_set_process_bool_s.c
[5.325s] -- Installing: /home/roli_005/Downloads/ros2_ws_2/install/custom_interfaces/local/lib/python3.10/dist-packages/custom_interfaces/custom_interfaces_s__rosidl_typesupport_fastrtps_c.cpython-310-x86_64-linux-gnu.so
[5.325s] -- Installing: /home/roli_005/Downloads/ros2_ws_2/install/custom_interfaces/local/lib/python3.10/dist-packages/custom_interfaces/libcustom_interfaces__rosidl_generator_py.so
[5.325s] -- Installing: /home/roli_005/Downloads/ros2_ws_2/install/custom_interfaces/local/lib/python3.10/dist-packages/custom_interfaces/custom_interfaces_s__rosidl_typesupport_introspection_c.cpython-310-x86_64-linux-gnu.so
[5.388s] Listing '/home/roli_005/Downloads/ros2_ws_2/install/custom_interfaces/local/lib/python3.10/dist-packages/custom_interfaces'...
[5.388s] Compiling '/home/roli_005/Downloads/ros2_ws_2/install/custom_interfaces/local/lib/python3.10/dist-packages/custom_interfaces/__init__.py'...
[5.388s] Listing '/home/roli_005/Downloads/ros2_ws_2/install/custom_interfaces/local/lib/python3.10/dist-packages/custom_interfaces/srv'...
[5.388s] Compiling '/home/roli_005/Downloads/ros2_ws_2/install/custom_interfaces/local/lib/python3.10/dist-packages/custom_interfaces/srv/__init__.py'...
[5.388s] Compiling '/home/roli_005/Downloads/ros2_ws_2/install/custom_interfaces/local/lib/python3.10/dist-packages/custom_interfaces/srv/_set_process_bool.py'...
[5.392s] -- Installing: /home/roli_005/Downloads/ros2_ws_2/install/custom_interfaces/local/lib/python3.10/dist-packages/custom_interfaces/custom_interfaces_s__rosidl_typesupport_fastrtps_c.cpython-310-x86_64-linux-gnu.so
[5.392s] -- Set runtime path of "/home/roli_005/Downloads/ros2_ws_2/install/custom_interfaces/local/lib/python3.10/dist-packages/custom_interfaces/custom_interfaces_s__rosidl_typesupport_fastrtps_c.cpython-310-x86_64-linux-gnu.so" to ""
[5.392s] -- Installing: /home/roli_005/Downloads/ros2_ws_2/install/custom_interfaces/local/lib/python3.10/dist-packages/custom_interfaces/custom_interfaces_s__rosidl_typesupport_introspection_c.cpython-310-x86_64-linux-gnu.so
[5.392s] -- Set runtime path of "/home/roli_005/Downloads/ros2_ws_2/install/custom_interfaces/local/lib/python3.10/dist-packages/custom_interfaces/custom_interfaces_s__rosidl_typesupport_introspection_c.cpython-310-x86_64-linux-gnu.so" to ""
[5.392s] -- Installing: /home/roli_005/Downloads/ros2_ws_2/install/custom_interfaces/local/lib/python3.10/dist-packages/custom_interfaces/custom_interfaces_s__rosidl_typesupport_c.cpython-310-x86_64-linux-gnu.so
[5.393s] -- Set runtime path of "/home/roli_005/Downloads/ros2_ws_2/install/custom_interfaces/local/lib/python3.10/dist-packages/custom_interfaces/custom_interfaces_s__rosidl_typesupport_c.cpython-310-x86_64-linux-gnu.so" to ""
[5.393s] -- Installing: /home/roli_005/Downloads/ros2_ws_2/install/custom_interfaces/lib/libcustom_interfaces__rosidl_generator_py.so
[5.393s] -- Set runtime path of "/home/roli_005/Downloads/ros2_ws_2/install/custom_interfaces/lib/libcustom_interfaces__rosidl_generator_py.so" to ""
[5.393s] -- Installing: /home/roli_005/Downloads/ros2_ws_2/install/custom_interfaces/share/custom_interfaces/srv/SetProcessBool.idl
[5.393s] -- Up-to-date: /home/roli_005/Downloads/ros2_ws_2/install/custom_interfaces/share/custom_interfaces/srv/SetProcessBool.srv
[5.393s] -- Installing: /home/roli_005/Downloads/ros2_ws_2/install/custom_interfaces/share/custom_interfaces/srv/SetProcessBool_Request.msg
[5.394s] -- Installing: /home/roli_005/Downloads/ros2_ws_2/install/custom_interfaces/share/custom_interfaces/srv/SetProcessBool_Response.msg
[5.394s] -- Installing: /home/roli_005/Downloads/ros2_ws_2/install/custom_interfaces/share/ament_index/resource_index/package_run_dependencies/custom_interfaces
[5.394s] -- Installing: /home/roli_005/Downloads/ros2_ws_2/install/custom_interfaces/share/ament_index/resource_index/parent_prefix_path/custom_interfaces
[5.394s] -- Up-to-date: /home/roli_005/Downloads/ros2_ws_2/install/custom_interfaces/share/custom_interfaces/environment/ament_prefix_path.sh
[5.394s] -- Installing: /home/roli_005/Downloads/ros2_ws_2/install/custom_interfaces/share/custom_interfaces/environment/ament_prefix_path.dsv
[5.394s] -- Up-to-date: /home/roli_005/Downloads/ros2_ws_2/install/custom_interfaces/share/custom_interfaces/environment/path.sh
[5.394s] -- Installing: /home/roli_005/Downloads/ros2_ws_2/install/custom_interfaces/share/custom_interfaces/environment/path.dsv
[5.394s] -- Installing: /home/roli_005/Downloads/ros2_ws_2/install/custom_interfaces/share/custom_interfaces/local_setup.bash
[5.394s] -- Installing: /home/roli_005/Downloads/ros2_ws_2/install/custom_interfaces/share/custom_interfaces/local_setup.sh
[5.394s] -- Installing: /home/roli_005/Downloads/ros2_ws_2/install/custom_interfaces/share/custom_interfaces/local_setup.zsh
[5.395s] -- Installing: /home/roli_005/Downloads/ros2_ws_2/install/custom_interfaces/share/custom_interfaces/local_setup.dsv
[5.395s] -- Installing: /home/roli_005/Downloads/ros2_ws_2/install/custom_interfaces/share/custom_interfaces/package.dsv
[5.395s] -- Installing: /home/roli_005/Downloads/ros2_ws_2/install/custom_interfaces/share/ament_index/resource_index/packages/custom_interfaces
[5.395s] -- Installing: /home/roli_005/Downloads/ros2_ws_2/install/custom_interfaces/share/custom_interfaces/cmake/export_custom_interfaces__rosidl_generator_cExport.cmake
[5.395s] -- Installing: /home/roli_005/Downloads/ros2_ws_2/install/custom_interfaces/share/custom_interfaces/cmake/export_custom_interfaces__rosidl_generator_cExport-noconfig.cmake
[5.395s] -- Installing: /home/roli_005/Downloads/ros2_ws_2/install/custom_interfaces/share/custom_interfaces/cmake/export_custom_interfaces__rosidl_typesupport_fastrtps_cExport.cmake
[5.395s] -- Installing: /home/roli_005/Downloads/ros2_ws_2/install/custom_interfaces/share/custom_interfaces/cmake/export_custom_interfaces__rosidl_typesupport_fastrtps_cExport-noconfig.cmake
[5.396s] -- Installing: /home/roli_005/Downloads/ros2_ws_2/install/custom_interfaces/share/custom_interfaces/cmake/export_custom_interfaces__rosidl_generator_cppExport.cmake
[5.396s] -- Installing: /home/roli_005/Downloads/ros2_ws_2/install/custom_interfaces/share/custom_interfaces/cmake/export_custom_interfaces__rosidl_typesupport_fastrtps_cppExport.cmake
[5.396s] -- Installing: /home/roli_005/Downloads/ros2_ws_2/install/custom_interfaces/share/custom_interfaces/cmake/export_custom_interfaces__rosidl_typesupport_fastrtps_cppExport-noconfig.cmake
[5.396s] -- Installing: /home/roli_005/Downloads/ros2_ws_2/install/custom_interfaces/share/custom_interfaces/cmake/custom_interfaces__rosidl_typesupport_introspection_cExport.cmake
[5.396s] -- Installing: /home/roli_005/Downloads/ros2_ws_2/install/custom_interfaces/share/custom_interfaces/cmake/custom_interfaces__rosidl_typesupport_introspection_cExport-noconfig.cmake
[5.396s] -- Installing: /home/roli_005/Downloads/ros2_ws_2/install/custom_interfaces/share/custom_interfaces/cmake/custom_interfaces__rosidl_typesupport_cExport.cmake
[5.397s] -- Installing: /home/roli_005/Downloads/ros2_ws_2/install/custom_interfaces/share/custom_interfaces/cmake/custom_interfaces__rosidl_typesupport_cExport-noconfig.cmake
[5.397s] -- Installing: /home/roli_005/Downloads/ros2_ws_2/install/custom_interfaces/share/custom_interfaces/cmake/custom_interfaces__rosidl_typesupport_introspection_cppExport.cmake
[5.397s] -- Installing: /home/roli_005/Downloads/ros2_ws_2/install/custom_interfaces/share/custom_interfaces/cmake/custom_interfaces__rosidl_typesupport_introspection_cppExport-noconfig.cmake
[5.397s] -- Installing: /home/roli_005/Downloads/ros2_ws_2/install/custom_interfaces/share/custom_interfaces/cmake/custom_interfaces__rosidl_typesupport_cppExport.cmake
[5.397s] -- Installing: /home/roli_005/Downloads/ros2_ws_2/install/custom_interfaces/share/custom_interfaces/cmake/custom_interfaces__rosidl_typesupport_cppExport-noconfig.cmake
[5.397s] -- Installing: /home/roli_005/Downloads/ros2_ws_2/install/custom_interfaces/share/custom_interfaces/cmake/export_custom_interfaces__rosidl_generator_pyExport.cmake
[5.397s] -- Installing: /home/roli_005/Downloads/ros2_ws_2/install/custom_interfaces/share/custom_interfaces/cmake/export_custom_interfaces__rosidl_generator_pyExport-noconfig.cmake
[5.398s] -- Installing: /home/roli_005/Downloads/ros2_ws_2/install/custom_interfaces/share/custom_interfaces/cmake/rosidl_cmake-extras.cmake
[5.398s] -- Installing: /home/roli_005/Downloads/ros2_ws_2/install/custom_interfaces/share/custom_interfaces/cmake/ament_cmake_export_dependencies-extras.cmake
[5.398s] -- Installing: /home/roli_005/Downloads/ros2_ws_2/install/custom_interfaces/share/custom_interfaces/cmake/ament_cmake_export_include_directories-extras.cmake
[5.398s] -- Installing: /home/roli_005/Downloads/ros2_ws_2/install/custom_interfaces/share/custom_interfaces/cmake/ament_cmake_export_libraries-extras.cmake
[5.398s] -- Installing: /home/roli_005/Downloads/ros2_ws_2/install/custom_interfaces/share/custom_interfaces/cmake/ament_cmake_export_targets-extras.cmake
[5.398s] -- Installing: /home/roli_005/Downloads/ros2_ws_2/install/custom_interfaces/share/custom_interfaces/cmake/rosidl_cmake_export_typesupport_targets-extras.cmake
[5.398s] -- Installing: /home/roli_005/Downloads/ros2_ws_2/install/custom_interfaces/share/custom_interfaces/cmake/rosidl_cmake_export_typesupport_libraries-extras.cmake
[5.398s] -- Installing: /home/roli_005/Downloads/ros2_ws_2/install/custom_interfaces/share/custom_interfaces/cmake/custom_interfacesConfig.cmake
[5.399s] -- Installing: /home/roli_005/Downloads/ros2_ws_2/install/custom_interfaces/share/custom_interfaces/cmake/custom_interfacesConfig-version.cmake
[5.399s] -- Up-to-date: /home/roli_005/Downloads/ros2_ws_2/install/custom_interfaces/share/custom_interfaces/package.xml
[5.400s] Invoked command in '/home/roli_005/Downloads/ros2_ws_2/build/custom_interfaces' returned '0': CMAKE_PREFIX_PATH=${CMAKE_PREFIX_PATH}:/home/roli_005/TE3001B_ws/install/signal_processing:/home/roli_005/TE3001B_ws/install/motor_control_act:/home/roli_005/TE3001B_ws/install/motor_control:/home/roli_005/TE3001B_ws/install/inverted_pendulum:/home/roli_005/TE3001B_ws/install/final_challenge:/home/roli_005/TE3001B_ws/install/basic_comms:/home/roli_005/TE3001B_ws/install/arm_2_DOF:/home/roli_005/vanttec_usv/install/sensor_msgs_py:/home/roli_005/home2_ws/install/uf_ros_lib:/opt/ros/humble /usr/bin/cmake --install /home/roli_005/Downloads/ros2_ws_2/build/custom_interfaces
