[0.369s] Invoking command in '/home/roli_005/Downloads/ros2_ws_2/build/custom_interfaces': CMAKE_PREFIX_PATH=${CMAKE_PREFIX_PATH}:/home/roli_005/Downloads/ros2_ws_2/install/motor_control:/home/roli_005/Downloads/ros2_ws_2/install/basic_comms:/home/roli_005/TE3001B_ws/install/signal_processing:/home/roli_005/TE3001B_ws/install/motor_control_act:/home/roli_005/TE3001B_ws/install/motor_control:/home/roli_005/TE3001B_ws/install/inverted_pendulum:/home/roli_005/TE3001B_ws/install/final_challenge:/home/roli_005/TE3001B_ws/install/basic_comms:/home/roli_005/TE3001B_ws/install/arm_2_DOF:/home/roli_005/vanttec_usv/install/sensor_msgs_py:/home/roli_005/home2_ws/install/uf_ros_lib:/opt/ros/humble /usr/bin/cmake --build /home/roli_005/Downloads/ros2_ws_2/build/custom_interfaces -- -j12 -l12
[0.424s] [35m[1mConsolidate compiler generated dependencies of target custom_interfaces__rosidl_generator_c[0m
[0.436s] [  3%] Built target custom_interfaces__cpp
[0.437s] [ 12%] Built target custom_interfaces__rosidl_generator_c
[0.448s] [ 12%] Built target ament_cmake_python_copy_custom_interfaces
[0.450s] [35m[1mConsolidate compiler generated dependencies of target custom_interfaces__rosidl_typesupport_cpp[0m
[0.450s] [35m[1mConsolidate compiler generated dependencies of target custom_interfaces__rosidl_typesupport_introspection_cpp[0m
[0.451s] [35m[1mConsolidate compiler generated dependencies of target custom_interfaces__rosidl_typesupport_fastrtps_cpp[0m
[0.464s] [35m[1mConsolidate compiler generated dependencies of target custom_interfaces__rosidl_typesupport_introspection_c[0m
[0.467s] [35m[1mConsolidate compiler generated dependencies of target custom_interfaces__rosidl_typesupport_fastrtps_c[0m
[0.467s] [ 22%] Built target custom_interfaces__rosidl_typesupport_introspection_cpp
[0.467s] [ 32%] Built target custom_interfaces__rosidl_typesupport_cpp
[0.468s] [35m[1mConsolidate compiler generated dependencies of target custom_interfaces__rosidl_typesupport_c[0m
[0.473s] [ 41%] Built target custom_interfaces__rosidl_typesupport_fastrtps_cpp
[0.483s] [ 51%] Built target custom_interfaces__rosidl_typesupport_c
[0.483s] [ 61%] Built target custom_interfaces__rosidl_typesupport_introspection_c
[0.483s] [ 70%] Built target custom_interfaces__rosidl_typesupport_fastrtps_c
[0.510s] [ 70%] Built target custom_interfaces
[0.538s] [ 74%] Built target custom_interfaces__py
[0.551s] [35m[1mConsolidate compiler generated dependencies of target custom_interfaces__rosidl_generator_py[0m
[0.567s] [ 80%] Built target custom_interfaces__rosidl_generator_py
[0.580s] [35m[1mConsolidate compiler generated dependencies of target custom_interfaces__rosidl_typesupport_fastrtps_c__pyext[0m
[0.581s] [35m[1mConsolidate compiler generated dependencies of target custom_interfaces__rosidl_typesupport_c__pyext[0m
[0.581s] [35m[1mConsolidate compiler generated dependencies of target custom_interfaces__rosidl_typesupport_introspection_c__pyext[0m
[0.596s] [100%] Built target custom_interfaces__rosidl_typesupport_c__pyext
[0.596s] [100%] Built target custom_interfaces__rosidl_typesupport_introspection_c__pyext
[0.596s] [100%] Built target custom_interfaces__rosidl_typesupport_fastrtps_c__pyext
[0.792s] running egg_info
[0.793s] writing custom_interfaces.egg-info/PKG-INFO
[0.793s] writing dependency_links to custom_interfaces.egg-info/dependency_links.txt
[0.793s] writing top-level names to custom_interfaces.egg-info/top_level.txt
[0.795s] reading manifest file 'custom_interfaces.egg-info/SOURCES.txt'
[0.796s] writing manifest file 'custom_interfaces.egg-info/SOURCES.txt'
[0.825s] [100%] Built target ament_cmake_python_build_custom_interfaces_egg
[0.838s] Invoked command in '/home/roli_005/Downloads/ros2_ws_2/build/custom_interfaces' returned '0': CMAKE_PREFIX_PATH=${CMAKE_PREFIX_PATH}:/home/roli_005/Downloads/ros2_ws_2/install/motor_control:/home/roli_005/Downloads/ros2_ws_2/install/basic_comms:/home/roli_005/TE3001B_ws/install/signal_processing:/home/roli_005/TE3001B_ws/install/motor_control_act:/home/roli_005/TE3001B_ws/install/motor_control:/home/roli_005/TE3001B_ws/install/inverted_pendulum:/home/roli_005/TE3001B_ws/install/final_challenge:/home/roli_005/TE3001B_ws/install/basic_comms:/home/roli_005/TE3001B_ws/install/arm_2_DOF:/home/roli_005/vanttec_usv/install/sensor_msgs_py:/home/roli_005/home2_ws/install/uf_ros_lib:/opt/ros/humble /usr/bin/cmake --build /home/roli_005/Downloads/ros2_ws_2/build/custom_interfaces -- -j12 -l12
[0.850s] Invoking command in '/home/roli_005/Downloads/ros2_ws_2/build/custom_interfaces': CMAKE_PREFIX_PATH=${CMAKE_PREFIX_PATH}:/home/roli_005/Downloads/ros2_ws_2/install/motor_control:/home/roli_005/Downloads/ros2_ws_2/install/basic_comms:/home/roli_005/TE3001B_ws/install/signal_processing:/home/roli_005/TE3001B_ws/install/motor_control_act:/home/roli_005/TE3001B_ws/install/motor_control:/home/roli_005/TE3001B_ws/install/inverted_pendulum:/home/roli_005/TE3001B_ws/install/final_challenge:/home/roli_005/TE3001B_ws/install/basic_comms:/home/roli_005/TE3001B_ws/install/arm_2_DOF:/home/roli_005/vanttec_usv/install/sensor_msgs_py:/home/roli_005/home2_ws/install/uf_ros_lib:/opt/ros/humble /usr/bin/cmake --install /home/roli_005/Downloads/ros2_ws_2/build/custom_interfaces
[0.860s] -- Install configuration: ""
[0.860s] -- Up-to-date: /home/roli_005/Downloads/ros2_ws_2/install/custom_interfaces/share/ament_index/resource_index/rosidl_interfaces/custom_interfaces
[0.860s] -- Up-to-date: /home/roli_005/Downloads/ros2_ws_2/install/custom_interfaces/include/custom_interfaces/custom_interfaces
[0.860s] -- Up-to-date: /home/roli_005/Downloads/ros2_ws_2/install/custom_interfaces/include/custom_interfaces/custom_interfaces/srv
[0.860s] -- Up-to-date: /home/roli_005/Downloads/ros2_ws_2/install/custom_interfaces/include/custom_interfaces/custom_interfaces/srv/detail
[0.860s] -- Up-to-date: /home/roli_005/Downloads/ros2_ws_2/install/custom_interfaces/include/custom_interfaces/custom_interfaces/srv/detail/set_process_bool__struct.h
[0.860s] -- Up-to-date: /home/roli_005/Downloads/ros2_ws_2/install/custom_interfaces/include/custom_interfaces/custom_interfaces/srv/detail/set_process_bool__functions.h
[0.860s] -- Up-to-date: /home/roli_005/Downloads/ros2_ws_2/install/custom_interfaces/include/custom_interfaces/custom_interfaces/srv/detail/set_process_bool__type_support.h
[0.860s] -- Up-to-date: /home/roli_005/Downloads/ros2_ws_2/install/custom_interfaces/include/custom_interfaces/custom_interfaces/srv/detail/set_process_bool__functions.c
[0.860s] -- Up-to-date: /home/roli_005/Downloads/ros2_ws_2/install/custom_interfaces/include/custom_interfaces/custom_interfaces/srv/set_process_bool.h
[0.860s] -- Up-to-date: /home/roli_005/Downloads/ros2_ws_2/install/custom_interfaces/include/custom_interfaces/custom_interfaces/msg
[0.860s] -- Up-to-date: /home/roli_005/Downloads/ros2_ws_2/install/custom_interfaces/include/custom_interfaces/custom_interfaces/msg/rosidl_generator_c__visibility_control.h
[0.861s] -- Up-to-date: /home/roli_005/Downloads/ros2_ws_2/install/custom_interfaces/share/custom_interfaces/environment/library_path.sh
[0.861s] -- Up-to-date: /home/roli_005/Downloads/ros2_ws_2/install/custom_interfaces/share/custom_interfaces/environment/library_path.dsv
[0.861s] -- Up-to-date: /home/roli_005/Downloads/ros2_ws_2/install/custom_interfaces/lib/libcustom_interfaces__rosidl_generator_c.so
[0.861s] -- Up-to-date: /home/roli_005/Downloads/ros2_ws_2/install/custom_interfaces/include/custom_interfaces/custom_interfaces
[0.861s] -- Up-to-date: /home/roli_005/Downloads/ros2_ws_2/install/custom_interfaces/include/custom_interfaces/custom_interfaces/srv
[0.861s] -- Up-to-date: /home/roli_005/Downloads/ros2_ws_2/install/custom_interfaces/include/custom_interfaces/custom_interfaces/srv/detail
[0.861s] -- Up-to-date: /home/roli_005/Downloads/ros2_ws_2/install/custom_interfaces/include/custom_interfaces/custom_interfaces/srv/detail/set_process_bool__rosidl_typesupport_fastrtps_c.h
[0.861s] -- Up-to-date: /home/roli_005/Downloads/ros2_ws_2/install/custom_interfaces/include/custom_interfaces/custom_interfaces/msg
[0.861s] -- Up-to-date: /home/roli_005/Downloads/ros2_ws_2/install/custom_interfaces/include/custom_interfaces/custom_interfaces/msg/rosidl_typesupport_fastrtps_c__visibility_control.h
[0.861s] -- Up-to-date: /home/roli_005/Downloads/ros2_ws_2/install/custom_interfaces/lib/libcustom_interfaces__rosidl_typesupport_fastrtps_c.so
[0.861s] -- Up-to-date: /home/roli_005/Downloads/ros2_ws_2/install/custom_interfaces/include/custom_interfaces/custom_interfaces
[0.861s] -- Up-to-date: /home/roli_005/Downloads/ros2_ws_2/install/custom_interfaces/include/custom_interfaces/custom_interfaces/srv
[0.861s] -- Up-to-date: /home/roli_005/Downloads/ros2_ws_2/install/custom_interfaces/include/custom_interfaces/custom_interfaces/srv/detail
[0.861s] -- Up-to-date: /home/roli_005/Downloads/ros2_ws_2/install/custom_interfaces/include/custom_interfaces/custom_interfaces/srv/detail/set_process_bool__struct.hpp
[0.861s] -- Up-to-date: /home/roli_005/Downloads/ros2_ws_2/install/custom_interfaces/include/custom_interfaces/custom_interfaces/srv/detail/set_process_bool__builder.hpp
[0.861s] -- Up-to-date: /home/roli_005/Downloads/ros2_ws_2/install/custom_interfaces/include/custom_interfaces/custom_interfaces/srv/detail/set_process_bool__type_support.hpp
[0.861s] -- Up-to-date: /home/roli_005/Downloads/ros2_ws_2/install/custom_interfaces/include/custom_interfaces/custom_interfaces/srv/detail/set_process_bool__traits.hpp
[0.862s] -- Up-to-date: /home/roli_005/Downloads/ros2_ws_2/install/custom_interfaces/include/custom_interfaces/custom_interfaces/srv/set_process_bool.hpp
[0.862s] -- Up-to-date: /home/roli_005/Downloads/ros2_ws_2/install/custom_interfaces/include/custom_interfaces/custom_interfaces/msg
[0.862s] -- Up-to-date: /home/roli_005/Downloads/ros2_ws_2/install/custom_interfaces/include/custom_interfaces/custom_interfaces/msg/rosidl_generator_cpp__visibility_control.hpp
[0.862s] -- Up-to-date: /home/roli_005/Downloads/ros2_ws_2/install/custom_interfaces/include/custom_interfaces/custom_interfaces
[0.862s] -- Up-to-date: /home/roli_005/Downloads/ros2_ws_2/install/custom_interfaces/include/custom_interfaces/custom_interfaces/srv
[0.862s] -- Up-to-date: /home/roli_005/Downloads/ros2_ws_2/install/custom_interfaces/include/custom_interfaces/custom_interfaces/srv/detail
[0.862s] -- Up-to-date: /home/roli_005/Downloads/ros2_ws_2/install/custom_interfaces/include/custom_interfaces/custom_interfaces/srv/detail/dds_fastrtps
[0.862s] -- Up-to-date: /home/roli_005/Downloads/ros2_ws_2/install/custom_interfaces/include/custom_interfaces/custom_interfaces/srv/detail/set_process_bool__rosidl_typesupport_fastrtps_cpp.hpp
[0.862s] -- Up-to-date: /home/roli_005/Downloads/ros2_ws_2/install/custom_interfaces/include/custom_interfaces/custom_interfaces/msg
[0.862s] -- Up-to-date: /home/roli_005/Downloads/ros2_ws_2/install/custom_interfaces/include/custom_interfaces/custom_interfaces/msg/rosidl_typesupport_fastrtps_cpp__visibility_control.h
[0.862s] -- Up-to-date: /home/roli_005/Downloads/ros2_ws_2/install/custom_interfaces/lib/libcustom_interfaces__rosidl_typesupport_fastrtps_cpp.so
[0.862s] -- Up-to-date: /home/roli_005/Downloads/ros2_ws_2/install/custom_interfaces/include/custom_interfaces/custom_interfaces
[0.862s] -- Up-to-date: /home/roli_005/Downloads/ros2_ws_2/install/custom_interfaces/include/custom_interfaces/custom_interfaces/srv
[0.862s] -- Up-to-date: /home/roli_005/Downloads/ros2_ws_2/install/custom_interfaces/include/custom_interfaces/custom_interfaces/srv/detail
[0.862s] -- Up-to-date: /home/roli_005/Downloads/ros2_ws_2/install/custom_interfaces/include/custom_interfaces/custom_interfaces/srv/detail/set_process_bool__type_support.c
[0.862s] -- Up-to-date: /home/roli_005/Downloads/ros2_ws_2/install/custom_interfaces/include/custom_interfaces/custom_interfaces/srv/detail/set_process_bool__rosidl_typesupport_introspection_c.h
[0.862s] -- Up-to-date: /home/roli_005/Downloads/ros2_ws_2/install/custom_interfaces/include/custom_interfaces/custom_interfaces/msg
[0.863s] -- Up-to-date: /home/roli_005/Downloads/ros2_ws_2/install/custom_interfaces/include/custom_interfaces/custom_interfaces/msg/rosidl_typesupport_introspection_c__visibility_control.h
[0.863s] -- Up-to-date: /home/roli_005/Downloads/ros2_ws_2/install/custom_interfaces/lib/libcustom_interfaces__rosidl_typesupport_introspection_c.so
[0.863s] -- Up-to-date: /home/roli_005/Downloads/ros2_ws_2/install/custom_interfaces/lib/libcustom_interfaces__rosidl_typesupport_c.so
[0.863s] -- Up-to-date: /home/roli_005/Downloads/ros2_ws_2/install/custom_interfaces/include/custom_interfaces/custom_interfaces
[0.863s] -- Up-to-date: /home/roli_005/Downloads/ros2_ws_2/install/custom_interfaces/include/custom_interfaces/custom_interfaces/srv
[0.863s] -- Up-to-date: /home/roli_005/Downloads/ros2_ws_2/install/custom_interfaces/include/custom_interfaces/custom_interfaces/srv/detail
[0.863s] -- Up-to-date: /home/roli_005/Downloads/ros2_ws_2/install/custom_interfaces/include/custom_interfaces/custom_interfaces/srv/detail/set_process_bool__rosidl_typesupport_introspection_cpp.hpp
[0.863s] -- Up-to-date: /home/roli_005/Downloads/ros2_ws_2/install/custom_interfaces/include/custom_interfaces/custom_interfaces/srv/detail/set_process_bool__type_support.cpp
[0.863s] -- Up-to-date: /home/roli_005/Downloads/ros2_ws_2/install/custom_interfaces/lib/libcustom_interfaces__rosidl_typesupport_introspection_cpp.so
[0.863s] -- Up-to-date: /home/roli_005/Downloads/ros2_ws_2/install/custom_interfaces/lib/libcustom_interfaces__rosidl_typesupport_cpp.so
[0.863s] -- Up-to-date: /home/roli_005/Downloads/ros2_ws_2/install/custom_interfaces/share/custom_interfaces/environment/pythonpath.sh
[0.863s] -- Up-to-date: /home/roli_005/Downloads/ros2_ws_2/install/custom_interfaces/share/custom_interfaces/environment/pythonpath.dsv
[0.863s] -- Up-to-date: /home/roli_005/Downloads/ros2_ws_2/install/custom_interfaces/local/lib/python3.10/dist-packages/custom_interfaces-0.0.0-py3.10.egg-info
[0.863s] -- Installing: /home/roli_005/Downloads/ros2_ws_2/install/custom_interfaces/local/lib/python3.10/dist-packages/custom_interfaces-0.0.0-py3.10.egg-info/dependency_links.txt
[0.863s] -- Installing: /home/roli_005/Downloads/ros2_ws_2/install/custom_interfaces/local/lib/python3.10/dist-packages/custom_interfaces-0.0.0-py3.10.egg-info/top_level.txt
[0.863s] -- Installing: /home/roli_005/Downloads/ros2_ws_2/install/custom_interfaces/local/lib/python3.10/dist-packages/custom_interfaces-0.0.0-py3.10.egg-info/SOURCES.txt
[0.863s] -- Installing: /home/roli_005/Downloads/ros2_ws_2/install/custom_interfaces/local/lib/python3.10/dist-packages/custom_interfaces-0.0.0-py3.10.egg-info/PKG-INFO
[0.864s] -- Up-to-date: /home/roli_005/Downloads/ros2_ws_2/install/custom_interfaces/local/lib/python3.10/dist-packages/custom_interfaces
[0.864s] -- Up-to-date: /home/roli_005/Downloads/ros2_ws_2/install/custom_interfaces/local/lib/python3.10/dist-packages/custom_interfaces/_custom_interfaces_s.ep.rosidl_typesupport_introspection_c.c
[0.864s] -- Up-to-date: /home/roli_005/Downloads/ros2_ws_2/install/custom_interfaces/local/lib/python3.10/dist-packages/custom_interfaces/_custom_interfaces_s.ep.rosidl_typesupport_fastrtps_c.c
[0.864s] -- Up-to-date: /home/roli_005/Downloads/ros2_ws_2/install/custom_interfaces/local/lib/python3.10/dist-packages/custom_interfaces/_custom_interfaces_s.ep.rosidl_typesupport_c.c
[0.864s] -- Up-to-date: /home/roli_005/Downloads/ros2_ws_2/install/custom_interfaces/local/lib/python3.10/dist-packages/custom_interfaces/custom_interfaces_s__rosidl_typesupport_c.cpython-310-x86_64-linux-gnu.so
[0.864s] -- Up-to-date: /home/roli_005/Downloads/ros2_ws_2/install/custom_interfaces/local/lib/python3.10/dist-packages/custom_interfaces/__init__.py
[0.864s] -- Up-to-date: /home/roli_005/Downloads/ros2_ws_2/install/custom_interfaces/local/lib/python3.10/dist-packages/custom_interfaces/srv
[0.864s] -- Up-to-date: /home/roli_005/Downloads/ros2_ws_2/install/custom_interfaces/local/lib/python3.10/dist-packages/custom_interfaces/srv/__init__.py
[0.864s] -- Up-to-date: /home/roli_005/Downloads/ros2_ws_2/install/custom_interfaces/local/lib/python3.10/dist-packages/custom_interfaces/srv/_set_process_bool.py
[0.864s] -- Up-to-date: /home/roli_005/Downloads/ros2_ws_2/install/custom_interfaces/local/lib/python3.10/dist-packages/custom_interfaces/srv/_set_process_bool_s.c
[0.864s] -- Up-to-date: /home/roli_005/Downloads/ros2_ws_2/install/custom_interfaces/local/lib/python3.10/dist-packages/custom_interfaces/custom_interfaces_s__rosidl_typesupport_fastrtps_c.cpython-310-x86_64-linux-gnu.so
[0.864s] -- Up-to-date: /home/roli_005/Downloads/ros2_ws_2/install/custom_interfaces/local/lib/python3.10/dist-packages/custom_interfaces/libcustom_interfaces__rosidl_generator_py.so
[0.864s] -- Up-to-date: /home/roli_005/Downloads/ros2_ws_2/install/custom_interfaces/local/lib/python3.10/dist-packages/custom_interfaces/custom_interfaces_s__rosidl_typesupport_introspection_c.cpython-310-x86_64-linux-gnu.so
[0.926s] Listing '/home/roli_005/Downloads/ros2_ws_2/install/custom_interfaces/local/lib/python3.10/dist-packages/custom_interfaces'...
[0.926s] Listing '/home/roli_005/Downloads/ros2_ws_2/install/custom_interfaces/local/lib/python3.10/dist-packages/custom_interfaces/srv'...
[0.930s] -- Up-to-date: /home/roli_005/Downloads/ros2_ws_2/install/custom_interfaces/local/lib/python3.10/dist-packages/custom_interfaces/custom_interfaces_s__rosidl_typesupport_fastrtps_c.cpython-310-x86_64-linux-gnu.so
[0.931s] -- Up-to-date: /home/roli_005/Downloads/ros2_ws_2/install/custom_interfaces/local/lib/python3.10/dist-packages/custom_interfaces/custom_interfaces_s__rosidl_typesupport_introspection_c.cpython-310-x86_64-linux-gnu.so
[0.931s] -- Up-to-date: /home/roli_005/Downloads/ros2_ws_2/install/custom_interfaces/local/lib/python3.10/dist-packages/custom_interfaces/custom_interfaces_s__rosidl_typesupport_c.cpython-310-x86_64-linux-gnu.so
[0.931s] -- Up-to-date: /home/roli_005/Downloads/ros2_ws_2/install/custom_interfaces/lib/libcustom_interfaces__rosidl_generator_py.so
[0.931s] -- Up-to-date: /home/roli_005/Downloads/ros2_ws_2/install/custom_interfaces/share/custom_interfaces/srv/SetProcessBool.idl
[0.931s] -- Up-to-date: /home/roli_005/Downloads/ros2_ws_2/install/custom_interfaces/share/custom_interfaces/srv/SetProcessBool.srv
[0.931s] -- Up-to-date: /home/roli_005/Downloads/ros2_ws_2/install/custom_interfaces/share/custom_interfaces/srv/SetProcessBool_Request.msg
[0.931s] -- Up-to-date: /home/roli_005/Downloads/ros2_ws_2/install/custom_interfaces/share/custom_interfaces/srv/SetProcessBool_Response.msg
[0.932s] -- Up-to-date: /home/roli_005/Downloads/ros2_ws_2/install/custom_interfaces/share/ament_index/resource_index/package_run_dependencies/custom_interfaces
[0.932s] -- Up-to-date: /home/roli_005/Downloads/ros2_ws_2/install/custom_interfaces/share/ament_index/resource_index/parent_prefix_path/custom_interfaces
[0.932s] -- Up-to-date: /home/roli_005/Downloads/ros2_ws_2/install/custom_interfaces/share/custom_interfaces/environment/ament_prefix_path.sh
[0.932s] -- Up-to-date: /home/roli_005/Downloads/ros2_ws_2/install/custom_interfaces/share/custom_interfaces/environment/ament_prefix_path.dsv
[0.932s] -- Up-to-date: /home/roli_005/Downloads/ros2_ws_2/install/custom_interfaces/share/custom_interfaces/environment/path.sh
[0.932s] -- Up-to-date: /home/roli_005/Downloads/ros2_ws_2/install/custom_interfaces/share/custom_interfaces/environment/path.dsv
[0.932s] -- Up-to-date: /home/roli_005/Downloads/ros2_ws_2/install/custom_interfaces/share/custom_interfaces/local_setup.bash
[0.932s] -- Up-to-date: /home/roli_005/Downloads/ros2_ws_2/install/custom_interfaces/share/custom_interfaces/local_setup.sh
[0.932s] -- Up-to-date: /home/roli_005/Downloads/ros2_ws_2/install/custom_interfaces/share/custom_interfaces/local_setup.zsh
[0.932s] -- Up-to-date: /home/roli_005/Downloads/ros2_ws_2/install/custom_interfaces/share/custom_interfaces/local_setup.dsv
[0.932s] -- Installing: /home/roli_005/Downloads/ros2_ws_2/install/custom_interfaces/share/custom_interfaces/package.dsv
[0.933s] -- Up-to-date: /home/roli_005/Downloads/ros2_ws_2/install/custom_interfaces/share/ament_index/resource_index/packages/custom_interfaces
[0.933s] -- Up-to-date: /home/roli_005/Downloads/ros2_ws_2/install/custom_interfaces/share/custom_interfaces/cmake/export_custom_interfaces__rosidl_generator_cExport.cmake
[0.933s] -- Up-to-date: /home/roli_005/Downloads/ros2_ws_2/install/custom_interfaces/share/custom_interfaces/cmake/export_custom_interfaces__rosidl_generator_cExport-noconfig.cmake
[0.933s] -- Up-to-date: /home/roli_005/Downloads/ros2_ws_2/install/custom_interfaces/share/custom_interfaces/cmake/export_custom_interfaces__rosidl_typesupport_fastrtps_cExport.cmake
[0.933s] -- Up-to-date: /home/roli_005/Downloads/ros2_ws_2/install/custom_interfaces/share/custom_interfaces/cmake/export_custom_interfaces__rosidl_typesupport_fastrtps_cExport-noconfig.cmake
[0.933s] -- Up-to-date: /home/roli_005/Downloads/ros2_ws_2/install/custom_interfaces/share/custom_interfaces/cmake/export_custom_interfaces__rosidl_generator_cppExport.cmake
[0.933s] -- Up-to-date: /home/roli_005/Downloads/ros2_ws_2/install/custom_interfaces/share/custom_interfaces/cmake/export_custom_interfaces__rosidl_typesupport_fastrtps_cppExport.cmake
[0.933s] -- Up-to-date: /home/roli_005/Downloads/ros2_ws_2/install/custom_interfaces/share/custom_interfaces/cmake/export_custom_interfaces__rosidl_typesupport_fastrtps_cppExport-noconfig.cmake
[0.933s] -- Up-to-date: /home/roli_005/Downloads/ros2_ws_2/install/custom_interfaces/share/custom_interfaces/cmake/custom_interfaces__rosidl_typesupport_introspection_cExport.cmake
[0.933s] -- Up-to-date: /home/roli_005/Downloads/ros2_ws_2/install/custom_interfaces/share/custom_interfaces/cmake/custom_interfaces__rosidl_typesupport_introspection_cExport-noconfig.cmake
[0.933s] -- Up-to-date: /home/roli_005/Downloads/ros2_ws_2/install/custom_interfaces/share/custom_interfaces/cmake/custom_interfaces__rosidl_typesupport_cExport.cmake
[0.933s] -- Up-to-date: /home/roli_005/Downloads/ros2_ws_2/install/custom_interfaces/share/custom_interfaces/cmake/custom_interfaces__rosidl_typesupport_cExport-noconfig.cmake
[0.933s] -- Up-to-date: /home/roli_005/Downloads/ros2_ws_2/install/custom_interfaces/share/custom_interfaces/cmake/custom_interfaces__rosidl_typesupport_introspection_cppExport.cmake
[0.933s] -- Up-to-date: /home/roli_005/Downloads/ros2_ws_2/install/custom_interfaces/share/custom_interfaces/cmake/custom_interfaces__rosidl_typesupport_introspection_cppExport-noconfig.cmake
[0.933s] -- Up-to-date: /home/roli_005/Downloads/ros2_ws_2/install/custom_interfaces/share/custom_interfaces/cmake/custom_interfaces__rosidl_typesupport_cppExport.cmake
[0.934s] -- Up-to-date: /home/roli_005/Downloads/ros2_ws_2/install/custom_interfaces/share/custom_interfaces/cmake/custom_interfaces__rosidl_typesupport_cppExport-noconfig.cmake
[0.934s] -- Up-to-date: /home/roli_005/Downloads/ros2_ws_2/install/custom_interfaces/share/custom_interfaces/cmake/export_custom_interfaces__rosidl_generator_pyExport.cmake
[0.934s] -- Up-to-date: /home/roli_005/Downloads/ros2_ws_2/install/custom_interfaces/share/custom_interfaces/cmake/export_custom_interfaces__rosidl_generator_pyExport-noconfig.cmake
[0.934s] -- Up-to-date: /home/roli_005/Downloads/ros2_ws_2/install/custom_interfaces/share/custom_interfaces/cmake/rosidl_cmake-extras.cmake
[0.934s] -- Up-to-date: /home/roli_005/Downloads/ros2_ws_2/install/custom_interfaces/share/custom_interfaces/cmake/ament_cmake_export_dependencies-extras.cmake
[0.934s] -- Up-to-date: /home/roli_005/Downloads/ros2_ws_2/install/custom_interfaces/share/custom_interfaces/cmake/ament_cmake_export_include_directories-extras.cmake
[0.934s] -- Up-to-date: /home/roli_005/Downloads/ros2_ws_2/install/custom_interfaces/share/custom_interfaces/cmake/ament_cmake_export_libraries-extras.cmake
[0.934s] -- Up-to-date: /home/roli_005/Downloads/ros2_ws_2/install/custom_interfaces/share/custom_interfaces/cmake/ament_cmake_export_targets-extras.cmake
[0.934s] -- Up-to-date: /home/roli_005/Downloads/ros2_ws_2/install/custom_interfaces/share/custom_interfaces/cmake/rosidl_cmake_export_typesupport_targets-extras.cmake
[0.934s] -- Up-to-date: /home/roli_005/Downloads/ros2_ws_2/install/custom_interfaces/share/custom_interfaces/cmake/rosidl_cmake_export_typesupport_libraries-extras.cmake
[0.934s] -- Up-to-date: /home/roli_005/Downloads/ros2_ws_2/install/custom_interfaces/share/custom_interfaces/cmake/custom_interfacesConfig.cmake
[0.934s] -- Up-to-date: /home/roli_005/Downloads/ros2_ws_2/install/custom_interfaces/share/custom_interfaces/cmake/custom_interfacesConfig-version.cmake
[0.934s] -- Up-to-date: /home/roli_005/Downloads/ros2_ws_2/install/custom_interfaces/share/custom_interfaces/package.xml
[0.935s] Invoked command in '/home/roli_005/Downloads/ros2_ws_2/build/custom_interfaces' returned '0': CMAKE_PREFIX_PATH=${CMAKE_PREFIX_PATH}:/home/roli_005/Downloads/ros2_ws_2/install/motor_control:/home/roli_005/Downloads/ros2_ws_2/install/basic_comms:/home/roli_005/TE3001B_ws/install/signal_processing:/home/roli_005/TE3001B_ws/install/motor_control_act:/home/roli_005/TE3001B_ws/install/motor_control:/home/roli_005/TE3001B_ws/install/inverted_pendulum:/home/roli_005/TE3001B_ws/install/final_challenge:/home/roli_005/TE3001B_ws/install/basic_comms:/home/roli_005/TE3001B_ws/install/arm_2_DOF:/home/roli_005/vanttec_usv/install/sensor_msgs_py:/home/roli_005/home2_ws/install/uf_ros_lib:/opt/ros/humble /usr/bin/cmake --install /home/roli_005/Downloads/ros2_ws_2/build/custom_interfaces
