[0.595s] Invoking command in '/home/idmx/ros2_ws_2/src/motor_control': PYTHONPATH=/home/idmx/ros2_ws_2/build/motor_control/prefix_override:/usr/lib/python3/dist-packages/colcon_core/task/python/colcon_distutils_commands:/home/idmx/ros2_ws_2/install/motor_control/lib/python3.10/site-packages:${PYTHONPATH} /usr/bin/python3 -W ignore:setup.py install is deprecated -W ignore:easy_install command is deprecated setup.py egg_info --egg-base ../../build/motor_control build --build-base /home/idmx/ros2_ws_2/build/motor_control/build install --record /home/idmx/ros2_ws_2/build/motor_control/install.log --single-version-externally-managed install_data
[0.754s] running egg_info
[0.754s] writing ../../build/motor_control/motor_control.egg-info/PKG-INFO
[0.754s] writing dependency_links to ../../build/motor_control/motor_control.egg-info/dependency_links.txt
[0.754s] writing entry points to ../../build/motor_control/motor_control.egg-info/entry_points.txt
[0.754s] writing requirements to ../../build/motor_control/motor_control.egg-info/requires.txt
[0.755s] writing top-level names to ../../build/motor_control/motor_control.egg-info/top_level.txt
[0.756s] reading manifest file '../../build/motor_control/motor_control.egg-info/SOURCES.txt'
[0.756s] adding license file 'LICENSE'
[0.756s] writing manifest file '../../build/motor_control/motor_control.egg-info/SOURCES.txt'
[0.756s] running build
[0.756s] running build_py
[0.757s] running install
[0.757s] running install_lib
[0.758s] running install_data
[0.758s] copying launch/motor_launch.py -> /home/idmx/ros2_ws_2/install/motor_control/share/motor_control/launch
[0.758s] running install_egg_info
[0.759s] removing '/home/idmx/ros2_ws_2/install/motor_control/lib/python3.10/site-packages/motor_control-0.0.0-py3.10.egg-info' (and everything under it)
[0.759s] Copying ../../build/motor_control/motor_control.egg-info to /home/idmx/ros2_ws_2/install/motor_control/lib/python3.10/site-packages/motor_control-0.0.0-py3.10.egg-info
[0.760s] running install_scripts
[0.775s] Installing ctrl script to /home/idmx/ros2_ws_2/install/motor_control/lib/motor_control
[0.775s] Installing dc_motor script to /home/idmx/ros2_ws_2/install/motor_control/lib/motor_control
[0.775s] Installing set_point script to /home/idmx/ros2_ws_2/install/motor_control/lib/motor_control
[0.776s] writing list of installed files to '/home/idmx/ros2_ws_2/build/motor_control/install.log'
[0.798s] Invoked command in '/home/idmx/ros2_ws_2/src/motor_control' returned '0': PYTHONPATH=/home/idmx/ros2_ws_2/build/motor_control/prefix_override:/usr/lib/python3/dist-packages/colcon_core/task/python/colcon_distutils_commands:/home/idmx/ros2_ws_2/install/motor_control/lib/python3.10/site-packages:${PYTHONPATH} /usr/bin/python3 -W ignore:setup.py install is deprecated -W ignore:easy_install command is deprecated setup.py egg_info --egg-base ../../build/motor_control build --build-base /home/idmx/ros2_ws_2/build/motor_control/build install --record /home/idmx/ros2_ws_2/build/motor_control/install.log --single-version-externally-managed install_data
