[1.331s] Invoking command in '/home/roli_005/Downloads/ros2_ws_2/src/basic_comms': PYTHONPATH=/home/roli_005/Downloads/ros2_ws_2/build/basic_comms/prefix_override:/usr/lib/python3/dist-packages/colcon_core/task/python/colcon_distutils_commands:/home/roli_005/Downloads/ros2_ws_2/install/basic_comms/lib/python3.10/site-packages:${PYTHONPATH} /usr/bin/python3 -W ignore:setup.py install is deprecated -W ignore:easy_install command is deprecated setup.py egg_info --egg-base ../../build/basic_comms build --build-base /home/roli_005/Downloads/ros2_ws_2/build/basic_comms/build install --record /home/roli_005/Downloads/ros2_ws_2/build/basic_comms/install.log --single-version-externally-managed install_data
[1.669s] running egg_info
[1.670s] writing ../../build/basic_comms/basic_comms.egg-info/PKG-INFO
[1.670s] writing dependency_links to ../../build/basic_comms/basic_comms.egg-info/dependency_links.txt
[1.670s] writing entry points to ../../build/basic_comms/basic_comms.egg-info/entry_points.txt
[1.670s] writing requirements to ../../build/basic_comms/basic_comms.egg-info/requires.txt
[1.670s] writing top-level names to ../../build/basic_comms/basic_comms.egg-info/top_level.txt
[1.672s] reading manifest file '../../build/basic_comms/basic_comms.egg-info/SOURCES.txt'
[1.673s] writing manifest file '../../build/basic_comms/basic_comms.egg-info/SOURCES.txt'
[1.673s] running build
[1.673s] running build_py
[1.673s] running install
[1.673s] running install_lib
[1.675s] running install_data
[1.675s] running install_egg_info
[1.677s] removing '/home/roli_005/Downloads/ros2_ws_2/install/basic_comms/lib/python3.10/site-packages/basic_comms-0.0.0-py3.10.egg-info' (and everything under it)
[1.677s] Copying ../../build/basic_comms/basic_comms.egg-info to /home/roli_005/Downloads/ros2_ws_2/install/basic_comms/lib/python3.10/site-packages/basic_comms-0.0.0-py3.10.egg-info
[1.678s] running install_scripts
[1.704s] Installing talker script to /home/roli_005/Downloads/ros2_ws_2/install/basic_comms/lib/basic_comms
[1.704s] writing list of installed files to '/home/roli_005/Downloads/ros2_ws_2/build/basic_comms/install.log'
[1.729s] Invoked command in '/home/roli_005/Downloads/ros2_ws_2/src/basic_comms' returned '0': PYTHONPATH=/home/roli_005/Downloads/ros2_ws_2/build/basic_comms/prefix_override:/usr/lib/python3/dist-packages/colcon_core/task/python/colcon_distutils_commands:/home/roli_005/Downloads/ros2_ws_2/install/basic_comms/lib/python3.10/site-packages:${PYTHONPATH} /usr/bin/python3 -W ignore:setup.py install is deprecated -W ignore:easy_install command is deprecated setup.py egg_info --egg-base ../../build/basic_comms build --build-base /home/roli_005/Downloads/ros2_ws_2/build/basic_comms/build install --record /home/roli_005/Downloads/ros2_ws_2/build/basic_comms/install.log --single-version-externally-managed install_data
