[0.171s] Invoking command in '/home/idmx/ros2_ws_2/build/custom_interfaces': CMAKE_PREFIX_PATH=${CMAKE_PREFIX_PATH}:/home/idmx/ros2_ws_2/install/motor_control:/home/idmx/ros2_ws_2/install/basic_comms:/opt/ros/humble /usr/bin/cmake /home/idmx/ros2_ws_2/src/custom_interfaces -DCMAKE_INSTALL_PREFIX=/home/idmx/ros2_ws_2/install/custom_interfaces
[0.180s] -- Found ament_cmake: 1.3.11 (/opt/ros/humble/share/ament_cmake/cmake)
[0.262s] -- Override CMake install command with custom implementation using symlinks instead of copying resources
[0.266s] -- Found std_msgs: 4.2.4 (/opt/ros/humble/share/std_msgs/cmake)
[0.282s] -- Found rosidl_generator_c: 3.1.6 (/opt/ros/humble/share/rosidl_generator_c/cmake)
[0.283s] -- Found rosidl_adapter: 3.1.6 (/opt/ros/humble/share/rosidl_adapter/cmake)
[0.287s] -- Found rosidl_generator_cpp: 3.1.6 (/opt/ros/humble/share/rosidl_generator_cpp/cmake)
[0.293s] -- Using all available rosidl_typesupport_c: rosidl_typesupport_fastrtps_c;rosidl_typesupport_introspection_c
[0.302s] -- Using all available rosidl_typesupport_cpp: rosidl_typesupport_fastrtps_cpp;rosidl_typesupport_introspection_cpp
[0.318s] -- Found geometry_msgs: 4.2.4 (/opt/ros/humble/share/geometry_msgs/cmake)
[0.327s] -- Found rosidl_default_generators: 1.2.0 (/opt/ros/humble/share/rosidl_default_generators/cmake)
[0.565s] -- Found ament_cmake_ros: 0.10.0 (/opt/ros/humble/share/ament_cmake_ros/cmake)
[0.866s] -- Using all available rosidl_typesupport_c: rosidl_typesupport_fastrtps_c;rosidl_typesupport_introspection_c
[0.982s] -- Using all available rosidl_typesupport_cpp: rosidl_typesupport_fastrtps_cpp;rosidl_typesupport_introspection_cpp
[1.002s] -- Found python_cmake_module: 0.10.0 (/opt/ros/humble/share/python_cmake_module/cmake)
[1.020s] -- Using PYTHON_EXECUTABLE: /usr/bin/python3
[1.020s] -- Using PYTHON_INCLUDE_DIRS: /usr/include/python3.10
[1.020s] -- Using PYTHON_LIBRARIES: /usr/lib/x86_64-linux-gnu/libpython3.10.so
[1.039s] -- Found ament_lint_auto: 0.12.11 (/opt/ros/humble/share/ament_lint_auto/cmake)
[1.045s] -- Added test 'lint_cmake' to check CMake code style
[1.045s] -- Added test 'xmllint' to check XML markup files
[1.047s] -- Configuring done
[1.069s] -- Generating done
[1.078s] -- Build files have been written to: /home/idmx/ros2_ws_2/build/custom_interfaces
[1.084s] Invoked command in '/home/idmx/ros2_ws_2/build/custom_interfaces' returned '0': CMAKE_PREFIX_PATH=${CMAKE_PREFIX_PATH}:/home/idmx/ros2_ws_2/install/motor_control:/home/idmx/ros2_ws_2/install/basic_comms:/opt/ros/humble /usr/bin/cmake /home/idmx/ros2_ws_2/src/custom_interfaces -DCMAKE_INSTALL_PREFIX=/home/idmx/ros2_ws_2/install/custom_interfaces
[1.085s] Invoking command in '/home/idmx/ros2_ws_2/build/custom_interfaces': CMAKE_PREFIX_PATH=${CMAKE_PREFIX_PATH}:/home/idmx/ros2_ws_2/install/motor_control:/home/idmx/ros2_ws_2/install/basic_comms:/opt/ros/humble /usr/bin/cmake --build /home/idmx/ros2_ws_2/build/custom_interfaces -- -j12 -l12
[1.116s] [35m[1mConsolidate compiler generated dependencies of target custom_interfaces__rosidl_generator_c[0m
[1.124s] [  3%] Built target custom_interfaces__cpp
[1.124s] [ 12%] Built target custom_interfaces__rosidl_generator_c
[1.130s] [ 12%] Built target ament_cmake_python_symlink_custom_interfaces
[1.131s] [35m[1mConsolidate compiler generated dependencies of target custom_interfaces__rosidl_typesupport_cpp[0m
[1.132s] [35m[1mConsolidate compiler generated dependencies of target custom_interfaces__rosidl_typesupport_introspection_cpp[0m
[1.132s] [35m[1mConsolidate compiler generated dependencies of target custom_interfaces__rosidl_typesupport_fastrtps_cpp[0m
[1.140s] [35m[1mConsolidate compiler generated dependencies of target custom_interfaces__rosidl_typesupport_c[0m
[1.140s] [35m[1mConsolidate compiler generated dependencies of target custom_interfaces__rosidl_typesupport_fastrtps_c[0m
[1.141s] [35m[1mConsolidate compiler generated dependencies of target custom_interfaces__rosidl_typesupport_introspection_c[0m
[1.142s] [ 22%] Built target custom_interfaces__rosidl_typesupport_cpp
[1.145s] [ 38%] Built target custom_interfaces__rosidl_typesupport_introspection_cpp
[1.145s] [ 41%] Built target custom_interfaces__rosidl_typesupport_fastrtps_cpp
[1.149s] [ 51%] Built target custom_interfaces__rosidl_typesupport_c
[1.151s] [ 61%] Built target custom_interfaces__rosidl_typesupport_introspection_c
[1.151s] [ 70%] Built target custom_interfaces__rosidl_typesupport_fastrtps_c
[1.168s] [ 70%] Built target custom_interfaces
[1.186s] [ 74%] Built target custom_interfaces__py
[1.195s] [35m[1mConsolidate compiler generated dependencies of target custom_interfaces__rosidl_generator_py[0m
[1.207s] [ 80%] Built target custom_interfaces__rosidl_generator_py
[1.217s] [35m[1mConsolidate compiler generated dependencies of target custom_interfaces__rosidl_typesupport_introspection_c__pyext[0m
[1.217s] [35m[1mConsolidate compiler generated dependencies of target custom_interfaces__rosidl_typesupport_c__pyext[0m
[1.217s] [35m[1mConsolidate compiler generated dependencies of target custom_interfaces__rosidl_typesupport_fastrtps_c__pyext[0m
[1.228s] [100%] Built target custom_interfaces__rosidl_typesupport_c__pyext
[1.228s] [100%] Built target custom_interfaces__rosidl_typesupport_fastrtps_c__pyext
[1.228s] [100%] Built target custom_interfaces__rosidl_typesupport_introspection_c__pyext
[1.317s] running egg_info
[1.317s] writing custom_interfaces.egg-info/PKG-INFO
[1.317s] writing dependency_links to custom_interfaces.egg-info/dependency_links.txt
[1.317s] writing top-level names to custom_interfaces.egg-info/top_level.txt
[1.319s] reading manifest file 'custom_interfaces.egg-info/SOURCES.txt'
[1.319s] writing manifest file 'custom_interfaces.egg-info/SOURCES.txt'
[1.337s] [100%] Built target ament_cmake_python_build_custom_interfaces_egg
[1.345s] Invoked command in '/home/idmx/ros2_ws_2/build/custom_interfaces' returned '0': CMAKE_PREFIX_PATH=${CMAKE_PREFIX_PATH}:/home/idmx/ros2_ws_2/install/motor_control:/home/idmx/ros2_ws_2/install/basic_comms:/opt/ros/humble /usr/bin/cmake --build /home/idmx/ros2_ws_2/build/custom_interfaces -- -j12 -l12
[1.352s] Invoking command in '/home/idmx/ros2_ws_2/build/custom_interfaces': CMAKE_PREFIX_PATH=${CMAKE_PREFIX_PATH}:/home/idmx/ros2_ws_2/install/motor_control:/home/idmx/ros2_ws_2/install/basic_comms:/opt/ros/humble /usr/bin/cmake --install /home/idmx/ros2_ws_2/build/custom_interfaces
[1.357s] -- Install configuration: ""
[1.357s] -- Execute custom install script
[1.357s] -- Up-to-date symlink: /home/idmx/ros2_ws_2/install/custom_interfaces/share/ament_index/resource_index/rosidl_interfaces/custom_interfaces
[1.357s] -- Up-to-date symlink: /home/idmx/ros2_ws_2/install/custom_interfaces/include/custom_interfaces/custom_interfaces/msg/rosidl_generator_c__visibility_control.h
[1.357s] -- Up-to-date symlink: /home/idmx/ros2_ws_2/install/custom_interfaces/include/custom_interfaces/custom_interfaces/srv/detail/set_process_bool__functions.h
[1.357s] -- Up-to-date symlink: /home/idmx/ros2_ws_2/install/custom_interfaces/include/custom_interfaces/custom_interfaces/srv/detail/set_process_bool__struct.h
[1.357s] -- Up-to-date symlink: /home/idmx/ros2_ws_2/install/custom_interfaces/include/custom_interfaces/custom_interfaces/srv/detail/set_process_bool__type_support.h
[1.358s] -- Up-to-date symlink: /home/idmx/ros2_ws_2/install/custom_interfaces/include/custom_interfaces/custom_interfaces/srv/set_process_bool.h
[1.358s] -- Up-to-date symlink: /home/idmx/ros2_ws_2/install/custom_interfaces/share/custom_interfaces/environment/library_path.sh
[1.358s] -- Up-to-date symlink: /home/idmx/ros2_ws_2/install/custom_interfaces/share/custom_interfaces/environment/library_path.dsv
[1.358s] -- Up-to-date symlink: /home/idmx/ros2_ws_2/install/custom_interfaces/include/custom_interfaces/custom_interfaces/msg/rosidl_typesupport_fastrtps_c__visibility_control.h
[1.358s] -- Up-to-date symlink: /home/idmx/ros2_ws_2/install/custom_interfaces/include/custom_interfaces/custom_interfaces/srv/detail/set_process_bool__rosidl_typesupport_fastrtps_c.h
[1.358s] -- Up-to-date symlink: /home/idmx/ros2_ws_2/install/custom_interfaces/include/custom_interfaces/custom_interfaces/msg/rosidl_generator_cpp__visibility_control.hpp
[1.358s] -- Up-to-date symlink: /home/idmx/ros2_ws_2/install/custom_interfaces/include/custom_interfaces/custom_interfaces/srv/detail/set_process_bool__builder.hpp
[1.358s] -- Up-to-date symlink: /home/idmx/ros2_ws_2/install/custom_interfaces/include/custom_interfaces/custom_interfaces/srv/detail/set_process_bool__struct.hpp
[1.358s] -- Up-to-date symlink: /home/idmx/ros2_ws_2/install/custom_interfaces/include/custom_interfaces/custom_interfaces/srv/detail/set_process_bool__traits.hpp
[1.358s] -- Up-to-date symlink: /home/idmx/ros2_ws_2/install/custom_interfaces/include/custom_interfaces/custom_interfaces/srv/detail/set_process_bool__type_support.hpp
[1.358s] -- Up-to-date symlink: /home/idmx/ros2_ws_2/install/custom_interfaces/include/custom_interfaces/custom_interfaces/srv/set_process_bool.hpp
[1.359s] -- Up-to-date symlink: /home/idmx/ros2_ws_2/install/custom_interfaces/include/custom_interfaces/custom_interfaces/msg/rosidl_typesupport_fastrtps_cpp__visibility_control.h
[1.359s] -- Up-to-date symlink: /home/idmx/ros2_ws_2/install/custom_interfaces/include/custom_interfaces/custom_interfaces/srv/detail/set_process_bool__rosidl_typesupport_fastrtps_cpp.hpp
[1.359s] -- Up-to-date symlink: /home/idmx/ros2_ws_2/install/custom_interfaces/include/custom_interfaces/custom_interfaces/msg/rosidl_typesupport_introspection_c__visibility_control.h
[1.359s] -- Up-to-date symlink: /home/idmx/ros2_ws_2/install/custom_interfaces/include/custom_interfaces/custom_interfaces/srv/detail/set_process_bool__rosidl_typesupport_introspection_c.h
[1.359s] -- Up-to-date symlink: /home/idmx/ros2_ws_2/install/custom_interfaces/include/custom_interfaces/custom_interfaces/srv/detail/set_process_bool__rosidl_typesupport_introspection_cpp.hpp
[1.359s] -- Up-to-date symlink: /home/idmx/ros2_ws_2/install/custom_interfaces/share/custom_interfaces/environment/pythonpath.sh
[1.359s] -- Up-to-date symlink: /home/idmx/ros2_ws_2/install/custom_interfaces/share/custom_interfaces/environment/pythonpath.dsv
[1.359s] -- Up-to-date symlink: /home/idmx/ros2_ws_2/install/custom_interfaces/local/lib/python3.10/dist-packages/custom_interfaces-0.0.0-py3.10.egg-info/PKG-INFO
[1.359s] -- Up-to-date symlink: /home/idmx/ros2_ws_2/install/custom_interfaces/local/lib/python3.10/dist-packages/custom_interfaces-0.0.0-py3.10.egg-info/SOURCES.txt
[1.360s] -- Up-to-date symlink: /home/idmx/ros2_ws_2/install/custom_interfaces/local/lib/python3.10/dist-packages/custom_interfaces-0.0.0-py3.10.egg-info/dependency_links.txt
[1.360s] -- Up-to-date symlink: /home/idmx/ros2_ws_2/install/custom_interfaces/local/lib/python3.10/dist-packages/custom_interfaces-0.0.0-py3.10.egg-info/top_level.txt
[1.360s] -- Up-to-date symlink: /home/idmx/ros2_ws_2/install/custom_interfaces/local/lib/python3.10/dist-packages/custom_interfaces/__init__.py
[1.360s] -- Up-to-date symlink: /home/idmx/ros2_ws_2/install/custom_interfaces/local/lib/python3.10/dist-packages/custom_interfaces/_custom_interfaces_s.ep.rosidl_typesupport_c.c
[1.360s] -- Up-to-date symlink: /home/idmx/ros2_ws_2/install/custom_interfaces/local/lib/python3.10/dist-packages/custom_interfaces/_custom_interfaces_s.ep.rosidl_typesupport_fastrtps_c.c
[1.360s] -- Up-to-date symlink: /home/idmx/ros2_ws_2/install/custom_interfaces/local/lib/python3.10/dist-packages/custom_interfaces/_custom_interfaces_s.ep.rosidl_typesupport_introspection_c.c
[1.360s] -- Up-to-date symlink: /home/idmx/ros2_ws_2/install/custom_interfaces/local/lib/python3.10/dist-packages/custom_interfaces/custom_interfaces_s__rosidl_typesupport_c.cpython-310-x86_64-linux-gnu.so
[1.360s] -- Up-to-date symlink: /home/idmx/ros2_ws_2/install/custom_interfaces/local/lib/python3.10/dist-packages/custom_interfaces/custom_interfaces_s__rosidl_typesupport_fastrtps_c.cpython-310-x86_64-linux-gnu.so
[1.360s] -- Up-to-date symlink: /home/idmx/ros2_ws_2/install/custom_interfaces/local/lib/python3.10/dist-packages/custom_interfaces/custom_interfaces_s__rosidl_typesupport_introspection_c.cpython-310-x86_64-linux-gnu.so
[1.360s] -- Up-to-date symlink: /home/idmx/ros2_ws_2/install/custom_interfaces/local/lib/python3.10/dist-packages/custom_interfaces/libcustom_interfaces__rosidl_generator_py.so
[1.360s] -- Up-to-date symlink: /home/idmx/ros2_ws_2/install/custom_interfaces/local/lib/python3.10/dist-packages/custom_interfaces/srv/__init__.py
[1.360s] -- Up-to-date symlink: /home/idmx/ros2_ws_2/install/custom_interfaces/local/lib/python3.10/dist-packages/custom_interfaces/srv/_set_process_bool.py
[1.361s] -- Up-to-date symlink: /home/idmx/ros2_ws_2/install/custom_interfaces/local/lib/python3.10/dist-packages/custom_interfaces/srv/_set_process_bool_s.c
[1.361s] -- Up-to-date symlink: /home/idmx/ros2_ws_2/install/custom_interfaces/local/lib/python3.10/dist-packages/custom_interfaces/custom_interfaces_s__rosidl_typesupport_fastrtps_c.cpython-310-x86_64-linux-gnu.so
[1.361s] -- Up-to-date symlink: /home/idmx/ros2_ws_2/install/custom_interfaces/local/lib/python3.10/dist-packages/custom_interfaces/custom_interfaces_s__rosidl_typesupport_introspection_c.cpython-310-x86_64-linux-gnu.so
[1.361s] -- Up-to-date symlink: /home/idmx/ros2_ws_2/install/custom_interfaces/local/lib/python3.10/dist-packages/custom_interfaces/custom_interfaces_s__rosidl_typesupport_c.cpython-310-x86_64-linux-gnu.so
[1.361s] -- Up-to-date symlink: /home/idmx/ros2_ws_2/install/custom_interfaces/share/custom_interfaces/srv/SetProcessBool.idl
[1.361s] -- Up-to-date symlink: /home/idmx/ros2_ws_2/install/custom_interfaces/share/custom_interfaces/srv/SetProcessBool.srv
[1.361s] -- Up-to-date symlink: /home/idmx/ros2_ws_2/install/custom_interfaces/share/custom_interfaces/srv/SetProcessBool_Request.msg
[1.361s] -- Up-to-date symlink: /home/idmx/ros2_ws_2/install/custom_interfaces/share/custom_interfaces/srv/SetProcessBool_Response.msg
[1.361s] -- Up-to-date symlink: /home/idmx/ros2_ws_2/install/custom_interfaces/share/ament_index/resource_index/package_run_dependencies/custom_interfaces
[1.361s] -- Up-to-date symlink: /home/idmx/ros2_ws_2/install/custom_interfaces/share/ament_index/resource_index/parent_prefix_path/custom_interfaces
[1.361s] -- Up-to-date symlink: /home/idmx/ros2_ws_2/install/custom_interfaces/share/custom_interfaces/environment/ament_prefix_path.sh
[1.361s] -- Up-to-date symlink: /home/idmx/ros2_ws_2/install/custom_interfaces/share/custom_interfaces/environment/ament_prefix_path.dsv
[1.362s] -- Up-to-date symlink: /home/idmx/ros2_ws_2/install/custom_interfaces/share/custom_interfaces/environment/path.sh
[1.362s] -- Up-to-date symlink: /home/idmx/ros2_ws_2/install/custom_interfaces/share/custom_interfaces/environment/path.dsv
[1.362s] -- Up-to-date symlink: /home/idmx/ros2_ws_2/install/custom_interfaces/share/custom_interfaces/local_setup.bash
[1.362s] -- Up-to-date symlink: /home/idmx/ros2_ws_2/install/custom_interfaces/share/custom_interfaces/local_setup.sh
[1.362s] -- Up-to-date symlink: /home/idmx/ros2_ws_2/install/custom_interfaces/share/custom_interfaces/local_setup.zsh
[1.362s] -- Up-to-date symlink: /home/idmx/ros2_ws_2/install/custom_interfaces/share/custom_interfaces/local_setup.dsv
[1.362s] -- Symlinking: /home/idmx/ros2_ws_2/install/custom_interfaces/share/custom_interfaces/package.dsv
[1.368s] -- Up-to-date symlink: /home/idmx/ros2_ws_2/install/custom_interfaces/share/ament_index/resource_index/packages/custom_interfaces
[1.368s] -- Up-to-date symlink: /home/idmx/ros2_ws_2/install/custom_interfaces/share/custom_interfaces/cmake/rosidl_cmake-extras.cmake
[1.368s] -- Up-to-date symlink: /home/idmx/ros2_ws_2/install/custom_interfaces/share/custom_interfaces/cmake/ament_cmake_export_dependencies-extras.cmake
[1.368s] -- Up-to-date symlink: /home/idmx/ros2_ws_2/install/custom_interfaces/share/custom_interfaces/cmake/ament_cmake_export_include_directories-extras.cmake
[1.368s] -- Up-to-date symlink: /home/idmx/ros2_ws_2/install/custom_interfaces/share/custom_interfaces/cmake/ament_cmake_export_libraries-extras.cmake
[1.368s] -- Up-to-date symlink: /home/idmx/ros2_ws_2/install/custom_interfaces/share/custom_interfaces/cmake/ament_cmake_export_targets-extras.cmake
[1.368s] -- Up-to-date symlink: /home/idmx/ros2_ws_2/install/custom_interfaces/share/custom_interfaces/cmake/rosidl_cmake_export_typesupport_targets-extras.cmake
[1.369s] -- Up-to-date symlink: /home/idmx/ros2_ws_2/install/custom_interfaces/share/custom_interfaces/cmake/rosidl_cmake_export_typesupport_libraries-extras.cmake
[1.369s] -- Up-to-date symlink: /home/idmx/ros2_ws_2/install/custom_interfaces/share/custom_interfaces/cmake/custom_interfacesConfig.cmake
[1.369s] -- Up-to-date symlink: /home/idmx/ros2_ws_2/install/custom_interfaces/share/custom_interfaces/cmake/custom_interfacesConfig-version.cmake
[1.369s] -- Up-to-date symlink: /home/idmx/ros2_ws_2/install/custom_interfaces/share/custom_interfaces/package.xml
[1.369s] -- Up-to-date: /home/idmx/ros2_ws_2/install/custom_interfaces/lib/libcustom_interfaces__rosidl_generator_c.so
[1.369s] -- Up-to-date: /home/idmx/ros2_ws_2/install/custom_interfaces/lib/libcustom_interfaces__rosidl_typesupport_fastrtps_c.so
[1.369s] -- Up-to-date: /home/idmx/ros2_ws_2/install/custom_interfaces/lib/libcustom_interfaces__rosidl_typesupport_fastrtps_cpp.so
[1.369s] -- Up-to-date: /home/idmx/ros2_ws_2/install/custom_interfaces/lib/libcustom_interfaces__rosidl_typesupport_introspection_c.so
[1.369s] -- Up-to-date: /home/idmx/ros2_ws_2/install/custom_interfaces/lib/libcustom_interfaces__rosidl_typesupport_c.so
[1.370s] -- Up-to-date: /home/idmx/ros2_ws_2/install/custom_interfaces/lib/libcustom_interfaces__rosidl_typesupport_introspection_cpp.so
[1.370s] -- Up-to-date: /home/idmx/ros2_ws_2/install/custom_interfaces/lib/libcustom_interfaces__rosidl_typesupport_cpp.so
[1.393s] Listing '/home/idmx/ros2_ws_2/install/custom_interfaces/local/lib/python3.10/dist-packages/custom_interfaces'...
[1.393s] Compiling '/home/idmx/ros2_ws_2/install/custom_interfaces/local/lib/python3.10/dist-packages/custom_interfaces/__init__.py'...
[1.393s] Listing '/home/idmx/ros2_ws_2/install/custom_interfaces/local/lib/python3.10/dist-packages/custom_interfaces/srv'...
[1.396s] -- Up-to-date: /home/idmx/ros2_ws_2/install/custom_interfaces/lib/libcustom_interfaces__rosidl_generator_py.so
[1.396s] -- Up-to-date: /home/idmx/ros2_ws_2/install/custom_interfaces/share/custom_interfaces/cmake/export_custom_interfaces__rosidl_generator_cExport.cmake
[1.396s] -- Up-to-date: /home/idmx/ros2_ws_2/install/custom_interfaces/share/custom_interfaces/cmake/export_custom_interfaces__rosidl_generator_cExport-noconfig.cmake
[1.396s] -- Up-to-date: /home/idmx/ros2_ws_2/install/custom_interfaces/share/custom_interfaces/cmake/export_custom_interfaces__rosidl_typesupport_fastrtps_cExport.cmake
[1.396s] -- Up-to-date: /home/idmx/ros2_ws_2/install/custom_interfaces/share/custom_interfaces/cmake/export_custom_interfaces__rosidl_typesupport_fastrtps_cExport-noconfig.cmake
[1.396s] -- Up-to-date: /home/idmx/ros2_ws_2/install/custom_interfaces/share/custom_interfaces/cmake/export_custom_interfaces__rosidl_generator_cppExport.cmake
[1.396s] -- Up-to-date: /home/idmx/ros2_ws_2/install/custom_interfaces/share/custom_interfaces/cmake/export_custom_interfaces__rosidl_typesupport_fastrtps_cppExport.cmake
[1.396s] -- Up-to-date: /home/idmx/ros2_ws_2/install/custom_interfaces/share/custom_interfaces/cmake/export_custom_interfaces__rosidl_typesupport_fastrtps_cppExport-noconfig.cmake
[1.396s] -- Up-to-date: /home/idmx/ros2_ws_2/install/custom_interfaces/share/custom_interfaces/cmake/custom_interfaces__rosidl_typesupport_introspection_cExport.cmake
[1.396s] -- Up-to-date: /home/idmx/ros2_ws_2/install/custom_interfaces/share/custom_interfaces/cmake/custom_interfaces__rosidl_typesupport_introspection_cExport-noconfig.cmake
[1.396s] -- Up-to-date: /home/idmx/ros2_ws_2/install/custom_interfaces/share/custom_interfaces/cmake/custom_interfaces__rosidl_typesupport_cExport.cmake
[1.396s] -- Up-to-date: /home/idmx/ros2_ws_2/install/custom_interfaces/share/custom_interfaces/cmake/custom_interfaces__rosidl_typesupport_cExport-noconfig.cmake
[1.397s] -- Up-to-date: /home/idmx/ros2_ws_2/install/custom_interfaces/share/custom_interfaces/cmake/custom_interfaces__rosidl_typesupport_introspection_cppExport.cmake
[1.397s] -- Up-to-date: /home/idmx/ros2_ws_2/install/custom_interfaces/share/custom_interfaces/cmake/custom_interfaces__rosidl_typesupport_introspection_cppExport-noconfig.cmake
[1.397s] -- Up-to-date: /home/idmx/ros2_ws_2/install/custom_interfaces/share/custom_interfaces/cmake/custom_interfaces__rosidl_typesupport_cppExport.cmake
[1.397s] -- Up-to-date: /home/idmx/ros2_ws_2/install/custom_interfaces/share/custom_interfaces/cmake/custom_interfaces__rosidl_typesupport_cppExport-noconfig.cmake
[1.397s] -- Up-to-date: /home/idmx/ros2_ws_2/install/custom_interfaces/share/custom_interfaces/cmake/export_custom_interfaces__rosidl_generator_pyExport.cmake
[1.397s] -- Up-to-date: /home/idmx/ros2_ws_2/install/custom_interfaces/share/custom_interfaces/cmake/export_custom_interfaces__rosidl_generator_pyExport-noconfig.cmake
[1.398s] Invoked command in '/home/idmx/ros2_ws_2/build/custom_interfaces' returned '0': CMAKE_PREFIX_PATH=${CMAKE_PREFIX_PATH}:/home/idmx/ros2_ws_2/install/motor_control:/home/idmx/ros2_ws_2/install/basic_comms:/opt/ros/humble /usr/bin/cmake --install /home/idmx/ros2_ws_2/build/custom_interfaces
