[0.168s] Invoking command in '/home/idmx/ros2_ws_2/build/custom_interfaces': CMAKE_PREFIX_PATH=${CMAKE_PREFIX_PATH}:/home/idmx/ros2_ws_2/install/motor_control:/home/idmx/ros2_ws_2/install/basic_comms:/opt/ros/humble /usr/bin/cmake /home/idmx/ros2_ws_2/src/custom_interfaces -DAMENT_CMAKE_SYMLINK_INSTALL=1 -DCMAKE_INSTALL_PREFIX=/home/idmx/ros2_ws_2/install/custom_interfaces
[0.220s] -- The C compiler identification is GNU 11.4.0
[0.272s] -- The CXX compiler identification is GNU 11.4.0
[0.278s] -- Detecting C compiler ABI info
[0.326s] -- Detecting C compiler ABI info - done
[0.334s] -- Check for working C compiler: /usr/bin/cc - skipped
[0.335s] -- Detecting C compile features
[0.335s] -- Detecting C compile features - done
[0.338s] -- Detecting CXX compiler ABI info
[0.397s] -- Detecting CXX compiler ABI info - done
[0.402s] -- Check for working CXX compiler: /usr/bin/c++ - skipped
[0.402s] -- Detecting CXX compile features
[0.402s] -- Detecting CXX compile features - done
[0.405s] -- Found ament_cmake: 1.3.11 (/opt/ros/humble/share/ament_cmake/cmake)
[0.516s] -- Found Python3: /usr/bin/python3 (found version "3.10.12") found components: Interpreter 
[0.571s] -- Override CMake install command with custom implementation using symlinks instead of copying resources
[0.593s] -- Found std_msgs: 4.2.4 (/opt/ros/humble/share/std_msgs/cmake)
[0.620s] -- Found rosidl_generator_c: 3.1.6 (/opt/ros/humble/share/rosidl_generator_c/cmake)
[0.624s] -- Found rosidl_adapter: 3.1.6 (/opt/ros/humble/share/rosidl_adapter/cmake)
[0.630s] -- Found rosidl_generator_cpp: 3.1.6 (/opt/ros/humble/share/rosidl_generator_cpp/cmake)
[0.640s] -- Using all available rosidl_typesupport_c: rosidl_typesupport_fastrtps_c;rosidl_typesupport_introspection_c
[0.653s] -- Using all available rosidl_typesupport_cpp: rosidl_typesupport_fastrtps_cpp;rosidl_typesupport_introspection_cpp
[0.674s] -- Found geometry_msgs: 4.2.4 (/opt/ros/humble/share/geometry_msgs/cmake)
[0.686s] -- Found rosidl_default_generators: 1.2.0 (/opt/ros/humble/share/rosidl_default_generators/cmake)
[0.902s] -- Found ament_cmake_ros: 0.10.0 (/opt/ros/humble/share/ament_cmake_ros/cmake)
[1.142s] -- Using all available rosidl_typesupport_c: rosidl_typesupport_fastrtps_c;rosidl_typesupport_introspection_c
[1.247s] -- Using all available rosidl_typesupport_cpp: rosidl_typesupport_fastrtps_cpp;rosidl_typesupport_introspection_cpp
[1.263s] -- Found PythonInterp: /usr/bin/python3 (found suitable version "3.10.12", minimum required is "3.6") 
[1.264s] -- Found python_cmake_module: 0.10.0 (/opt/ros/humble/share/python_cmake_module/cmake)
[1.284s] -- Found PythonLibs: /usr/lib/x86_64-linux-gnu/libpython3.10.so (found suitable version "3.10.12", minimum required is "3.5") 
[1.284s] -- Using PYTHON_EXECUTABLE: /usr/bin/python3
[1.284s] -- Using PYTHON_INCLUDE_DIRS: /usr/include/python3.10
[1.284s] -- Using PYTHON_LIBRARIES: /usr/lib/x86_64-linux-gnu/libpython3.10.so
[1.305s] -- Found PythonExtra: .so  
[1.341s] -- Found ament_lint_auto: 0.12.11 (/opt/ros/humble/share/ament_lint_auto/cmake)
[1.358s] -- Added test 'lint_cmake' to check CMake code style
[1.359s] -- Added test 'xmllint' to check XML markup files
[1.363s] -- Configuring done
[1.392s] -- Generating done
[1.401s] -- Build files have been written to: /home/idmx/ros2_ws_2/build/custom_interfaces
[1.409s] Invoked command in '/home/idmx/ros2_ws_2/build/custom_interfaces' returned '0': CMAKE_PREFIX_PATH=${CMAKE_PREFIX_PATH}:/home/idmx/ros2_ws_2/install/motor_control:/home/idmx/ros2_ws_2/install/basic_comms:/opt/ros/humble /usr/bin/cmake /home/idmx/ros2_ws_2/src/custom_interfaces -DAMENT_CMAKE_SYMLINK_INSTALL=1 -DCMAKE_INSTALL_PREFIX=/home/idmx/ros2_ws_2/install/custom_interfaces
[1.410s] Invoking command in '/home/idmx/ros2_ws_2/build/custom_interfaces': CMAKE_PREFIX_PATH=${CMAKE_PREFIX_PATH}:/home/idmx/ros2_ws_2/install/motor_control:/home/idmx/ros2_ws_2/install/basic_comms:/opt/ros/humble /usr/bin/cmake --build /home/idmx/ros2_ws_2/build/custom_interfaces -- -j12 -l12
[1.435s] [  3%] [34m[1mGenerating C code for ROS interfaces[0m
[1.443s] [  6%] [34m[1mGenerating C++ code for ROS interfaces[0m
[1.448s] [  6%] Built target ament_cmake_python_symlink_custom_interfaces
[1.630s] running egg_info
[1.630s] creating custom_interfaces.egg-info
[1.631s] writing custom_interfaces.egg-info/PKG-INFO
[1.631s] writing dependency_links to custom_interfaces.egg-info/dependency_links.txt
[1.631s] writing top-level names to custom_interfaces.egg-info/top_level.txt
[1.631s] writing manifest file 'custom_interfaces.egg-info/SOURCES.txt'
[1.632s] reading manifest file 'custom_interfaces.egg-info/SOURCES.txt'
[1.633s] writing manifest file 'custom_interfaces.egg-info/SOURCES.txt'
[1.655s] [  6%] Built target ament_cmake_python_build_custom_interfaces_egg
[1.673s] [  6%] Built target custom_interfaces__cpp
[1.674s] [  9%] [32mBuilding C object CMakeFiles/custom_interfaces__rosidl_generator_c.dir/rosidl_generator_c/custom_interfaces/srv/detail/set_process_bool__functions.c.o[0m
[1.680s] [ 19%] [34m[1mGenerating C++ type support dispatch for ROS interfaces[0m
[1.680s] [ 19%] [34m[1mGenerating C++ type support for eProsima Fast-RTPS[0m
[1.680s] [ 19%] [34m[1mGenerating C++ introspection for ROS interfaces[0m
[1.722s] [ 22%] [32m[1mLinking C shared library libcustom_interfaces__rosidl_generator_c.so[0m
[1.752s] [ 22%] Built target custom_interfaces__rosidl_generator_c
[1.760s] [ 32%] [34m[1mGenerating C type support for eProsima Fast-RTPS[0m
[1.760s] [ 32%] [34m[1mGenerating C introspection for ROS interfaces[0m
[1.760s] [ 32%] [34m[1mGenerating C type support dispatch for ROS interfaces[0m
[1.899s] [ 35%] [32mBuilding CXX object CMakeFiles/custom_interfaces__rosidl_typesupport_cpp.dir/rosidl_typesupport_cpp/custom_interfaces/srv/set_process_bool__type_support.cpp.o[0m
[1.922s] [ 38%] [32mBuilding CXX object CMakeFiles/custom_interfaces__rosidl_typesupport_introspection_cpp.dir/rosidl_typesupport_introspection_cpp/custom_interfaces/srv/detail/set_process_bool__type_support.cpp.o[0m
[1.929s] [ 41%] [32mBuilding CXX object CMakeFiles/custom_interfaces__rosidl_typesupport_fastrtps_cpp.dir/rosidl_typesupport_fastrtps_cpp/custom_interfaces/srv/detail/dds_fastrtps/set_process_bool__type_support.cpp.o[0m
[1.985s] [ 45%] [32mBuilding CXX object CMakeFiles/custom_interfaces__rosidl_typesupport_c.dir/rosidl_typesupport_c/custom_interfaces/srv/set_process_bool__type_support.cpp.o[0m
[2.013s] [ 48%] [32m[1mLinking CXX shared library libcustom_interfaces__rosidl_typesupport_c.so[0m
[2.025s] [ 51%] [32mBuilding CXX object CMakeFiles/custom_interfaces__rosidl_typesupport_fastrtps_c.dir/rosidl_typesupport_fastrtps_c/custom_interfaces/srv/detail/set_process_bool__type_support_c.cpp.o[0m
[2.044s] [ 54%] [32mBuilding C object CMakeFiles/custom_interfaces__rosidl_typesupport_introspection_c.dir/rosidl_typesupport_introspection_c/custom_interfaces/srv/detail/set_process_bool__type_support.c.o[0m
[2.046s] [ 54%] Built target custom_interfaces__rosidl_typesupport_c
[2.073s] [ 58%] [32m[1mLinking C shared library libcustom_interfaces__rosidl_typesupport_introspection_c.so[0m
[2.100s] [ 58%] Built target custom_interfaces__rosidl_typesupport_introspection_c
[2.125s] [ 61%] [32m[1mLinking CXX shared library libcustom_interfaces__rosidl_typesupport_cpp.so[0m
[2.160s] [ 61%] Built target custom_interfaces__rosidl_typesupport_cpp
[2.227s] [ 64%] [32m[1mLinking CXX shared library libcustom_interfaces__rosidl_typesupport_introspection_cpp.so[0m
[2.259s] [ 67%] [32m[1mLinking CXX shared library libcustom_interfaces__rosidl_typesupport_fastrtps_cpp.so[0m
[2.292s] [ 67%] Built target custom_interfaces__rosidl_typesupport_introspection_cpp
[2.331s] [ 67%] Built target custom_interfaces__rosidl_typesupport_fastrtps_cpp
[2.332s] [ 70%] [32m[1mLinking CXX shared library libcustom_interfaces__rosidl_typesupport_fastrtps_c.so[0m
[2.383s] [ 70%] Built target custom_interfaces__rosidl_typesupport_fastrtps_c
[2.397s] [ 70%] Built target custom_interfaces
[2.411s] [ 74%] [34m[1mGenerating Python code for ROS interfaces[0m
[2.721s] [ 74%] Built target custom_interfaces__py
[2.736s] [ 77%] [32mBuilding C object CMakeFiles/custom_interfaces__rosidl_generator_py.dir/rosidl_generator_py/custom_interfaces/srv/_set_process_bool_s.c.o[0m
[2.818s] [ 80%] [32m[1mLinking C shared library rosidl_generator_py/custom_interfaces/libcustom_interfaces__rosidl_generator_py.so[0m
[2.847s] [ 80%] Built target custom_interfaces__rosidl_generator_py
[2.862s] [ 90%] [32mBuilding C object CMakeFiles/custom_interfaces__rosidl_typesupport_c__pyext.dir/rosidl_generator_py/custom_interfaces/_custom_interfaces_s.ep.rosidl_typesupport_c.c.o[0m
[2.862s] [ 90%] [32mBuilding C object CMakeFiles/custom_interfaces__rosidl_typesupport_fastrtps_c__pyext.dir/rosidl_generator_py/custom_interfaces/_custom_interfaces_s.ep.rosidl_typesupport_fastrtps_c.c.o[0m
[2.862s] [ 90%] [32mBuilding C object CMakeFiles/custom_interfaces__rosidl_typesupport_introspection_c__pyext.dir/rosidl_generator_py/custom_interfaces/_custom_interfaces_s.ep.rosidl_typesupport_introspection_c.c.o[0m
[2.934s] [100%] [32m[1mLinking C shared library rosidl_generator_py/custom_interfaces/custom_interfaces_s__rosidl_typesupport_c.cpython-310-x86_64-linux-gnu.so[0m
[2.934s] [100%] [32m[1mLinking C shared library rosidl_generator_py/custom_interfaces/custom_interfaces_s__rosidl_typesupport_fastrtps_c.cpython-310-x86_64-linux-gnu.so[0m
[2.934s] [100%] [32m[1mLinking C shared library rosidl_generator_py/custom_interfaces/custom_interfaces_s__rosidl_typesupport_introspection_c.cpython-310-x86_64-linux-gnu.so[0m
[2.961s] [100%] Built target custom_interfaces__rosidl_typesupport_introspection_c__pyext
[2.961s] [100%] Built target custom_interfaces__rosidl_typesupport_c__pyext
[2.961s] [100%] Built target custom_interfaces__rosidl_typesupport_fastrtps_c__pyext
[2.969s] Invoked command in '/home/idmx/ros2_ws_2/build/custom_interfaces' returned '0': CMAKE_PREFIX_PATH=${CMAKE_PREFIX_PATH}:/home/idmx/ros2_ws_2/install/motor_control:/home/idmx/ros2_ws_2/install/basic_comms:/opt/ros/humble /usr/bin/cmake --build /home/idmx/ros2_ws_2/build/custom_interfaces -- -j12 -l12
[2.976s] Invoking command in '/home/idmx/ros2_ws_2/build/custom_interfaces': CMAKE_PREFIX_PATH=${CMAKE_PREFIX_PATH}:/home/idmx/ros2_ws_2/install/motor_control:/home/idmx/ros2_ws_2/install/basic_comms:/opt/ros/humble /usr/bin/cmake --install /home/idmx/ros2_ws_2/build/custom_interfaces
[2.982s] -- Install configuration: ""
[2.982s] -- Execute custom install script
[2.982s] -- Symlinking: /home/idmx/ros2_ws_2/install/custom_interfaces/share/ament_index/resource_index/rosidl_interfaces/custom_interfaces
[2.989s] -- Symlinking: /home/idmx/ros2_ws_2/install/custom_interfaces/include/custom_interfaces/custom_interfaces/msg/rosidl_generator_c__visibility_control.h
[2.995s] -- Symlinking: /home/idmx/ros2_ws_2/install/custom_interfaces/include/custom_interfaces/custom_interfaces/srv/detail/set_process_bool__functions.h
[3.001s] -- Symlinking: /home/idmx/ros2_ws_2/install/custom_interfaces/include/custom_interfaces/custom_interfaces/srv/detail/set_process_bool__struct.h
[3.007s] -- Symlinking: /home/idmx/ros2_ws_2/install/custom_interfaces/include/custom_interfaces/custom_interfaces/srv/detail/set_process_bool__type_support.h
[3.013s] -- Symlinking: /home/idmx/ros2_ws_2/install/custom_interfaces/include/custom_interfaces/custom_interfaces/srv/set_process_bool.h
[3.020s] -- Symlinking: /home/idmx/ros2_ws_2/install/custom_interfaces/share/custom_interfaces/environment/library_path.sh
[3.026s] -- Symlinking: /home/idmx/ros2_ws_2/install/custom_interfaces/share/custom_interfaces/environment/library_path.dsv
[3.033s] -- Symlinking: /home/idmx/ros2_ws_2/install/custom_interfaces/include/custom_interfaces/custom_interfaces/msg/rosidl_typesupport_fastrtps_c__visibility_control.h
[3.039s] -- Symlinking: /home/idmx/ros2_ws_2/install/custom_interfaces/include/custom_interfaces/custom_interfaces/srv/detail/set_process_bool__rosidl_typesupport_fastrtps_c.h
[3.045s] -- Symlinking: /home/idmx/ros2_ws_2/install/custom_interfaces/include/custom_interfaces/custom_interfaces/msg/rosidl_generator_cpp__visibility_control.hpp
[3.050s] -- Symlinking: /home/idmx/ros2_ws_2/install/custom_interfaces/include/custom_interfaces/custom_interfaces/srv/detail/set_process_bool__builder.hpp
[3.056s] -- Symlinking: /home/idmx/ros2_ws_2/install/custom_interfaces/include/custom_interfaces/custom_interfaces/srv/detail/set_process_bool__struct.hpp
[3.061s] -- Symlinking: /home/idmx/ros2_ws_2/install/custom_interfaces/include/custom_interfaces/custom_interfaces/srv/detail/set_process_bool__traits.hpp
[3.067s] -- Symlinking: /home/idmx/ros2_ws_2/install/custom_interfaces/include/custom_interfaces/custom_interfaces/srv/detail/set_process_bool__type_support.hpp
[3.074s] -- Symlinking: /home/idmx/ros2_ws_2/install/custom_interfaces/include/custom_interfaces/custom_interfaces/srv/set_process_bool.hpp
[3.080s] -- Symlinking: /home/idmx/ros2_ws_2/install/custom_interfaces/include/custom_interfaces/custom_interfaces/msg/rosidl_typesupport_fastrtps_cpp__visibility_control.h
[3.086s] -- Symlinking: /home/idmx/ros2_ws_2/install/custom_interfaces/include/custom_interfaces/custom_interfaces/srv/detail/set_process_bool__rosidl_typesupport_fastrtps_cpp.hpp
[3.092s] -- Symlinking: /home/idmx/ros2_ws_2/install/custom_interfaces/include/custom_interfaces/custom_interfaces/msg/rosidl_typesupport_introspection_c__visibility_control.h
[3.098s] -- Symlinking: /home/idmx/ros2_ws_2/install/custom_interfaces/include/custom_interfaces/custom_interfaces/srv/detail/set_process_bool__rosidl_typesupport_introspection_c.h
[3.104s] -- Symlinking: /home/idmx/ros2_ws_2/install/custom_interfaces/include/custom_interfaces/custom_interfaces/srv/detail/set_process_bool__rosidl_typesupport_introspection_cpp.hpp
[3.110s] -- Symlinking: /home/idmx/ros2_ws_2/install/custom_interfaces/share/custom_interfaces/environment/pythonpath.sh
[3.116s] -- Symlinking: /home/idmx/ros2_ws_2/install/custom_interfaces/share/custom_interfaces/environment/pythonpath.dsv
[3.122s] -- Symlinking: /home/idmx/ros2_ws_2/install/custom_interfaces/local/lib/python3.10/dist-packages/custom_interfaces-0.0.0-py3.10.egg-info/PKG-INFO
[3.128s] -- Symlinking: /home/idmx/ros2_ws_2/install/custom_interfaces/local/lib/python3.10/dist-packages/custom_interfaces-0.0.0-py3.10.egg-info/SOURCES.txt
[3.133s] -- Symlinking: /home/idmx/ros2_ws_2/install/custom_interfaces/local/lib/python3.10/dist-packages/custom_interfaces-0.0.0-py3.10.egg-info/dependency_links.txt
[3.139s] -- Symlinking: /home/idmx/ros2_ws_2/install/custom_interfaces/local/lib/python3.10/dist-packages/custom_interfaces-0.0.0-py3.10.egg-info/top_level.txt
[3.146s] -- Symlinking: /home/idmx/ros2_ws_2/install/custom_interfaces/local/lib/python3.10/dist-packages/custom_interfaces/__init__.py
[3.152s] -- Symlinking: /home/idmx/ros2_ws_2/install/custom_interfaces/local/lib/python3.10/dist-packages/custom_interfaces/_custom_interfaces_s.ep.rosidl_typesupport_c.c
[3.157s] -- Symlinking: /home/idmx/ros2_ws_2/install/custom_interfaces/local/lib/python3.10/dist-packages/custom_interfaces/_custom_interfaces_s.ep.rosidl_typesupport_fastrtps_c.c
[3.163s] -- Symlinking: /home/idmx/ros2_ws_2/install/custom_interfaces/local/lib/python3.10/dist-packages/custom_interfaces/_custom_interfaces_s.ep.rosidl_typesupport_introspection_c.c
[3.169s] -- Symlinking: /home/idmx/ros2_ws_2/install/custom_interfaces/local/lib/python3.10/dist-packages/custom_interfaces/custom_interfaces_s__rosidl_typesupport_c.cpython-310-x86_64-linux-gnu.so
[3.174s] -- Symlinking: /home/idmx/ros2_ws_2/install/custom_interfaces/local/lib/python3.10/dist-packages/custom_interfaces/custom_interfaces_s__rosidl_typesupport_fastrtps_c.cpython-310-x86_64-linux-gnu.so
[3.180s] -- Symlinking: /home/idmx/ros2_ws_2/install/custom_interfaces/local/lib/python3.10/dist-packages/custom_interfaces/custom_interfaces_s__rosidl_typesupport_introspection_c.cpython-310-x86_64-linux-gnu.so
[3.185s] -- Symlinking: /home/idmx/ros2_ws_2/install/custom_interfaces/local/lib/python3.10/dist-packages/custom_interfaces/libcustom_interfaces__rosidl_generator_py.so
[3.191s] -- Symlinking: /home/idmx/ros2_ws_2/install/custom_interfaces/local/lib/python3.10/dist-packages/custom_interfaces/srv/__init__.py
[3.198s] -- Symlinking: /home/idmx/ros2_ws_2/install/custom_interfaces/local/lib/python3.10/dist-packages/custom_interfaces/srv/_set_process_bool.py
[3.205s] -- Symlinking: /home/idmx/ros2_ws_2/install/custom_interfaces/local/lib/python3.10/dist-packages/custom_interfaces/srv/_set_process_bool_s.c
[3.212s] -- Up-to-date symlink: /home/idmx/ros2_ws_2/install/custom_interfaces/local/lib/python3.10/dist-packages/custom_interfaces/custom_interfaces_s__rosidl_typesupport_fastrtps_c.cpython-310-x86_64-linux-gnu.so
[3.212s] -- Up-to-date symlink: /home/idmx/ros2_ws_2/install/custom_interfaces/local/lib/python3.10/dist-packages/custom_interfaces/custom_interfaces_s__rosidl_typesupport_introspection_c.cpython-310-x86_64-linux-gnu.so
[3.212s] -- Up-to-date symlink: /home/idmx/ros2_ws_2/install/custom_interfaces/local/lib/python3.10/dist-packages/custom_interfaces/custom_interfaces_s__rosidl_typesupport_c.cpython-310-x86_64-linux-gnu.so
[3.213s] -- Symlinking: /home/idmx/ros2_ws_2/install/custom_interfaces/share/custom_interfaces/srv/SetProcessBool.idl
[3.220s] -- Symlinking: /home/idmx/ros2_ws_2/install/custom_interfaces/share/custom_interfaces/srv/SetProcessBool.srv
[3.226s] -- Symlinking: /home/idmx/ros2_ws_2/install/custom_interfaces/share/custom_interfaces/srv/SetProcessBool_Request.msg
[3.233s] -- Symlinking: /home/idmx/ros2_ws_2/install/custom_interfaces/share/custom_interfaces/srv/SetProcessBool_Response.msg
[3.240s] -- Symlinking: /home/idmx/ros2_ws_2/install/custom_interfaces/share/ament_index/resource_index/package_run_dependencies/custom_interfaces
[3.247s] -- Symlinking: /home/idmx/ros2_ws_2/install/custom_interfaces/share/ament_index/resource_index/parent_prefix_path/custom_interfaces
[3.253s] -- Symlinking: /home/idmx/ros2_ws_2/install/custom_interfaces/share/custom_interfaces/environment/ament_prefix_path.sh
[3.259s] -- Symlinking: /home/idmx/ros2_ws_2/install/custom_interfaces/share/custom_interfaces/environment/ament_prefix_path.dsv
[3.265s] -- Symlinking: /home/idmx/ros2_ws_2/install/custom_interfaces/share/custom_interfaces/environment/path.sh
[3.271s] -- Symlinking: /home/idmx/ros2_ws_2/install/custom_interfaces/share/custom_interfaces/environment/path.dsv
[3.277s] -- Symlinking: /home/idmx/ros2_ws_2/install/custom_interfaces/share/custom_interfaces/local_setup.bash
[3.283s] -- Symlinking: /home/idmx/ros2_ws_2/install/custom_interfaces/share/custom_interfaces/local_setup.sh
[3.289s] -- Symlinking: /home/idmx/ros2_ws_2/install/custom_interfaces/share/custom_interfaces/local_setup.zsh
[3.295s] -- Symlinking: /home/idmx/ros2_ws_2/install/custom_interfaces/share/custom_interfaces/local_setup.dsv
[3.301s] -- Symlinking: /home/idmx/ros2_ws_2/install/custom_interfaces/share/custom_interfaces/package.dsv
[3.307s] -- Symlinking: /home/idmx/ros2_ws_2/install/custom_interfaces/share/ament_index/resource_index/packages/custom_interfaces
[3.313s] -- Symlinking: /home/idmx/ros2_ws_2/install/custom_interfaces/share/custom_interfaces/cmake/rosidl_cmake-extras.cmake
[3.319s] -- Symlinking: /home/idmx/ros2_ws_2/install/custom_interfaces/share/custom_interfaces/cmake/ament_cmake_export_dependencies-extras.cmake
[3.325s] -- Symlinking: /home/idmx/ros2_ws_2/install/custom_interfaces/share/custom_interfaces/cmake/ament_cmake_export_include_directories-extras.cmake
[3.331s] -- Symlinking: /home/idmx/ros2_ws_2/install/custom_interfaces/share/custom_interfaces/cmake/ament_cmake_export_libraries-extras.cmake
[3.337s] -- Symlinking: /home/idmx/ros2_ws_2/install/custom_interfaces/share/custom_interfaces/cmake/ament_cmake_export_targets-extras.cmake
[3.343s] -- Symlinking: /home/idmx/ros2_ws_2/install/custom_interfaces/share/custom_interfaces/cmake/rosidl_cmake_export_typesupport_targets-extras.cmake
[3.349s] -- Symlinking: /home/idmx/ros2_ws_2/install/custom_interfaces/share/custom_interfaces/cmake/rosidl_cmake_export_typesupport_libraries-extras.cmake
[3.354s] -- Symlinking: /home/idmx/ros2_ws_2/install/custom_interfaces/share/custom_interfaces/cmake/custom_interfacesConfig.cmake
[3.360s] -- Symlinking: /home/idmx/ros2_ws_2/install/custom_interfaces/share/custom_interfaces/cmake/custom_interfacesConfig-version.cmake
[3.366s] -- Symlinking: /home/idmx/ros2_ws_2/install/custom_interfaces/share/custom_interfaces/package.xml
[3.372s] -- Installing: /home/idmx/ros2_ws_2/install/custom_interfaces/lib/libcustom_interfaces__rosidl_generator_c.so
[3.372s] -- Set runtime path of "/home/idmx/ros2_ws_2/install/custom_interfaces/lib/libcustom_interfaces__rosidl_generator_c.so" to ""
[3.372s] -- Installing: /home/idmx/ros2_ws_2/install/custom_interfaces/lib/libcustom_interfaces__rosidl_typesupport_fastrtps_c.so
[3.373s] -- Set runtime path of "/home/idmx/ros2_ws_2/install/custom_interfaces/lib/libcustom_interfaces__rosidl_typesupport_fastrtps_c.so" to ""
[3.373s] -- Installing: /home/idmx/ros2_ws_2/install/custom_interfaces/lib/libcustom_interfaces__rosidl_typesupport_fastrtps_cpp.so
[3.373s] -- Set runtime path of "/home/idmx/ros2_ws_2/install/custom_interfaces/lib/libcustom_interfaces__rosidl_typesupport_fastrtps_cpp.so" to ""
[3.373s] -- Installing: /home/idmx/ros2_ws_2/install/custom_interfaces/lib/libcustom_interfaces__rosidl_typesupport_introspection_c.so
[3.373s] -- Set runtime path of "/home/idmx/ros2_ws_2/install/custom_interfaces/lib/libcustom_interfaces__rosidl_typesupport_introspection_c.so" to ""
[3.373s] -- Installing: /home/idmx/ros2_ws_2/install/custom_interfaces/lib/libcustom_interfaces__rosidl_typesupport_c.so
[3.373s] -- Set runtime path of "/home/idmx/ros2_ws_2/install/custom_interfaces/lib/libcustom_interfaces__rosidl_typesupport_c.so" to ""
[3.373s] -- Installing: /home/idmx/ros2_ws_2/install/custom_interfaces/lib/libcustom_interfaces__rosidl_typesupport_introspection_cpp.so
[3.374s] -- Set runtime path of "/home/idmx/ros2_ws_2/install/custom_interfaces/lib/libcustom_interfaces__rosidl_typesupport_introspection_cpp.so" to ""
[3.374s] -- Installing: /home/idmx/ros2_ws_2/install/custom_interfaces/lib/libcustom_interfaces__rosidl_typesupport_cpp.so
[3.374s] -- Set runtime path of "/home/idmx/ros2_ws_2/install/custom_interfaces/lib/libcustom_interfaces__rosidl_typesupport_cpp.so" to ""
[3.400s] Listing '/home/idmx/ros2_ws_2/install/custom_interfaces/local/lib/python3.10/dist-packages/custom_interfaces'...
[3.400s] Compiling '/home/idmx/ros2_ws_2/install/custom_interfaces/local/lib/python3.10/dist-packages/custom_interfaces/__init__.py'...
[3.400s] Listing '/home/idmx/ros2_ws_2/install/custom_interfaces/local/lib/python3.10/dist-packages/custom_interfaces/srv'...
[3.400s] Compiling '/home/idmx/ros2_ws_2/install/custom_interfaces/local/lib/python3.10/dist-packages/custom_interfaces/srv/__init__.py'...
[3.400s] Compiling '/home/idmx/ros2_ws_2/install/custom_interfaces/local/lib/python3.10/dist-packages/custom_interfaces/srv/_set_process_bool.py'...
[3.403s] -- Installing: /home/idmx/ros2_ws_2/install/custom_interfaces/lib/libcustom_interfaces__rosidl_generator_py.so
[3.403s] -- Set runtime path of "/home/idmx/ros2_ws_2/install/custom_interfaces/lib/libcustom_interfaces__rosidl_generator_py.so" to ""
[3.403s] -- Installing: /home/idmx/ros2_ws_2/install/custom_interfaces/share/custom_interfaces/cmake/export_custom_interfaces__rosidl_generator_cExport.cmake
[3.403s] -- Installing: /home/idmx/ros2_ws_2/install/custom_interfaces/share/custom_interfaces/cmake/export_custom_interfaces__rosidl_generator_cExport-noconfig.cmake
[3.404s] -- Installing: /home/idmx/ros2_ws_2/install/custom_interfaces/share/custom_interfaces/cmake/export_custom_interfaces__rosidl_typesupport_fastrtps_cExport.cmake
[3.404s] -- Installing: /home/idmx/ros2_ws_2/install/custom_interfaces/share/custom_interfaces/cmake/export_custom_interfaces__rosidl_typesupport_fastrtps_cExport-noconfig.cmake
[3.404s] -- Installing: /home/idmx/ros2_ws_2/install/custom_interfaces/share/custom_interfaces/cmake/export_custom_interfaces__rosidl_generator_cppExport.cmake
[3.404s] -- Installing: /home/idmx/ros2_ws_2/install/custom_interfaces/share/custom_interfaces/cmake/export_custom_interfaces__rosidl_typesupport_fastrtps_cppExport.cmake
[3.404s] -- Installing: /home/idmx/ros2_ws_2/install/custom_interfaces/share/custom_interfaces/cmake/export_custom_interfaces__rosidl_typesupport_fastrtps_cppExport-noconfig.cmake
[3.404s] -- Installing: /home/idmx/ros2_ws_2/install/custom_interfaces/share/custom_interfaces/cmake/custom_interfaces__rosidl_typesupport_introspection_cExport.cmake
[3.404s] -- Installing: /home/idmx/ros2_ws_2/install/custom_interfaces/share/custom_interfaces/cmake/custom_interfaces__rosidl_typesupport_introspection_cExport-noconfig.cmake
[3.404s] -- Installing: /home/idmx/ros2_ws_2/install/custom_interfaces/share/custom_interfaces/cmake/custom_interfaces__rosidl_typesupport_cExport.cmake
[3.404s] -- Installing: /home/idmx/ros2_ws_2/install/custom_interfaces/share/custom_interfaces/cmake/custom_interfaces__rosidl_typesupport_cExport-noconfig.cmake
[3.404s] -- Installing: /home/idmx/ros2_ws_2/install/custom_interfaces/share/custom_interfaces/cmake/custom_interfaces__rosidl_typesupport_introspection_cppExport.cmake
[3.404s] -- Installing: /home/idmx/ros2_ws_2/install/custom_interfaces/share/custom_interfaces/cmake/custom_interfaces__rosidl_typesupport_introspection_cppExport-noconfig.cmake
[3.404s] -- Installing: /home/idmx/ros2_ws_2/install/custom_interfaces/share/custom_interfaces/cmake/custom_interfaces__rosidl_typesupport_cppExport.cmake
[3.405s] -- Installing: /home/idmx/ros2_ws_2/install/custom_interfaces/share/custom_interfaces/cmake/custom_interfaces__rosidl_typesupport_cppExport-noconfig.cmake
[3.405s] -- Installing: /home/idmx/ros2_ws_2/install/custom_interfaces/share/custom_interfaces/cmake/export_custom_interfaces__rosidl_generator_pyExport.cmake
[3.405s] -- Installing: /home/idmx/ros2_ws_2/install/custom_interfaces/share/custom_interfaces/cmake/export_custom_interfaces__rosidl_generator_pyExport-noconfig.cmake
[3.407s] Invoked command in '/home/idmx/ros2_ws_2/build/custom_interfaces' returned '0': CMAKE_PREFIX_PATH=${CMAKE_PREFIX_PATH}:/home/idmx/ros2_ws_2/install/motor_control:/home/idmx/ros2_ws_2/install/basic_comms:/opt/ros/humble /usr/bin/cmake --install /home/idmx/ros2_ws_2/build/custom_interfaces
