[0.068s] DEBUG:colcon:Command line arguments: ['/usr/bin/colcon', 'build', '--symlink-install']
[0.068s] DEBUG:colcon:Parsed command line arguments: Namespace(log_base=None, log_level=None, verb_name='build', build_base='build', install_base='install', merge_install=False, symlink_install=True, test_result_base=None, continue_on_error=False, executor='parallel', parallel_workers=12, event_handlers=None, ignore_user_meta=False, metas=['./colcon.meta'], base_paths=['.'], packages_ignore=None, packages_ignore_regex=None, paths=None, packages_up_to=None, packages_up_to_regex=None, packages_above=None, packages_above_and_dependencies=None, packages_above_depth=None, packages_select_by_dep=None, packages_skip_by_dep=None, packages_skip_up_to=None, packages_select_build_failed=False, packages_skip_build_finished=False, packages_select_test_failures=False, packages_skip_test_passed=False, packages_select=None, packages_skip=None, packages_select_regex=None, packages_skip_regex=None, packages_start=None, packages_end=None, allow_overriding=[], cmake_args=None, cmake_target=None, cmake_target_skip_unavailable=False, cmake_clean_cache=False, cmake_clean_first=False, cmake_force_configure=False, ament_cmake_args=None, catkin_cmake_args=None, catkin_skip_building_tests=False, mixin_files=None, mixin=None, verb_parser=<colcon_mixin.mixin.mixin_argument.MixinArgumentDecorator object at 0x70267b8222c0>, verb_extension=<colcon_core.verb.build.BuildVerb object at 0x70267b933280>, main=<bound method BuildVerb.main of <colcon_core.verb.build.BuildVerb object at 0x70267b933280>>, mixin_verb=('build',))
[0.175s] Level 1:colcon.colcon_core.package_discovery:discover_packages(colcon_meta) check parameters
[0.175s] Level 1:colcon.colcon_core.package_discovery:discover_packages(recursive) check parameters
[0.175s] Level 1:colcon.colcon_core.package_discovery:discover_packages(ignore) check parameters
[0.175s] Level 1:colcon.colcon_core.package_discovery:discover_packages(path) check parameters
[0.175s] Level 1:colcon.colcon_core.package_discovery:discover_packages(colcon_meta) discover
[0.175s] Level 1:colcon.colcon_core.package_discovery:discover_packages(recursive) discover
[0.175s] INFO:colcon.colcon_core.package_discovery:Crawling recursively for packages in '/home/idmx/ros2_ws_2'
[0.175s] Level 1:colcon.colcon_core.package_identification:_identify(.) by extensions ['ignore', 'ignore_ament_install']
[0.175s] Level 1:colcon.colcon_core.package_identification:_identify(.) by extension 'ignore'
[0.175s] Level 1:colcon.colcon_core.package_identification:_identify(.) by extension 'ignore_ament_install'
[0.175s] Level 1:colcon.colcon_core.package_identification:_identify(.) by extensions ['colcon_pkg']
[0.175s] Level 1:colcon.colcon_core.package_identification:_identify(.) by extension 'colcon_pkg'
[0.175s] Level 1:colcon.colcon_core.package_identification:_identify(.) by extensions ['colcon_meta']
[0.175s] Level 1:colcon.colcon_core.package_identification:_identify(.) by extension 'colcon_meta'
[0.175s] Level 1:colcon.colcon_core.package_identification:_identify(.) by extensions ['ros']
[0.175s] Level 1:colcon.colcon_core.package_identification:_identify(.) by extension 'ros'
[0.182s] Level 1:colcon.colcon_core.package_identification:_identify(.) by extensions ['cmake', 'python']
[0.182s] Level 1:colcon.colcon_core.package_identification:_identify(.) by extension 'cmake'
[0.183s] Level 1:colcon.colcon_core.package_identification:_identify(.) by extension 'python'
[0.183s] Level 1:colcon.colcon_core.package_identification:_identify(.) by extensions ['python_setup_py']
[0.183s] Level 1:colcon.colcon_core.package_identification:_identify(.) by extension 'python_setup_py'
[0.183s] Level 1:colcon.colcon_core.package_identification:_identify(build) by extensions ['ignore', 'ignore_ament_install']
[0.183s] Level 1:colcon.colcon_core.package_identification:_identify(build) by extension 'ignore'
[0.183s] Level 1:colcon.colcon_core.package_identification:_identify(build) ignored
[0.183s] Level 1:colcon.colcon_core.package_identification:_identify(install) by extensions ['ignore', 'ignore_ament_install']
[0.183s] Level 1:colcon.colcon_core.package_identification:_identify(install) by extension 'ignore'
[0.183s] Level 1:colcon.colcon_core.package_identification:_identify(install) ignored
[0.183s] Level 1:colcon.colcon_core.package_identification:_identify(log) by extensions ['ignore', 'ignore_ament_install']
[0.183s] Level 1:colcon.colcon_core.package_identification:_identify(log) by extension 'ignore'
[0.183s] Level 1:colcon.colcon_core.package_identification:_identify(log) ignored
[0.183s] Level 1:colcon.colcon_core.package_identification:_identify(src) by extensions ['ignore', 'ignore_ament_install']
[0.183s] Level 1:colcon.colcon_core.package_identification:_identify(src) by extension 'ignore'
[0.183s] Level 1:colcon.colcon_core.package_identification:_identify(src) by extension 'ignore_ament_install'
[0.183s] Level 1:colcon.colcon_core.package_identification:_identify(src) by extensions ['colcon_pkg']
[0.183s] Level 1:colcon.colcon_core.package_identification:_identify(src) by extension 'colcon_pkg'
[0.183s] Level 1:colcon.colcon_core.package_identification:_identify(src) by extensions ['colcon_meta']
[0.183s] Level 1:colcon.colcon_core.package_identification:_identify(src) by extension 'colcon_meta'
[0.183s] Level 1:colcon.colcon_core.package_identification:_identify(src) by extensions ['ros']
[0.183s] Level 1:colcon.colcon_core.package_identification:_identify(src) by extension 'ros'
[0.183s] Level 1:colcon.colcon_core.package_identification:_identify(src) by extensions ['cmake', 'python']
[0.183s] Level 1:colcon.colcon_core.package_identification:_identify(src) by extension 'cmake'
[0.183s] Level 1:colcon.colcon_core.package_identification:_identify(src) by extension 'python'
[0.183s] Level 1:colcon.colcon_core.package_identification:_identify(src) by extensions ['python_setup_py']
[0.183s] Level 1:colcon.colcon_core.package_identification:_identify(src) by extension 'python_setup_py'
[0.183s] Level 1:colcon.colcon_core.package_identification:_identify(src/basic_comms) by extensions ['ignore', 'ignore_ament_install']
[0.183s] Level 1:colcon.colcon_core.package_identification:_identify(src/basic_comms) by extension 'ignore'
[0.184s] Level 1:colcon.colcon_core.package_identification:_identify(src/basic_comms) by extension 'ignore_ament_install'
[0.184s] Level 1:colcon.colcon_core.package_identification:_identify(src/basic_comms) by extensions ['colcon_pkg']
[0.184s] Level 1:colcon.colcon_core.package_identification:_identify(src/basic_comms) by extension 'colcon_pkg'
[0.184s] Level 1:colcon.colcon_core.package_identification:_identify(src/basic_comms) by extensions ['colcon_meta']
[0.184s] Level 1:colcon.colcon_core.package_identification:_identify(src/basic_comms) by extension 'colcon_meta'
[0.184s] Level 1:colcon.colcon_core.package_identification:_identify(src/basic_comms) by extensions ['ros']
[0.184s] Level 1:colcon.colcon_core.package_identification:_identify(src/basic_comms) by extension 'ros'
[0.185s] DEBUG:colcon.colcon_core.package_identification:Package 'src/basic_comms' with type 'ros.ament_python' and name 'basic_comms'
[0.185s] Level 1:colcon.colcon_core.package_identification:_identify(src/custom_interfaces) by extensions ['ignore', 'ignore_ament_install']
[0.185s] Level 1:colcon.colcon_core.package_identification:_identify(src/custom_interfaces) by extension 'ignore'
[0.185s] Level 1:colcon.colcon_core.package_identification:_identify(src/custom_interfaces) by extension 'ignore_ament_install'
[0.185s] Level 1:colcon.colcon_core.package_identification:_identify(src/custom_interfaces) by extensions ['colcon_pkg']
[0.185s] Level 1:colcon.colcon_core.package_identification:_identify(src/custom_interfaces) by extension 'colcon_pkg'
[0.185s] Level 1:colcon.colcon_core.package_identification:_identify(src/custom_interfaces) by extensions ['colcon_meta']
[0.186s] Level 1:colcon.colcon_core.package_identification:_identify(src/custom_interfaces) by extension 'colcon_meta'
[0.186s] Level 1:colcon.colcon_core.package_identification:_identify(src/custom_interfaces) by extensions ['ros']
[0.186s] Level 1:colcon.colcon_core.package_identification:_identify(src/custom_interfaces) by extension 'ros'
[0.186s] DEBUG:colcon.colcon_core.package_identification:Package 'src/custom_interfaces' with type 'ros.ament_cmake' and name 'custom_interfaces'
[0.186s] Level 1:colcon.colcon_core.package_identification:_identify(src/motor_control) by extensions ['ignore', 'ignore_ament_install']
[0.186s] Level 1:colcon.colcon_core.package_identification:_identify(src/motor_control) by extension 'ignore'
[0.186s] Level 1:colcon.colcon_core.package_identification:_identify(src/motor_control) by extension 'ignore_ament_install'
[0.186s] Level 1:colcon.colcon_core.package_identification:_identify(src/motor_control) by extensions ['colcon_pkg']
[0.186s] Level 1:colcon.colcon_core.package_identification:_identify(src/motor_control) by extension 'colcon_pkg'
[0.186s] Level 1:colcon.colcon_core.package_identification:_identify(src/motor_control) by extensions ['colcon_meta']
[0.186s] Level 1:colcon.colcon_core.package_identification:_identify(src/motor_control) by extension 'colcon_meta'
[0.186s] Level 1:colcon.colcon_core.package_identification:_identify(src/motor_control) by extensions ['ros']
[0.186s] Level 1:colcon.colcon_core.package_identification:_identify(src/motor_control) by extension 'ros'
[0.187s] DEBUG:colcon.colcon_core.package_identification:Package 'src/motor_control' with type 'ros.ament_python' and name 'motor_control'
[0.187s] Level 1:colcon.colcon_core.package_discovery:discover_packages(recursive) using defaults
[0.187s] Level 1:colcon.colcon_core.package_discovery:discover_packages(ignore) discover
[0.187s] Level 1:colcon.colcon_core.package_discovery:discover_packages(ignore) using defaults
[0.187s] Level 1:colcon.colcon_core.package_discovery:discover_packages(path) discover
[0.187s] Level 1:colcon.colcon_core.package_discovery:discover_packages(path) using defaults
[0.208s] Level 1:colcon.colcon_core.package_discovery:discover_packages(prefix_path) check parameters
[0.208s] Level 1:colcon.colcon_core.package_discovery:discover_packages(prefix_path) discover
[0.210s] DEBUG:colcon.colcon_installed_package_information.package_discovery:Found 3 installed packages in /home/idmx/ros2_ws_2/install
[0.210s] DEBUG:colcon.colcon_installed_package_information.package_discovery:Found 0 installed packages in /home/idmx/ros2_ws_2/src/motor_control/motor_control/install
[0.210s] DEBUG:colcon.colcon_installed_package_information.package_discovery:Found 0 installed packages in /home/idmx/ros2_ws_2/src/motor_control/config/install
[0.210s] DEBUG:colcon.colcon_installed_package_information.package_discovery:Found 0 installed packages in /home/idmx/ros2_ws_2/src/motor_control/launch/install
[0.210s] DEBUG:colcon.colcon_installed_package_information.package_discovery:Found 3 installed packages in /home/idmx/ros2_ws_micro/install
[0.211s] DEBUG:colcon.colcon_installed_package_information.package_discovery:Found 271 installed packages in /opt/ros/humble
[0.212s] Level 1:colcon.colcon_core.package_discovery:discover_packages(prefix_path) using defaults
[0.235s] Level 5:colcon.colcon_core.verb:set package 'basic_comms' build argument 'cmake_args' from command line to 'None'
[0.235s] Level 5:colcon.colcon_core.verb:set package 'basic_comms' build argument 'cmake_target' from command line to 'None'
[0.235s] Level 5:colcon.colcon_core.verb:set package 'basic_comms' build argument 'cmake_target_skip_unavailable' from command line to 'False'
[0.235s] Level 5:colcon.colcon_core.verb:set package 'basic_comms' build argument 'cmake_clean_cache' from command line to 'False'
[0.235s] Level 5:colcon.colcon_core.verb:set package 'basic_comms' build argument 'cmake_clean_first' from command line to 'False'
[0.235s] Level 5:colcon.colcon_core.verb:set package 'basic_comms' build argument 'cmake_force_configure' from command line to 'False'
[0.235s] Level 5:colcon.colcon_core.verb:set package 'basic_comms' build argument 'ament_cmake_args' from command line to 'None'
[0.235s] Level 5:colcon.colcon_core.verb:set package 'basic_comms' build argument 'catkin_cmake_args' from command line to 'None'
[0.235s] Level 5:colcon.colcon_core.verb:set package 'basic_comms' build argument 'catkin_skip_building_tests' from command line to 'False'
[0.235s] DEBUG:colcon.colcon_core.verb:Building package 'basic_comms' with the following arguments: {'ament_cmake_args': None, 'build_base': '/home/idmx/ros2_ws_2/build/basic_comms', 'catkin_cmake_args': None, 'catkin_skip_building_tests': False, 'cmake_args': None, 'cmake_clean_cache': False, 'cmake_clean_first': False, 'cmake_force_configure': False, 'cmake_target': None, 'cmake_target_skip_unavailable': False, 'install_base': '/home/idmx/ros2_ws_2/install/basic_comms', 'merge_install': False, 'path': '/home/idmx/ros2_ws_2/src/basic_comms', 'symlink_install': True, 'test_result_base': None}
[0.235s] Level 5:colcon.colcon_core.verb:set package 'custom_interfaces' build argument 'cmake_args' from command line to 'None'
[0.235s] Level 5:colcon.colcon_core.verb:set package 'custom_interfaces' build argument 'cmake_target' from command line to 'None'
[0.235s] Level 5:colcon.colcon_core.verb:set package 'custom_interfaces' build argument 'cmake_target_skip_unavailable' from command line to 'False'
[0.235s] Level 5:colcon.colcon_core.verb:set package 'custom_interfaces' build argument 'cmake_clean_cache' from command line to 'False'
[0.235s] Level 5:colcon.colcon_core.verb:set package 'custom_interfaces' build argument 'cmake_clean_first' from command line to 'False'
[0.235s] Level 5:colcon.colcon_core.verb:set package 'custom_interfaces' build argument 'cmake_force_configure' from command line to 'False'
[0.235s] Level 5:colcon.colcon_core.verb:set package 'custom_interfaces' build argument 'ament_cmake_args' from command line to 'None'
[0.235s] Level 5:colcon.colcon_core.verb:set package 'custom_interfaces' build argument 'catkin_cmake_args' from command line to 'None'
[0.235s] Level 5:colcon.colcon_core.verb:set package 'custom_interfaces' build argument 'catkin_skip_building_tests' from command line to 'False'
[0.235s] DEBUG:colcon.colcon_core.verb:Building package 'custom_interfaces' with the following arguments: {'ament_cmake_args': None, 'build_base': '/home/idmx/ros2_ws_2/build/custom_interfaces', 'catkin_cmake_args': None, 'catkin_skip_building_tests': False, 'cmake_args': None, 'cmake_clean_cache': False, 'cmake_clean_first': False, 'cmake_force_configure': False, 'cmake_target': None, 'cmake_target_skip_unavailable': False, 'install_base': '/home/idmx/ros2_ws_2/install/custom_interfaces', 'merge_install': False, 'path': '/home/idmx/ros2_ws_2/src/custom_interfaces', 'symlink_install': True, 'test_result_base': None}
[0.236s] Level 5:colcon.colcon_core.verb:set package 'motor_control' build argument 'cmake_args' from command line to 'None'
[0.236s] Level 5:colcon.colcon_core.verb:set package 'motor_control' build argument 'cmake_target' from command line to 'None'
[0.236s] Level 5:colcon.colcon_core.verb:set package 'motor_control' build argument 'cmake_target_skip_unavailable' from command line to 'False'
[0.236s] Level 5:colcon.colcon_core.verb:set package 'motor_control' build argument 'cmake_clean_cache' from command line to 'False'
[0.236s] Level 5:colcon.colcon_core.verb:set package 'motor_control' build argument 'cmake_clean_first' from command line to 'False'
[0.236s] Level 5:colcon.colcon_core.verb:set package 'motor_control' build argument 'cmake_force_configure' from command line to 'False'
[0.236s] Level 5:colcon.colcon_core.verb:set package 'motor_control' build argument 'ament_cmake_args' from command line to 'None'
[0.236s] Level 5:colcon.colcon_core.verb:set package 'motor_control' build argument 'catkin_cmake_args' from command line to 'None'
[0.236s] Level 5:colcon.colcon_core.verb:set package 'motor_control' build argument 'catkin_skip_building_tests' from command line to 'False'
[0.236s] DEBUG:colcon.colcon_core.verb:Building package 'motor_control' with the following arguments: {'ament_cmake_args': None, 'build_base': '/home/idmx/ros2_ws_2/build/motor_control', 'catkin_cmake_args': None, 'catkin_skip_building_tests': False, 'cmake_args': None, 'cmake_clean_cache': False, 'cmake_clean_first': False, 'cmake_force_configure': False, 'cmake_target': None, 'cmake_target_skip_unavailable': False, 'install_base': '/home/idmx/ros2_ws_2/install/motor_control', 'merge_install': False, 'path': '/home/idmx/ros2_ws_2/src/motor_control', 'symlink_install': True, 'test_result_base': None}
[0.236s] INFO:colcon.colcon_core.executor:Executing jobs using 'parallel' executor
[0.237s] DEBUG:colcon.colcon_parallel_executor.executor.parallel:run_until_complete
[0.237s] INFO:colcon.colcon_ros.task.ament_python.build:Building ROS package in '/home/idmx/ros2_ws_2/src/basic_comms' with build type 'ament_python'
[0.237s] Level 1:colcon.colcon_core.shell:create_environment_hook('basic_comms', 'ament_prefix_path')
[0.238s] INFO:colcon.colcon_core.plugin_system:Skipping extension 'colcon_core.shell.bat': Not used on non-Windows systems
[0.238s] INFO:colcon.colcon_core.shell:Creating environment hook '/home/idmx/ros2_ws_2/install/basic_comms/share/basic_comms/hook/ament_prefix_path.ps1'
[0.239s] INFO:colcon.colcon_core.shell:Creating environment descriptor '/home/idmx/ros2_ws_2/install/basic_comms/share/basic_comms/hook/ament_prefix_path.dsv'
[0.239s] INFO:colcon.colcon_core.shell:Creating environment hook '/home/idmx/ros2_ws_2/install/basic_comms/share/basic_comms/hook/ament_prefix_path.sh'
[0.240s] INFO:colcon.colcon_core.shell:Skip shell extension 'powershell' for command environment: Not usable outside of PowerShell
[0.240s] DEBUG:colcon.colcon_core.shell:Skip shell extension 'dsv' for command environment
[0.243s] INFO:colcon.colcon_ros.task.ament_cmake.build:Building ROS package in '/home/idmx/ros2_ws_2/src/custom_interfaces' with build type 'ament_cmake'
[0.243s] INFO:colcon.colcon_cmake.task.cmake.build:Building CMake package in '/home/idmx/ros2_ws_2/src/custom_interfaces'
[0.243s] INFO:colcon.colcon_core.shell:Skip shell extension 'powershell' for command environment: Not usable outside of PowerShell
[0.243s] DEBUG:colcon.colcon_core.shell:Skip shell extension 'dsv' for command environment
[0.245s] INFO:colcon.colcon_ros.task.ament_python.build:Building ROS package in '/home/idmx/ros2_ws_2/src/motor_control' with build type 'ament_python'
[0.246s] Level 1:colcon.colcon_core.shell:create_environment_hook('motor_control', 'ament_prefix_path')
[0.246s] INFO:colcon.colcon_core.shell:Creating environment hook '/home/idmx/ros2_ws_2/install/motor_control/share/motor_control/hook/ament_prefix_path.ps1'
[0.246s] INFO:colcon.colcon_core.shell:Creating environment descriptor '/home/idmx/ros2_ws_2/install/motor_control/share/motor_control/hook/ament_prefix_path.dsv'
[0.246s] INFO:colcon.colcon_core.shell:Creating environment hook '/home/idmx/ros2_ws_2/install/motor_control/share/motor_control/hook/ament_prefix_path.sh'
[0.247s] INFO:colcon.colcon_core.shell:Skip shell extension 'powershell' for command environment: Not usable outside of PowerShell
[0.247s] DEBUG:colcon.colcon_core.shell:Skip shell extension 'dsv' for command environment
[0.409s] INFO:colcon.colcon_core.task.python.build:Building Python package in '/home/idmx/ros2_ws_2/src/basic_comms'
[0.410s] INFO:colcon.colcon_core.shell:Skip shell extension 'powershell' for command environment: Not usable outside of PowerShell
[0.410s] DEBUG:colcon.colcon_core.shell:Skip shell extension 'dsv' for command environment
[0.414s] DEBUG:colcon.colcon_core.event_handler.log_command:Invoking command in '/home/idmx/ros2_ws_2/build/custom_interfaces': CMAKE_PREFIX_PATH=${CMAKE_PREFIX_PATH}:/home/idmx/ros2_ws_2/install/motor_control:/home/idmx/ros2_ws_2/install/basic_comms:/opt/ros/humble /usr/bin/cmake /home/idmx/ros2_ws_2/src/custom_interfaces -DAMENT_CMAKE_SYMLINK_INSTALL=1 -DCMAKE_INSTALL_PREFIX=/home/idmx/ros2_ws_2/install/custom_interfaces
[0.594s] INFO:colcon.colcon_core.task.python.build:Building Python package in '/home/idmx/ros2_ws_2/src/motor_control'
[0.595s] INFO:colcon.colcon_core.shell:Skip shell extension 'powershell' for command environment: Not usable outside of PowerShell
[0.595s] DEBUG:colcon.colcon_core.shell:Skip shell extension 'dsv' for command environment
[0.859s] DEBUG:colcon.colcon_core.task.python.build:While undoing a previous installation files outside the Python library path are being ignored: /home/idmx/ros2_ws_2/install/basic_comms/share/ament_index/resource_index/packages/basic_comms
[0.859s] DEBUG:colcon.colcon_core.task.python.build:While undoing a previous installation files outside the Python library path are being ignored: /home/idmx/ros2_ws_2/install/basic_comms/share/basic_comms/package.xml
[0.859s] DEBUG:colcon.colcon_core.task.python.build:While undoing a previous installation files outside the Python library path are being ignored: /home/idmx/ros2_ws_2/install/basic_comms/lib/basic_comms/talker
[0.862s] DEBUG:colcon.colcon_core.event_handler.log_command:Invoking command in '/home/idmx/ros2_ws_2/build/basic_comms': PYTHONPATH=/home/idmx/ros2_ws_2/build/basic_comms/prefix_override:/usr/lib/python3/dist-packages/colcon_core/task/python/colcon_distutils_commands:/home/idmx/ros2_ws_2/install/basic_comms/lib/python3.10/site-packages:${PYTHONPATH} /usr/bin/python3 -W ignore:setup.py install is deprecated -W ignore:easy_install command is deprecated setup.py develop --editable --build-directory /home/idmx/ros2_ws_2/build/basic_comms/build --no-deps symlink_data --force
[0.862s] DEBUG:colcon.colcon_core.task.python.build:While undoing a previous installation files outside the Python library path are being ignored: /home/idmx/ros2_ws_2/install/motor_control/share/ament_index/resource_index/packages/motor_control
[0.862s] DEBUG:colcon.colcon_core.task.python.build:While undoing a previous installation files outside the Python library path are being ignored: /home/idmx/ros2_ws_2/install/motor_control/share/motor_control/package.xml
[0.862s] DEBUG:colcon.colcon_core.task.python.build:While undoing a previous installation files outside the Python library path are being ignored: /home/idmx/ros2_ws_2/install/motor_control/share/motor_control/launch/motor_launch.py
[0.862s] DEBUG:colcon.colcon_core.task.python.build:While undoing a previous installation files outside the Python library path are being ignored: /home/idmx/ros2_ws_2/install/motor_control/share/motor_control/launch/motor_3_launch.py
[0.862s] DEBUG:colcon.colcon_core.task.python.build:While undoing a previous installation files outside the Python library path are being ignored: /home/idmx/ros2_ws_2/install/motor_control/share/motor_control/launch/motor_2_launch.py
[0.862s] DEBUG:colcon.colcon_core.task.python.build:While undoing a previous installation files outside the Python library path are being ignored: /home/idmx/ros2_ws_2/install/motor_control/share/motor_control/config/params.yaml
[0.863s] DEBUG:colcon.colcon_core.task.python.build:While undoing a previous installation files outside the Python library path are being ignored: /home/idmx/ros2_ws_2/install/motor_control/lib/motor_control/ctrl
[0.863s] DEBUG:colcon.colcon_core.task.python.build:While undoing a previous installation files outside the Python library path are being ignored: /home/idmx/ros2_ws_2/install/motor_control/lib/motor_control/dc_motor
[0.863s] DEBUG:colcon.colcon_core.task.python.build:While undoing a previous installation files outside the Python library path are being ignored: /home/idmx/ros2_ws_2/install/motor_control/lib/motor_control/set_point
[0.864s] DEBUG:colcon.colcon_core.event_handler.log_command:Invoking command in '/home/idmx/ros2_ws_2/build/motor_control': PYTHONPATH=/home/idmx/ros2_ws_2/build/motor_control/prefix_override:/usr/lib/python3/dist-packages/colcon_core/task/python/colcon_distutils_commands:/home/idmx/ros2_ws_2/install/motor_control/lib/python3.10/site-packages:${PYTHONPATH} /usr/bin/python3 -W ignore:setup.py install is deprecated -W ignore:easy_install command is deprecated setup.py develop --editable --build-directory /home/idmx/ros2_ws_2/build/motor_control/build --no-deps symlink_data --force
[1.195s] Level 1:colcon.colcon_core.shell:create_environment_hook('basic_comms', 'pythonpath_develop')
[1.195s] INFO:colcon.colcon_core.shell:Creating environment hook '/home/idmx/ros2_ws_2/build/basic_comms/share/basic_comms/hook/pythonpath_develop.ps1'
[1.196s] DEBUG:colcon.colcon_core.event_handler.log_command:Invoked command in '/home/idmx/ros2_ws_2/build/basic_comms' returned '0': PYTHONPATH=/home/idmx/ros2_ws_2/build/basic_comms/prefix_override:/usr/lib/python3/dist-packages/colcon_core/task/python/colcon_distutils_commands:/home/idmx/ros2_ws_2/install/basic_comms/lib/python3.10/site-packages:${PYTHONPATH} /usr/bin/python3 -W ignore:setup.py install is deprecated -W ignore:easy_install command is deprecated setup.py develop --editable --build-directory /home/idmx/ros2_ws_2/build/basic_comms/build --no-deps symlink_data --force
[1.196s] INFO:colcon.colcon_core.shell:Creating environment descriptor '/home/idmx/ros2_ws_2/build/basic_comms/share/basic_comms/hook/pythonpath_develop.dsv'
[1.196s] INFO:colcon.colcon_core.shell:Creating environment hook '/home/idmx/ros2_ws_2/build/basic_comms/share/basic_comms/hook/pythonpath_develop.sh'
[1.198s] Level 1:colcon.colcon_core.environment:checking '/home/idmx/ros2_ws_2/install/basic_comms' for CMake module files
[1.198s] Level 1:colcon.colcon_core.environment:checking '/home/idmx/ros2_ws_2/install/basic_comms' for CMake config files
[1.199s] Level 1:colcon.colcon_core.environment:checking '/home/idmx/ros2_ws_2/install/basic_comms/lib'
[1.199s] Level 1:colcon.colcon_core.environment:checking '/home/idmx/ros2_ws_2/install/basic_comms/bin'
[1.199s] Level 1:colcon.colcon_core.environment:checking '/home/idmx/ros2_ws_2/install/basic_comms/lib/pkgconfig/basic_comms.pc'
[1.199s] Level 1:colcon.colcon_core.environment:checking '/home/idmx/ros2_ws_2/install/basic_comms/lib/python3.10/site-packages'
[1.199s] Level 1:colcon.colcon_core.shell:create_environment_hook('basic_comms', 'pythonpath')
[1.199s] INFO:colcon.colcon_core.shell:Creating environment hook '/home/idmx/ros2_ws_2/install/basic_comms/share/basic_comms/hook/pythonpath.ps1'
[1.200s] INFO:colcon.colcon_core.shell:Creating environment descriptor '/home/idmx/ros2_ws_2/install/basic_comms/share/basic_comms/hook/pythonpath.dsv'
[1.200s] INFO:colcon.colcon_core.shell:Creating environment hook '/home/idmx/ros2_ws_2/install/basic_comms/share/basic_comms/hook/pythonpath.sh'
[1.200s] Level 1:colcon.colcon_core.environment:checking '/home/idmx/ros2_ws_2/install/basic_comms/bin'
[1.200s] Level 1:colcon.colcon_core.environment:create_environment_scripts_only(basic_comms)
[1.201s] INFO:colcon.colcon_core.shell:Creating package script '/home/idmx/ros2_ws_2/install/basic_comms/share/basic_comms/package.ps1'
[1.201s] INFO:colcon.colcon_core.shell:Creating package descriptor '/home/idmx/ros2_ws_2/install/basic_comms/share/basic_comms/package.dsv'
[1.201s] INFO:colcon.colcon_core.shell:Creating package script '/home/idmx/ros2_ws_2/install/basic_comms/share/basic_comms/package.sh'
[1.202s] INFO:colcon.colcon_core.shell:Creating package script '/home/idmx/ros2_ws_2/install/basic_comms/share/basic_comms/package.bash'
[1.202s] INFO:colcon.colcon_core.shell:Creating package script '/home/idmx/ros2_ws_2/install/basic_comms/share/basic_comms/package.zsh'
[1.203s] Level 1:colcon.colcon_core.environment:create_file_with_runtime_dependencies(/home/idmx/ros2_ws_2/install/basic_comms/share/colcon-core/packages/basic_comms)
[1.203s] Level 1:colcon.colcon_core.shell:create_environment_hook('motor_control', 'pythonpath_develop')
[1.204s] INFO:colcon.colcon_core.shell:Creating environment hook '/home/idmx/ros2_ws_2/build/motor_control/share/motor_control/hook/pythonpath_develop.ps1'
[1.204s] DEBUG:colcon.colcon_core.event_handler.log_command:Invoked command in '/home/idmx/ros2_ws_2/build/motor_control' returned '0': PYTHONPATH=/home/idmx/ros2_ws_2/build/motor_control/prefix_override:/usr/lib/python3/dist-packages/colcon_core/task/python/colcon_distutils_commands:/home/idmx/ros2_ws_2/install/motor_control/lib/python3.10/site-packages:${PYTHONPATH} /usr/bin/python3 -W ignore:setup.py install is deprecated -W ignore:easy_install command is deprecated setup.py develop --editable --build-directory /home/idmx/ros2_ws_2/build/motor_control/build --no-deps symlink_data --force
[1.204s] INFO:colcon.colcon_core.shell:Creating environment descriptor '/home/idmx/ros2_ws_2/build/motor_control/share/motor_control/hook/pythonpath_develop.dsv'
[1.204s] INFO:colcon.colcon_core.shell:Creating environment hook '/home/idmx/ros2_ws_2/build/motor_control/share/motor_control/hook/pythonpath_develop.sh'
[1.205s] Level 1:colcon.colcon_core.environment:checking '/home/idmx/ros2_ws_2/install/motor_control' for CMake module files
[1.205s] Level 1:colcon.colcon_core.environment:checking '/home/idmx/ros2_ws_2/install/motor_control' for CMake config files
[1.205s] Level 1:colcon.colcon_core.environment:checking '/home/idmx/ros2_ws_2/install/motor_control/lib'
[1.205s] Level 1:colcon.colcon_core.environment:checking '/home/idmx/ros2_ws_2/install/motor_control/bin'
[1.205s] Level 1:colcon.colcon_core.environment:checking '/home/idmx/ros2_ws_2/install/motor_control/lib/pkgconfig/motor_control.pc'
[1.205s] Level 1:colcon.colcon_core.environment:checking '/home/idmx/ros2_ws_2/install/motor_control/lib/python3.10/site-packages'
[1.205s] Level 1:colcon.colcon_core.shell:create_environment_hook('motor_control', 'pythonpath')
[1.206s] INFO:colcon.colcon_core.shell:Creating environment hook '/home/idmx/ros2_ws_2/install/motor_control/share/motor_control/hook/pythonpath.ps1'
[1.206s] INFO:colcon.colcon_core.shell:Creating environment descriptor '/home/idmx/ros2_ws_2/install/motor_control/share/motor_control/hook/pythonpath.dsv'
[1.206s] INFO:colcon.colcon_core.shell:Creating environment hook '/home/idmx/ros2_ws_2/install/motor_control/share/motor_control/hook/pythonpath.sh'
[1.206s] Level 1:colcon.colcon_core.environment:checking '/home/idmx/ros2_ws_2/install/motor_control/bin'
[1.206s] Level 1:colcon.colcon_core.environment:create_environment_scripts_only(motor_control)
[1.207s] INFO:colcon.colcon_core.shell:Creating package script '/home/idmx/ros2_ws_2/install/motor_control/share/motor_control/package.ps1'
[1.207s] INFO:colcon.colcon_core.shell:Creating package descriptor '/home/idmx/ros2_ws_2/install/motor_control/share/motor_control/package.dsv'
[1.207s] INFO:colcon.colcon_core.shell:Creating package script '/home/idmx/ros2_ws_2/install/motor_control/share/motor_control/package.sh'
[1.208s] INFO:colcon.colcon_core.shell:Creating package script '/home/idmx/ros2_ws_2/install/motor_control/share/motor_control/package.bash'
[1.208s] INFO:colcon.colcon_core.shell:Creating package script '/home/idmx/ros2_ws_2/install/motor_control/share/motor_control/package.zsh'
[1.208s] Level 1:colcon.colcon_core.environment:create_file_with_runtime_dependencies(/home/idmx/ros2_ws_2/install/motor_control/share/colcon-core/packages/motor_control)
[1.286s] DEBUG:colcon.colcon_core.event_handler.log_command:Invoked command in '/home/idmx/ros2_ws_2/build/custom_interfaces' returned '0': CMAKE_PREFIX_PATH=${CMAKE_PREFIX_PATH}:/home/idmx/ros2_ws_2/install/motor_control:/home/idmx/ros2_ws_2/install/basic_comms:/opt/ros/humble /usr/bin/cmake /home/idmx/ros2_ws_2/src/custom_interfaces -DAMENT_CMAKE_SYMLINK_INSTALL=1 -DCMAKE_INSTALL_PREFIX=/home/idmx/ros2_ws_2/install/custom_interfaces
[1.288s] DEBUG:colcon.colcon_core.event_handler.log_command:Invoking command in '/home/idmx/ros2_ws_2/build/custom_interfaces': CMAKE_PREFIX_PATH=${CMAKE_PREFIX_PATH}:/home/idmx/ros2_ws_2/install/motor_control:/home/idmx/ros2_ws_2/install/basic_comms:/opt/ros/humble /usr/bin/cmake --build /home/idmx/ros2_ws_2/build/custom_interfaces -- -j12 -l12
[1.514s] DEBUG:colcon.colcon_core.event_handler.log_command:Invoked command in '/home/idmx/ros2_ws_2/build/custom_interfaces' returned '0': CMAKE_PREFIX_PATH=${CMAKE_PREFIX_PATH}:/home/idmx/ros2_ws_2/install/motor_control:/home/idmx/ros2_ws_2/install/basic_comms:/opt/ros/humble /usr/bin/cmake --build /home/idmx/ros2_ws_2/build/custom_interfaces -- -j12 -l12
[1.521s] DEBUG:colcon.colcon_core.event_handler.log_command:Invoking command in '/home/idmx/ros2_ws_2/build/custom_interfaces': CMAKE_PREFIX_PATH=${CMAKE_PREFIX_PATH}:/home/idmx/ros2_ws_2/install/motor_control:/home/idmx/ros2_ws_2/install/basic_comms:/opt/ros/humble /usr/bin/cmake --install /home/idmx/ros2_ws_2/build/custom_interfaces
[1.569s] Level 1:colcon.colcon_core.environment:create_environment_scripts_only(custom_interfaces)
[1.570s] Level 1:colcon.colcon_core.environment:checking '/home/idmx/ros2_ws_2/install/custom_interfaces' for CMake module files
[1.570s] DEBUG:colcon.colcon_core.event_handler.log_command:Invoked command in '/home/idmx/ros2_ws_2/build/custom_interfaces' returned '0': CMAKE_PREFIX_PATH=${CMAKE_PREFIX_PATH}:/home/idmx/ros2_ws_2/install/motor_control:/home/idmx/ros2_ws_2/install/basic_comms:/opt/ros/humble /usr/bin/cmake --install /home/idmx/ros2_ws_2/build/custom_interfaces
[1.570s] Level 1:colcon.colcon_core.environment:checking '/home/idmx/ros2_ws_2/install/custom_interfaces' for CMake config files
[1.570s] Level 1:colcon.colcon_core.shell:create_environment_hook('custom_interfaces', 'cmake_prefix_path')
[1.571s] INFO:colcon.colcon_core.shell:Creating environment hook '/home/idmx/ros2_ws_2/install/custom_interfaces/share/custom_interfaces/hook/cmake_prefix_path.ps1'
[1.571s] INFO:colcon.colcon_core.shell:Creating environment descriptor '/home/idmx/ros2_ws_2/install/custom_interfaces/share/custom_interfaces/hook/cmake_prefix_path.dsv'
[1.571s] INFO:colcon.colcon_core.shell:Creating environment hook '/home/idmx/ros2_ws_2/install/custom_interfaces/share/custom_interfaces/hook/cmake_prefix_path.sh'
[1.571s] Level 1:colcon.colcon_core.environment:checking '/home/idmx/ros2_ws_2/install/custom_interfaces/lib'
[1.571s] Level 1:colcon.colcon_core.shell:create_environment_hook('custom_interfaces', 'ld_library_path_lib')
[1.572s] INFO:colcon.colcon_core.shell:Creating environment hook '/home/idmx/ros2_ws_2/install/custom_interfaces/share/custom_interfaces/hook/ld_library_path_lib.ps1'
[1.572s] INFO:colcon.colcon_core.shell:Creating environment descriptor '/home/idmx/ros2_ws_2/install/custom_interfaces/share/custom_interfaces/hook/ld_library_path_lib.dsv'
[1.572s] INFO:colcon.colcon_core.shell:Creating environment hook '/home/idmx/ros2_ws_2/install/custom_interfaces/share/custom_interfaces/hook/ld_library_path_lib.sh'
[1.572s] Level 1:colcon.colcon_core.environment:checking '/home/idmx/ros2_ws_2/install/custom_interfaces/bin'
[1.572s] Level 1:colcon.colcon_core.environment:checking '/home/idmx/ros2_ws_2/install/custom_interfaces/lib/pkgconfig/custom_interfaces.pc'
[1.572s] Level 1:colcon.colcon_core.environment:checking '/home/idmx/ros2_ws_2/install/custom_interfaces/lib/python3.10/site-packages'
[1.573s] Level 1:colcon.colcon_core.environment:checking '/home/idmx/ros2_ws_2/install/custom_interfaces/bin'
[1.573s] INFO:colcon.colcon_core.shell:Creating package script '/home/idmx/ros2_ws_2/install/custom_interfaces/share/custom_interfaces/package.ps1'
[1.573s] INFO:colcon.colcon_core.shell:Creating package descriptor '/home/idmx/ros2_ws_2/install/custom_interfaces/share/custom_interfaces/package.dsv'
[1.573s] INFO:colcon.colcon_core.shell:Creating package script '/home/idmx/ros2_ws_2/install/custom_interfaces/share/custom_interfaces/package.sh'
[1.574s] INFO:colcon.colcon_core.shell:Creating package script '/home/idmx/ros2_ws_2/install/custom_interfaces/share/custom_interfaces/package.bash'
[1.574s] INFO:colcon.colcon_core.shell:Creating package script '/home/idmx/ros2_ws_2/install/custom_interfaces/share/custom_interfaces/package.zsh'
[1.574s] Level 1:colcon.colcon_core.environment:create_file_with_runtime_dependencies(/home/idmx/ros2_ws_2/install/custom_interfaces/share/colcon-core/packages/custom_interfaces)
[1.574s] Level 1:colcon.colcon_core.environment:create_environment_scripts_only(custom_interfaces)
[1.574s] Level 1:colcon.colcon_core.environment:checking '/home/idmx/ros2_ws_2/install/custom_interfaces' for CMake module files
[1.575s] Level 1:colcon.colcon_core.environment:checking '/home/idmx/ros2_ws_2/install/custom_interfaces' for CMake config files
[1.575s] Level 1:colcon.colcon_core.shell:create_environment_hook('custom_interfaces', 'cmake_prefix_path')
[1.575s] INFO:colcon.colcon_core.shell:Creating environment hook '/home/idmx/ros2_ws_2/install/custom_interfaces/share/custom_interfaces/hook/cmake_prefix_path.ps1'
[1.575s] INFO:colcon.colcon_core.shell:Creating environment descriptor '/home/idmx/ros2_ws_2/install/custom_interfaces/share/custom_interfaces/hook/cmake_prefix_path.dsv'
[1.576s] INFO:colcon.colcon_core.shell:Creating environment hook '/home/idmx/ros2_ws_2/install/custom_interfaces/share/custom_interfaces/hook/cmake_prefix_path.sh'
[1.576s] Level 1:colcon.colcon_core.environment:checking '/home/idmx/ros2_ws_2/install/custom_interfaces/lib'
[1.576s] Level 1:colcon.colcon_core.shell:create_environment_hook('custom_interfaces', 'ld_library_path_lib')
[1.576s] INFO:colcon.colcon_core.shell:Creating environment hook '/home/idmx/ros2_ws_2/install/custom_interfaces/share/custom_interfaces/hook/ld_library_path_lib.ps1'
[1.576s] INFO:colcon.colcon_core.shell:Creating environment descriptor '/home/idmx/ros2_ws_2/install/custom_interfaces/share/custom_interfaces/hook/ld_library_path_lib.dsv'
[1.576s] INFO:colcon.colcon_core.shell:Creating environment hook '/home/idmx/ros2_ws_2/install/custom_interfaces/share/custom_interfaces/hook/ld_library_path_lib.sh'
[1.577s] Level 1:colcon.colcon_core.environment:checking '/home/idmx/ros2_ws_2/install/custom_interfaces/bin'
[1.577s] Level 1:colcon.colcon_core.environment:checking '/home/idmx/ros2_ws_2/install/custom_interfaces/lib/pkgconfig/custom_interfaces.pc'
[1.577s] Level 1:colcon.colcon_core.environment:checking '/home/idmx/ros2_ws_2/install/custom_interfaces/lib/python3.10/site-packages'
[1.577s] Level 1:colcon.colcon_core.environment:checking '/home/idmx/ros2_ws_2/install/custom_interfaces/bin'
[1.577s] INFO:colcon.colcon_core.shell:Creating package script '/home/idmx/ros2_ws_2/install/custom_interfaces/share/custom_interfaces/package.ps1'
[1.577s] INFO:colcon.colcon_core.shell:Creating package descriptor '/home/idmx/ros2_ws_2/install/custom_interfaces/share/custom_interfaces/package.dsv'
[1.578s] INFO:colcon.colcon_core.shell:Creating package script '/home/idmx/ros2_ws_2/install/custom_interfaces/share/custom_interfaces/package.sh'
[1.578s] INFO:colcon.colcon_core.shell:Creating package script '/home/idmx/ros2_ws_2/install/custom_interfaces/share/custom_interfaces/package.bash'
[1.578s] INFO:colcon.colcon_core.shell:Creating package script '/home/idmx/ros2_ws_2/install/custom_interfaces/share/custom_interfaces/package.zsh'
[1.579s] Level 1:colcon.colcon_core.environment:create_file_with_runtime_dependencies(/home/idmx/ros2_ws_2/install/custom_interfaces/share/colcon-core/packages/custom_interfaces)
[1.579s] DEBUG:colcon.colcon_parallel_executor.executor.parallel:closing loop
[1.579s] DEBUG:colcon.colcon_parallel_executor.executor.parallel:loop closed
[1.579s] DEBUG:colcon.colcon_parallel_executor.executor.parallel:run_until_complete finished with '0'
[1.579s] DEBUG:colcon.colcon_core.event_reactor:joining thread
[1.583s] INFO:colcon.colcon_core.plugin_system:Skipping extension 'colcon_notification.desktop_notification.terminal_notifier': Not used on non-Darwin systems
[1.583s] INFO:colcon.colcon_core.plugin_system:Skipping extension 'colcon_notification.desktop_notification.win32': Not used on non-Windows systems
[1.583s] INFO:colcon.colcon_notification.desktop_notification:Sending desktop notification using 'notify2'
[1.589s] DEBUG:colcon.colcon_core.event_reactor:joined thread
[1.589s] INFO:colcon.colcon_core.shell:Creating prefix script '/home/idmx/ros2_ws_2/install/local_setup.ps1'
[1.590s] INFO:colcon.colcon_core.shell:Creating prefix util module '/home/idmx/ros2_ws_2/install/_local_setup_util_ps1.py'
[1.591s] INFO:colcon.colcon_core.shell:Creating prefix chain script '/home/idmx/ros2_ws_2/install/setup.ps1'
[1.592s] INFO:colcon.colcon_core.shell:Creating prefix script '/home/idmx/ros2_ws_2/install/local_setup.sh'
[1.592s] INFO:colcon.colcon_core.shell:Creating prefix util module '/home/idmx/ros2_ws_2/install/_local_setup_util_sh.py'
[1.592s] INFO:colcon.colcon_core.shell:Creating prefix chain script '/home/idmx/ros2_ws_2/install/setup.sh'
[1.593s] INFO:colcon.colcon_core.shell:Creating prefix script '/home/idmx/ros2_ws_2/install/local_setup.bash'
[1.594s] INFO:colcon.colcon_core.shell:Creating prefix chain script '/home/idmx/ros2_ws_2/install/setup.bash'
[1.594s] INFO:colcon.colcon_core.shell:Creating prefix script '/home/idmx/ros2_ws_2/install/local_setup.zsh'
[1.595s] INFO:colcon.colcon_core.shell:Creating prefix chain script '/home/idmx/ros2_ws_2/install/setup.zsh'
