[0.146s] DEBUG:colcon:Command line arguments: ['/usr/bin/colcon', 'build']
[0.146s] DEBUG:colcon:Parsed command line arguments: Namespace(log_base=None, log_level=None, verb_name='build', build_base='build', install_base='install', merge_install=False, symlink_install=False, test_result_base=None, continue_on_error=False, executor='parallel', parallel_workers=12, event_handlers=None, ignore_user_meta=False, metas=['./colcon.meta'], base_paths=['.'], packages_ignore=None, packages_ignore_regex=None, paths=None, packages_up_to=None, packages_up_to_regex=None, packages_above=None, packages_above_and_dependencies=None, packages_above_depth=None, packages_select_by_dep=None, packages_skip_by_dep=None, packages_skip_up_to=None, packages_select_build_failed=False, packages_skip_build_finished=False, packages_select_test_failures=False, packages_skip_test_passed=False, packages_select=None, packages_skip=None, packages_select_regex=None, packages_skip_regex=None, packages_start=None, packages_end=None, allow_overriding=[], cmake_args=None, cmake_target=None, cmake_target_skip_unavailable=False, cmake_clean_cache=False, cmake_clean_first=False, cmake_force_configure=False, ament_cmake_args=None, catkin_cmake_args=None, catkin_skip_building_tests=False, mixin_files=None, mixin=None, verb_parser=<colcon_mixin.mixin.mixin_argument.MixinArgumentDecorator object at 0x79a30a197970>, verb_extension=<colcon_core.verb.build.BuildVerb object at 0x79a30a2dc940>, main=<bound method BuildVerb.main of <colcon_core.verb.build.BuildVerb object at 0x79a30a2dc940>>, mixin_verb=('build',))
[0.367s] Level 1:colcon.colcon_core.package_discovery:discover_packages(colcon_meta) check parameters
[0.367s] Level 1:colcon.colcon_core.package_discovery:discover_packages(recursive) check parameters
[0.367s] Level 1:colcon.colcon_core.package_discovery:discover_packages(ignore) check parameters
[0.367s] Level 1:colcon.colcon_core.package_discovery:discover_packages(path) check parameters
[0.367s] Level 1:colcon.colcon_core.package_discovery:discover_packages(colcon_meta) discover
[0.367s] Level 1:colcon.colcon_core.package_discovery:discover_packages(recursive) discover
[0.367s] INFO:colcon.colcon_core.package_discovery:Crawling recursively for packages in '/home/roli_005/Downloads/ros2_ws_2'
[0.367s] Level 1:colcon.colcon_core.package_identification:_identify(.) by extensions ['ignore', 'ignore_ament_install']
[0.367s] Level 1:colcon.colcon_core.package_identification:_identify(.) by extension 'ignore'
[0.367s] Level 1:colcon.colcon_core.package_identification:_identify(.) by extension 'ignore_ament_install'
[0.367s] Level 1:colcon.colcon_core.package_identification:_identify(.) by extensions ['colcon_pkg']
[0.367s] Level 1:colcon.colcon_core.package_identification:_identify(.) by extension 'colcon_pkg'
[0.367s] Level 1:colcon.colcon_core.package_identification:_identify(.) by extensions ['colcon_meta']
[0.367s] Level 1:colcon.colcon_core.package_identification:_identify(.) by extension 'colcon_meta'
[0.368s] Level 1:colcon.colcon_core.package_identification:_identify(.) by extensions ['ros']
[0.368s] Level 1:colcon.colcon_core.package_identification:_identify(.) by extension 'ros'
[0.385s] Level 1:colcon.colcon_core.package_identification:_identify(.) by extensions ['cmake', 'python']
[0.385s] Level 1:colcon.colcon_core.package_identification:_identify(.) by extension 'cmake'
[0.385s] Level 1:colcon.colcon_core.package_identification:_identify(.) by extension 'python'
[0.385s] Level 1:colcon.colcon_core.package_identification:_identify(.) by extensions ['python_setup_py']
[0.385s] Level 1:colcon.colcon_core.package_identification:_identify(.) by extension 'python_setup_py'
[0.385s] Level 1:colcon.colcon_core.package_identification:_identify(build) by extensions ['ignore', 'ignore_ament_install']
[0.385s] Level 1:colcon.colcon_core.package_identification:_identify(build) by extension 'ignore'
[0.385s] Level 1:colcon.colcon_core.package_identification:_identify(build) ignored
[0.385s] Level 1:colcon.colcon_core.package_identification:_identify(install) by extensions ['ignore', 'ignore_ament_install']
[0.385s] Level 1:colcon.colcon_core.package_identification:_identify(install) by extension 'ignore'
[0.385s] Level 1:colcon.colcon_core.package_identification:_identify(install) ignored
[0.385s] Level 1:colcon.colcon_core.package_identification:_identify(log) by extensions ['ignore', 'ignore_ament_install']
[0.385s] Level 1:colcon.colcon_core.package_identification:_identify(log) by extension 'ignore'
[0.385s] Level 1:colcon.colcon_core.package_identification:_identify(log) ignored
[0.386s] Level 1:colcon.colcon_core.package_identification:_identify(src) by extensions ['ignore', 'ignore_ament_install']
[0.386s] Level 1:colcon.colcon_core.package_identification:_identify(src) by extension 'ignore'
[0.386s] Level 1:colcon.colcon_core.package_identification:_identify(src) by extension 'ignore_ament_install'
[0.386s] Level 1:colcon.colcon_core.package_identification:_identify(src) by extensions ['colcon_pkg']
[0.386s] Level 1:colcon.colcon_core.package_identification:_identify(src) by extension 'colcon_pkg'
[0.386s] Level 1:colcon.colcon_core.package_identification:_identify(src) by extensions ['colcon_meta']
[0.386s] Level 1:colcon.colcon_core.package_identification:_identify(src) by extension 'colcon_meta'
[0.386s] Level 1:colcon.colcon_core.package_identification:_identify(src) by extensions ['ros']
[0.386s] Level 1:colcon.colcon_core.package_identification:_identify(src) by extension 'ros'
[0.386s] Level 1:colcon.colcon_core.package_identification:_identify(src) by extensions ['cmake', 'python']
[0.386s] Level 1:colcon.colcon_core.package_identification:_identify(src) by extension 'cmake'
[0.386s] Level 1:colcon.colcon_core.package_identification:_identify(src) by extension 'python'
[0.386s] Level 1:colcon.colcon_core.package_identification:_identify(src) by extensions ['python_setup_py']
[0.386s] Level 1:colcon.colcon_core.package_identification:_identify(src) by extension 'python_setup_py'
[0.386s] Level 1:colcon.colcon_core.package_identification:_identify(src/basic_comms) by extensions ['ignore', 'ignore_ament_install']
[0.386s] Level 1:colcon.colcon_core.package_identification:_identify(src/basic_comms) by extension 'ignore'
[0.386s] Level 1:colcon.colcon_core.package_identification:_identify(src/basic_comms) by extension 'ignore_ament_install'
[0.386s] Level 1:colcon.colcon_core.package_identification:_identify(src/basic_comms) by extensions ['colcon_pkg']
[0.386s] Level 1:colcon.colcon_core.package_identification:_identify(src/basic_comms) by extension 'colcon_pkg'
[0.386s] Level 1:colcon.colcon_core.package_identification:_identify(src/basic_comms) by extensions ['colcon_meta']
[0.386s] Level 1:colcon.colcon_core.package_identification:_identify(src/basic_comms) by extension 'colcon_meta'
[0.387s] Level 1:colcon.colcon_core.package_identification:_identify(src/basic_comms) by extensions ['ros']
[0.387s] Level 1:colcon.colcon_core.package_identification:_identify(src/basic_comms) by extension 'ros'
[0.389s] DEBUG:colcon.colcon_core.package_identification:Package 'src/basic_comms' with type 'ros.ament_python' and name 'basic_comms'
[0.389s] Level 1:colcon.colcon_core.package_identification:_identify(src/custom_interfaces) by extensions ['ignore', 'ignore_ament_install']
[0.389s] Level 1:colcon.colcon_core.package_identification:_identify(src/custom_interfaces) by extension 'ignore'
[0.389s] Level 1:colcon.colcon_core.package_identification:_identify(src/custom_interfaces) by extension 'ignore_ament_install'
[0.389s] Level 1:colcon.colcon_core.package_identification:_identify(src/custom_interfaces) by extensions ['colcon_pkg']
[0.389s] Level 1:colcon.colcon_core.package_identification:_identify(src/custom_interfaces) by extension 'colcon_pkg'
[0.389s] Level 1:colcon.colcon_core.package_identification:_identify(src/custom_interfaces) by extensions ['colcon_meta']
[0.389s] Level 1:colcon.colcon_core.package_identification:_identify(src/custom_interfaces) by extension 'colcon_meta'
[0.389s] Level 1:colcon.colcon_core.package_identification:_identify(src/custom_interfaces) by extensions ['ros']
[0.389s] Level 1:colcon.colcon_core.package_identification:_identify(src/custom_interfaces) by extension 'ros'
[0.390s] DEBUG:colcon.colcon_core.package_identification:Package 'src/custom_interfaces' with type 'ros.ament_cmake' and name 'custom_interfaces'
[0.390s] Level 1:colcon.colcon_core.package_identification:_identify(src/motor_control) by extensions ['ignore', 'ignore_ament_install']
[0.390s] Level 1:colcon.colcon_core.package_identification:_identify(src/motor_control) by extension 'ignore'
[0.390s] Level 1:colcon.colcon_core.package_identification:_identify(src/motor_control) by extension 'ignore_ament_install'
[0.390s] Level 1:colcon.colcon_core.package_identification:_identify(src/motor_control) by extensions ['colcon_pkg']
[0.390s] Level 1:colcon.colcon_core.package_identification:_identify(src/motor_control) by extension 'colcon_pkg'
[0.390s] Level 1:colcon.colcon_core.package_identification:_identify(src/motor_control) by extensions ['colcon_meta']
[0.390s] Level 1:colcon.colcon_core.package_identification:_identify(src/motor_control) by extension 'colcon_meta'
[0.390s] Level 1:colcon.colcon_core.package_identification:_identify(src/motor_control) by extensions ['ros']
[0.390s] Level 1:colcon.colcon_core.package_identification:_identify(src/motor_control) by extension 'ros'
[0.391s] DEBUG:colcon.colcon_core.package_identification:Package 'src/motor_control' with type 'ros.ament_python' and name 'motor_control'
[0.391s] Level 1:colcon.colcon_core.package_discovery:discover_packages(recursive) using defaults
[0.391s] Level 1:colcon.colcon_core.package_discovery:discover_packages(ignore) discover
[0.391s] Level 1:colcon.colcon_core.package_discovery:discover_packages(ignore) using defaults
[0.391s] Level 1:colcon.colcon_core.package_discovery:discover_packages(path) discover
[0.391s] Level 1:colcon.colcon_core.package_discovery:discover_packages(path) using defaults
[0.416s] Level 1:colcon.colcon_core.package_discovery:discover_packages(prefix_path) check parameters
[0.416s] Level 1:colcon.colcon_core.package_discovery:discover_packages(prefix_path) discover
[0.421s] DEBUG:colcon.colcon_installed_package_information.package_discovery:Found 9 installed packages in /home/roli_005/TE3001B_ws/install
[0.422s] DEBUG:colcon.colcon_installed_package_information.package_discovery:Found 30 installed packages in /home/roli_005/home2_ws/install
[0.423s] DEBUG:colcon.colcon_installed_package_information.package_discovery:Found 3 installed packages in /home/roli_005/uros_ws/install
[0.424s] DEBUG:colcon.colcon_installed_package_information.package_discovery:Found 58 installed packages in /home/roli_005/vanttec_usv/install
[0.426s] DEBUG:colcon.colcon_installed_package_information.package_discovery:Found 347 installed packages in /opt/ros/humble
[0.428s] Level 1:colcon.colcon_core.package_discovery:discover_packages(prefix_path) using defaults
[0.480s] Level 5:colcon.colcon_core.verb:set package 'basic_comms' build argument 'cmake_args' from command line to 'None'
[0.480s] Level 5:colcon.colcon_core.verb:set package 'basic_comms' build argument 'cmake_target' from command line to 'None'
[0.480s] Level 5:colcon.colcon_core.verb:set package 'basic_comms' build argument 'cmake_target_skip_unavailable' from command line to 'False'
[0.480s] Level 5:colcon.colcon_core.verb:set package 'basic_comms' build argument 'cmake_clean_cache' from command line to 'False'
[0.480s] Level 5:colcon.colcon_core.verb:set package 'basic_comms' build argument 'cmake_clean_first' from command line to 'False'
[0.480s] Level 5:colcon.colcon_core.verb:set package 'basic_comms' build argument 'cmake_force_configure' from command line to 'False'
[0.480s] Level 5:colcon.colcon_core.verb:set package 'basic_comms' build argument 'ament_cmake_args' from command line to 'None'
[0.480s] Level 5:colcon.colcon_core.verb:set package 'basic_comms' build argument 'catkin_cmake_args' from command line to 'None'
[0.480s] Level 5:colcon.colcon_core.verb:set package 'basic_comms' build argument 'catkin_skip_building_tests' from command line to 'False'
[0.481s] DEBUG:colcon.colcon_core.verb:Building package 'basic_comms' with the following arguments: {'ament_cmake_args': None, 'build_base': '/home/roli_005/Downloads/ros2_ws_2/build/basic_comms', 'catkin_cmake_args': None, 'catkin_skip_building_tests': False, 'cmake_args': None, 'cmake_clean_cache': False, 'cmake_clean_first': False, 'cmake_force_configure': False, 'cmake_target': None, 'cmake_target_skip_unavailable': False, 'install_base': '/home/roli_005/Downloads/ros2_ws_2/install/basic_comms', 'merge_install': False, 'path': '/home/roli_005/Downloads/ros2_ws_2/src/basic_comms', 'symlink_install': False, 'test_result_base': None}
[0.481s] Level 5:colcon.colcon_core.verb:set package 'custom_interfaces' build argument 'cmake_args' from command line to 'None'
[0.481s] Level 5:colcon.colcon_core.verb:set package 'custom_interfaces' build argument 'cmake_target' from command line to 'None'
[0.481s] Level 5:colcon.colcon_core.verb:set package 'custom_interfaces' build argument 'cmake_target_skip_unavailable' from command line to 'False'
[0.481s] Level 5:colcon.colcon_core.verb:set package 'custom_interfaces' build argument 'cmake_clean_cache' from command line to 'False'
[0.481s] Level 5:colcon.colcon_core.verb:set package 'custom_interfaces' build argument 'cmake_clean_first' from command line to 'False'
[0.481s] Level 5:colcon.colcon_core.verb:set package 'custom_interfaces' build argument 'cmake_force_configure' from command line to 'False'
[0.481s] Level 5:colcon.colcon_core.verb:set package 'custom_interfaces' build argument 'ament_cmake_args' from command line to 'None'
[0.481s] Level 5:colcon.colcon_core.verb:set package 'custom_interfaces' build argument 'catkin_cmake_args' from command line to 'None'
[0.481s] Level 5:colcon.colcon_core.verb:set package 'custom_interfaces' build argument 'catkin_skip_building_tests' from command line to 'False'
[0.481s] DEBUG:colcon.colcon_core.verb:Building package 'custom_interfaces' with the following arguments: {'ament_cmake_args': None, 'build_base': '/home/roli_005/Downloads/ros2_ws_2/build/custom_interfaces', 'catkin_cmake_args': None, 'catkin_skip_building_tests': False, 'cmake_args': None, 'cmake_clean_cache': False, 'cmake_clean_first': False, 'cmake_force_configure': False, 'cmake_target': None, 'cmake_target_skip_unavailable': False, 'install_base': '/home/roli_005/Downloads/ros2_ws_2/install/custom_interfaces', 'merge_install': False, 'path': '/home/roli_005/Downloads/ros2_ws_2/src/custom_interfaces', 'symlink_install': False, 'test_result_base': None}
[0.481s] Level 5:colcon.colcon_core.verb:set package 'motor_control' build argument 'cmake_args' from command line to 'None'
[0.482s] Level 5:colcon.colcon_core.verb:set package 'motor_control' build argument 'cmake_target' from command line to 'None'
[0.482s] Level 5:colcon.colcon_core.verb:set package 'motor_control' build argument 'cmake_target_skip_unavailable' from command line to 'False'
[0.482s] Level 5:colcon.colcon_core.verb:set package 'motor_control' build argument 'cmake_clean_cache' from command line to 'False'
[0.482s] Level 5:colcon.colcon_core.verb:set package 'motor_control' build argument 'cmake_clean_first' from command line to 'False'
[0.482s] Level 5:colcon.colcon_core.verb:set package 'motor_control' build argument 'cmake_force_configure' from command line to 'False'
[0.482s] Level 5:colcon.colcon_core.verb:set package 'motor_control' build argument 'ament_cmake_args' from command line to 'None'
[0.482s] Level 5:colcon.colcon_core.verb:set package 'motor_control' build argument 'catkin_cmake_args' from command line to 'None'
[0.482s] Level 5:colcon.colcon_core.verb:set package 'motor_control' build argument 'catkin_skip_building_tests' from command line to 'False'
[0.482s] DEBUG:colcon.colcon_core.verb:Building package 'motor_control' with the following arguments: {'ament_cmake_args': None, 'build_base': '/home/roli_005/Downloads/ros2_ws_2/build/motor_control', 'catkin_cmake_args': None, 'catkin_skip_building_tests': False, 'cmake_args': None, 'cmake_clean_cache': False, 'cmake_clean_first': False, 'cmake_force_configure': False, 'cmake_target': None, 'cmake_target_skip_unavailable': False, 'install_base': '/home/roli_005/Downloads/ros2_ws_2/install/motor_control', 'merge_install': False, 'path': '/home/roli_005/Downloads/ros2_ws_2/src/motor_control', 'symlink_install': False, 'test_result_base': None}
[0.482s] INFO:colcon.colcon_core.executor:Executing jobs using 'parallel' executor
[0.483s] DEBUG:colcon.colcon_parallel_executor.executor.parallel:run_until_complete
[0.483s] INFO:colcon.colcon_ros.task.ament_python.build:Building ROS package in '/home/roli_005/Downloads/ros2_ws_2/src/basic_comms' with build type 'ament_python'
[0.483s] Level 1:colcon.colcon_core.shell:create_environment_hook('basic_comms', 'ament_prefix_path')
[0.486s] INFO:colcon.colcon_core.plugin_system:Skipping extension 'colcon_core.shell.bat': Not used on non-Windows systems
[0.486s] INFO:colcon.colcon_core.shell:Creating environment hook '/home/roli_005/Downloads/ros2_ws_2/install/basic_comms/share/basic_comms/hook/ament_prefix_path.ps1'
[0.486s] INFO:colcon.colcon_core.shell:Creating environment descriptor '/home/roli_005/Downloads/ros2_ws_2/install/basic_comms/share/basic_comms/hook/ament_prefix_path.dsv'
[0.487s] INFO:colcon.colcon_core.shell:Creating environment hook '/home/roli_005/Downloads/ros2_ws_2/install/basic_comms/share/basic_comms/hook/ament_prefix_path.sh'
[0.488s] INFO:colcon.colcon_core.shell:Skip shell extension 'powershell' for command environment: Not usable outside of PowerShell
[0.488s] DEBUG:colcon.colcon_core.shell:Skip shell extension 'dsv' for command environment
[0.497s] INFO:colcon.colcon_ros.task.ament_cmake.build:Building ROS package in '/home/roli_005/Downloads/ros2_ws_2/src/custom_interfaces' with build type 'ament_cmake'
[0.497s] INFO:colcon.colcon_cmake.task.cmake.build:Building CMake package in '/home/roli_005/Downloads/ros2_ws_2/src/custom_interfaces'
[0.497s] INFO:colcon.colcon_core.shell:Skip shell extension 'powershell' for command environment: Not usable outside of PowerShell
[0.497s] DEBUG:colcon.colcon_core.shell:Skip shell extension 'dsv' for command environment
[0.506s] INFO:colcon.colcon_ros.task.ament_python.build:Building ROS package in '/home/roli_005/Downloads/ros2_ws_2/src/motor_control' with build type 'ament_python'
[0.506s] Level 1:colcon.colcon_core.shell:create_environment_hook('motor_control', 'ament_prefix_path')
[0.506s] INFO:colcon.colcon_core.shell:Creating environment hook '/home/roli_005/Downloads/ros2_ws_2/install/motor_control/share/motor_control/hook/ament_prefix_path.ps1'
[0.506s] INFO:colcon.colcon_core.shell:Creating environment descriptor '/home/roli_005/Downloads/ros2_ws_2/install/motor_control/share/motor_control/hook/ament_prefix_path.dsv'
[0.507s] INFO:colcon.colcon_core.shell:Creating environment hook '/home/roli_005/Downloads/ros2_ws_2/install/motor_control/share/motor_control/hook/ament_prefix_path.sh'
[0.507s] INFO:colcon.colcon_core.shell:Skip shell extension 'powershell' for command environment: Not usable outside of PowerShell
[0.507s] DEBUG:colcon.colcon_core.shell:Skip shell extension 'dsv' for command environment
[0.840s] INFO:colcon.colcon_core.task.python.build:Building Python package in '/home/roli_005/Downloads/ros2_ws_2/src/basic_comms'
[0.840s] INFO:colcon.colcon_core.shell:Skip shell extension 'powershell' for command environment: Not usable outside of PowerShell
[0.840s] DEBUG:colcon.colcon_core.shell:Skip shell extension 'dsv' for command environment
[0.851s] DEBUG:colcon.colcon_core.event_handler.log_command:Invoking command in '/home/roli_005/Downloads/ros2_ws_2/build/custom_interfaces': CMAKE_PREFIX_PATH=${CMAKE_PREFIX_PATH}:/home/roli_005/TE3001B_ws/install/signal_processing:/home/roli_005/TE3001B_ws/install/motor_control_act:/home/roli_005/TE3001B_ws/install/motor_control:/home/roli_005/TE3001B_ws/install/inverted_pendulum:/home/roli_005/TE3001B_ws/install/final_challenge:/home/roli_005/TE3001B_ws/install/basic_comms:/home/roli_005/TE3001B_ws/install/arm_2_DOF:/home/roli_005/vanttec_usv/install/sensor_msgs_py:/home/roli_005/home2_ws/install/uf_ros_lib:/opt/ros/humble /usr/bin/cmake /home/roli_005/Downloads/ros2_ws_2/src/custom_interfaces -DCMAKE_INSTALL_PREFIX=/home/roli_005/Downloads/ros2_ws_2/install/custom_interfaces
[1.183s] INFO:colcon.colcon_core.task.python.build:Building Python package in '/home/roli_005/Downloads/ros2_ws_2/src/motor_control'
[1.184s] INFO:colcon.colcon_core.shell:Skip shell extension 'powershell' for command environment: Not usable outside of PowerShell
[1.184s] DEBUG:colcon.colcon_core.shell:Skip shell extension 'dsv' for command environment
[1.693s] DEBUG:colcon.colcon_core.event_handler.log_command:Invoking command in '/home/roli_005/Downloads/ros2_ws_2/src/basic_comms': PYTHONPATH=/home/roli_005/Downloads/ros2_ws_2/build/basic_comms/prefix_override:/usr/lib/python3/dist-packages/colcon_core/task/python/colcon_distutils_commands:/home/roli_005/Downloads/ros2_ws_2/install/basic_comms/lib/python3.10/site-packages:${PYTHONPATH} /usr/bin/python3 -W ignore:setup.py install is deprecated -W ignore:easy_install command is deprecated setup.py egg_info --egg-base ../../build/basic_comms build --build-base /home/roli_005/Downloads/ros2_ws_2/build/basic_comms/build install --record /home/roli_005/Downloads/ros2_ws_2/build/basic_comms/install.log --single-version-externally-managed install_data
[1.704s] DEBUG:colcon.colcon_core.event_handler.log_command:Invoking command in '/home/roli_005/Downloads/ros2_ws_2/src/motor_control': PYTHONPATH=/home/roli_005/Downloads/ros2_ws_2/build/motor_control/prefix_override:/usr/lib/python3/dist-packages/colcon_core/task/python/colcon_distutils_commands:/home/roli_005/Downloads/ros2_ws_2/install/motor_control/lib/python3.10/site-packages:${PYTHONPATH} /usr/bin/python3 -W ignore:setup.py install is deprecated -W ignore:easy_install command is deprecated setup.py egg_info --egg-base ../../build/motor_control build --build-base /home/roli_005/Downloads/ros2_ws_2/build/motor_control/build install --record /home/roli_005/Downloads/ros2_ws_2/build/motor_control/install.log --single-version-externally-managed install_data
[2.067s] DEBUG:colcon.colcon_core.event_handler.log_command:Invoked command in '/home/roli_005/Downloads/ros2_ws_2/src/basic_comms' returned '0': PYTHONPATH=/home/roli_005/Downloads/ros2_ws_2/build/basic_comms/prefix_override:/usr/lib/python3/dist-packages/colcon_core/task/python/colcon_distutils_commands:/home/roli_005/Downloads/ros2_ws_2/install/basic_comms/lib/python3.10/site-packages:${PYTHONPATH} /usr/bin/python3 -W ignore:setup.py install is deprecated -W ignore:easy_install command is deprecated setup.py egg_info --egg-base ../../build/basic_comms build --build-base /home/roli_005/Downloads/ros2_ws_2/build/basic_comms/build install --record /home/roli_005/Downloads/ros2_ws_2/build/basic_comms/install.log --single-version-externally-managed install_data
[2.070s] Level 1:colcon.colcon_core.environment:checking '/home/roli_005/Downloads/ros2_ws_2/install/basic_comms' for CMake module files
[2.070s] Level 1:colcon.colcon_core.environment:checking '/home/roli_005/Downloads/ros2_ws_2/install/basic_comms' for CMake config files
[2.071s] Level 1:colcon.colcon_core.environment:checking '/home/roli_005/Downloads/ros2_ws_2/install/basic_comms/lib'
[2.071s] Level 1:colcon.colcon_core.environment:checking '/home/roli_005/Downloads/ros2_ws_2/install/basic_comms/bin'
[2.071s] Level 1:colcon.colcon_core.environment:checking '/home/roli_005/Downloads/ros2_ws_2/install/basic_comms/lib/pkgconfig/basic_comms.pc'
[2.071s] Level 1:colcon.colcon_core.environment:checking '/home/roli_005/Downloads/ros2_ws_2/install/basic_comms/lib/python3.10/site-packages'
[2.072s] Level 1:colcon.colcon_core.shell:create_environment_hook('basic_comms', 'pythonpath')
[2.072s] INFO:colcon.colcon_core.shell:Creating environment hook '/home/roli_005/Downloads/ros2_ws_2/install/basic_comms/share/basic_comms/hook/pythonpath.ps1'
[2.072s] INFO:colcon.colcon_core.shell:Creating environment descriptor '/home/roli_005/Downloads/ros2_ws_2/install/basic_comms/share/basic_comms/hook/pythonpath.dsv'
[2.073s] INFO:colcon.colcon_core.shell:Creating environment hook '/home/roli_005/Downloads/ros2_ws_2/install/basic_comms/share/basic_comms/hook/pythonpath.sh'
[2.073s] Level 1:colcon.colcon_core.environment:checking '/home/roli_005/Downloads/ros2_ws_2/install/basic_comms/bin'
[2.073s] Level 1:colcon.colcon_core.environment:create_environment_scripts_only(basic_comms)
[2.073s] INFO:colcon.colcon_core.shell:Creating package script '/home/roli_005/Downloads/ros2_ws_2/install/basic_comms/share/basic_comms/package.ps1'
[2.074s] INFO:colcon.colcon_core.shell:Creating package descriptor '/home/roli_005/Downloads/ros2_ws_2/install/basic_comms/share/basic_comms/package.dsv'
[2.075s] INFO:colcon.colcon_core.shell:Creating package script '/home/roli_005/Downloads/ros2_ws_2/install/basic_comms/share/basic_comms/package.sh'
[2.076s] INFO:colcon.colcon_core.shell:Creating package script '/home/roli_005/Downloads/ros2_ws_2/install/basic_comms/share/basic_comms/package.bash'
[2.076s] INFO:colcon.colcon_core.shell:Creating package script '/home/roli_005/Downloads/ros2_ws_2/install/basic_comms/share/basic_comms/package.zsh'
[2.077s] Level 1:colcon.colcon_core.environment:create_file_with_runtime_dependencies(/home/roli_005/Downloads/ros2_ws_2/install/basic_comms/share/colcon-core/packages/basic_comms)
[2.078s] Level 1:colcon.colcon_core.environment:checking '/home/roli_005/Downloads/ros2_ws_2/install/motor_control' for CMake module files
[2.078s] DEBUG:colcon.colcon_core.event_handler.log_command:Invoked command in '/home/roli_005/Downloads/ros2_ws_2/src/motor_control' returned '0': PYTHONPATH=/home/roli_005/Downloads/ros2_ws_2/build/motor_control/prefix_override:/usr/lib/python3/dist-packages/colcon_core/task/python/colcon_distutils_commands:/home/roli_005/Downloads/ros2_ws_2/install/motor_control/lib/python3.10/site-packages:${PYTHONPATH} /usr/bin/python3 -W ignore:setup.py install is deprecated -W ignore:easy_install command is deprecated setup.py egg_info --egg-base ../../build/motor_control build --build-base /home/roli_005/Downloads/ros2_ws_2/build/motor_control/build install --record /home/roli_005/Downloads/ros2_ws_2/build/motor_control/install.log --single-version-externally-managed install_data
[2.079s] Level 1:colcon.colcon_core.environment:checking '/home/roli_005/Downloads/ros2_ws_2/install/motor_control' for CMake config files
[2.079s] Level 1:colcon.colcon_core.environment:checking '/home/roli_005/Downloads/ros2_ws_2/install/motor_control/lib'
[2.079s] Level 1:colcon.colcon_core.environment:checking '/home/roli_005/Downloads/ros2_ws_2/install/motor_control/bin'
[2.079s] Level 1:colcon.colcon_core.environment:checking '/home/roli_005/Downloads/ros2_ws_2/install/motor_control/lib/pkgconfig/motor_control.pc'
[2.080s] Level 1:colcon.colcon_core.environment:checking '/home/roli_005/Downloads/ros2_ws_2/install/motor_control/lib/python3.10/site-packages'
[2.080s] Level 1:colcon.colcon_core.shell:create_environment_hook('motor_control', 'pythonpath')
[2.080s] INFO:colcon.colcon_core.shell:Creating environment hook '/home/roli_005/Downloads/ros2_ws_2/install/motor_control/share/motor_control/hook/pythonpath.ps1'
[2.080s] INFO:colcon.colcon_core.shell:Creating environment descriptor '/home/roli_005/Downloads/ros2_ws_2/install/motor_control/share/motor_control/hook/pythonpath.dsv'
[2.081s] INFO:colcon.colcon_core.shell:Creating environment hook '/home/roli_005/Downloads/ros2_ws_2/install/motor_control/share/motor_control/hook/pythonpath.sh'
[2.081s] Level 1:colcon.colcon_core.environment:checking '/home/roli_005/Downloads/ros2_ws_2/install/motor_control/bin'
[2.081s] Level 1:colcon.colcon_core.environment:create_environment_scripts_only(motor_control)
[2.081s] INFO:colcon.colcon_core.shell:Creating package script '/home/roli_005/Downloads/ros2_ws_2/install/motor_control/share/motor_control/package.ps1'
[2.082s] INFO:colcon.colcon_core.shell:Creating package descriptor '/home/roli_005/Downloads/ros2_ws_2/install/motor_control/share/motor_control/package.dsv'
[2.082s] INFO:colcon.colcon_core.shell:Creating package script '/home/roli_005/Downloads/ros2_ws_2/install/motor_control/share/motor_control/package.sh'
[2.083s] INFO:colcon.colcon_core.shell:Creating package script '/home/roli_005/Downloads/ros2_ws_2/install/motor_control/share/motor_control/package.bash'
[2.083s] INFO:colcon.colcon_core.shell:Creating package script '/home/roli_005/Downloads/ros2_ws_2/install/motor_control/share/motor_control/package.zsh'
[2.083s] Level 1:colcon.colcon_core.environment:create_file_with_runtime_dependencies(/home/roli_005/Downloads/ros2_ws_2/install/motor_control/share/colcon-core/packages/motor_control)
[3.619s] DEBUG:colcon.colcon_core.event_handler.log_command:Invoked command in '/home/roli_005/Downloads/ros2_ws_2/build/custom_interfaces' returned '0': CMAKE_PREFIX_PATH=${CMAKE_PREFIX_PATH}:/home/roli_005/TE3001B_ws/install/signal_processing:/home/roli_005/TE3001B_ws/install/motor_control_act:/home/roli_005/TE3001B_ws/install/motor_control:/home/roli_005/TE3001B_ws/install/inverted_pendulum:/home/roli_005/TE3001B_ws/install/final_challenge:/home/roli_005/TE3001B_ws/install/basic_comms:/home/roli_005/TE3001B_ws/install/arm_2_DOF:/home/roli_005/vanttec_usv/install/sensor_msgs_py:/home/roli_005/home2_ws/install/uf_ros_lib:/opt/ros/humble /usr/bin/cmake /home/roli_005/Downloads/ros2_ws_2/src/custom_interfaces -DCMAKE_INSTALL_PREFIX=/home/roli_005/Downloads/ros2_ws_2/install/custom_interfaces
[3.620s] DEBUG:colcon.colcon_core.event_handler.log_command:Invoking command in '/home/roli_005/Downloads/ros2_ws_2/build/custom_interfaces': CMAKE_PREFIX_PATH=${CMAKE_PREFIX_PATH}:/home/roli_005/TE3001B_ws/install/signal_processing:/home/roli_005/TE3001B_ws/install/motor_control_act:/home/roli_005/TE3001B_ws/install/motor_control:/home/roli_005/TE3001B_ws/install/inverted_pendulum:/home/roli_005/TE3001B_ws/install/final_challenge:/home/roli_005/TE3001B_ws/install/basic_comms:/home/roli_005/TE3001B_ws/install/arm_2_DOF:/home/roli_005/vanttec_usv/install/sensor_msgs_py:/home/roli_005/home2_ws/install/uf_ros_lib:/opt/ros/humble /usr/bin/cmake --build /home/roli_005/Downloads/ros2_ws_2/build/custom_interfaces -- -j12 -l12
[5.793s] DEBUG:colcon.colcon_core.event_handler.log_command:Invoked command in '/home/roli_005/Downloads/ros2_ws_2/build/custom_interfaces' returned '0': CMAKE_PREFIX_PATH=${CMAKE_PREFIX_PATH}:/home/roli_005/TE3001B_ws/install/signal_processing:/home/roli_005/TE3001B_ws/install/motor_control_act:/home/roli_005/TE3001B_ws/install/motor_control:/home/roli_005/TE3001B_ws/install/inverted_pendulum:/home/roli_005/TE3001B_ws/install/final_challenge:/home/roli_005/TE3001B_ws/install/basic_comms:/home/roli_005/TE3001B_ws/install/arm_2_DOF:/home/roli_005/vanttec_usv/install/sensor_msgs_py:/home/roli_005/home2_ws/install/uf_ros_lib:/opt/ros/humble /usr/bin/cmake --build /home/roli_005/Downloads/ros2_ws_2/build/custom_interfaces -- -j12 -l12
[5.804s] DEBUG:colcon.colcon_core.event_handler.log_command:Invoking command in '/home/roli_005/Downloads/ros2_ws_2/build/custom_interfaces': CMAKE_PREFIX_PATH=${CMAKE_PREFIX_PATH}:/home/roli_005/TE3001B_ws/install/signal_processing:/home/roli_005/TE3001B_ws/install/motor_control_act:/home/roli_005/TE3001B_ws/install/motor_control:/home/roli_005/TE3001B_ws/install/inverted_pendulum:/home/roli_005/TE3001B_ws/install/final_challenge:/home/roli_005/TE3001B_ws/install/basic_comms:/home/roli_005/TE3001B_ws/install/arm_2_DOF:/home/roli_005/vanttec_usv/install/sensor_msgs_py:/home/roli_005/home2_ws/install/uf_ros_lib:/opt/ros/humble /usr/bin/cmake --install /home/roli_005/Downloads/ros2_ws_2/build/custom_interfaces
[5.897s] Level 1:colcon.colcon_core.environment:create_environment_scripts_only(custom_interfaces)
[5.897s] DEBUG:colcon.colcon_core.event_handler.log_command:Invoked command in '/home/roli_005/Downloads/ros2_ws_2/build/custom_interfaces' returned '0': CMAKE_PREFIX_PATH=${CMAKE_PREFIX_PATH}:/home/roli_005/TE3001B_ws/install/signal_processing:/home/roli_005/TE3001B_ws/install/motor_control_act:/home/roli_005/TE3001B_ws/install/motor_control:/home/roli_005/TE3001B_ws/install/inverted_pendulum:/home/roli_005/TE3001B_ws/install/final_challenge:/home/roli_005/TE3001B_ws/install/basic_comms:/home/roli_005/TE3001B_ws/install/arm_2_DOF:/home/roli_005/vanttec_usv/install/sensor_msgs_py:/home/roli_005/home2_ws/install/uf_ros_lib:/opt/ros/humble /usr/bin/cmake --install /home/roli_005/Downloads/ros2_ws_2/build/custom_interfaces
[5.898s] Level 1:colcon.colcon_core.environment:checking '/home/roli_005/Downloads/ros2_ws_2/install/custom_interfaces' for CMake module files
[5.898s] Level 1:colcon.colcon_core.environment:checking '/home/roli_005/Downloads/ros2_ws_2/install/custom_interfaces' for CMake config files
[5.899s] Level 1:colcon.colcon_core.shell:create_environment_hook('custom_interfaces', 'cmake_prefix_path')
[5.899s] INFO:colcon.colcon_core.shell:Creating environment hook '/home/roli_005/Downloads/ros2_ws_2/install/custom_interfaces/share/custom_interfaces/hook/cmake_prefix_path.ps1'
[5.899s] INFO:colcon.colcon_core.shell:Creating environment descriptor '/home/roli_005/Downloads/ros2_ws_2/install/custom_interfaces/share/custom_interfaces/hook/cmake_prefix_path.dsv'
[5.900s] INFO:colcon.colcon_core.shell:Creating environment hook '/home/roli_005/Downloads/ros2_ws_2/install/custom_interfaces/share/custom_interfaces/hook/cmake_prefix_path.sh'
[5.900s] Level 1:colcon.colcon_core.environment:checking '/home/roli_005/Downloads/ros2_ws_2/install/custom_interfaces/lib'
[5.900s] Level 1:colcon.colcon_core.shell:create_environment_hook('custom_interfaces', 'ld_library_path_lib')
[5.900s] INFO:colcon.colcon_core.shell:Creating environment hook '/home/roli_005/Downloads/ros2_ws_2/install/custom_interfaces/share/custom_interfaces/hook/ld_library_path_lib.ps1'
[5.901s] INFO:colcon.colcon_core.shell:Creating environment descriptor '/home/roli_005/Downloads/ros2_ws_2/install/custom_interfaces/share/custom_interfaces/hook/ld_library_path_lib.dsv'
[5.901s] INFO:colcon.colcon_core.shell:Creating environment hook '/home/roli_005/Downloads/ros2_ws_2/install/custom_interfaces/share/custom_interfaces/hook/ld_library_path_lib.sh'
[5.901s] Level 1:colcon.colcon_core.environment:checking '/home/roli_005/Downloads/ros2_ws_2/install/custom_interfaces/bin'
[5.902s] Level 1:colcon.colcon_core.environment:checking '/home/roli_005/Downloads/ros2_ws_2/install/custom_interfaces/lib/pkgconfig/custom_interfaces.pc'
[5.902s] Level 1:colcon.colcon_core.environment:checking '/home/roli_005/Downloads/ros2_ws_2/install/custom_interfaces/lib/python3.10/site-packages'
[5.902s] Level 1:colcon.colcon_core.environment:checking '/home/roli_005/Downloads/ros2_ws_2/install/custom_interfaces/bin'
[5.902s] INFO:colcon.colcon_core.shell:Creating package script '/home/roli_005/Downloads/ros2_ws_2/install/custom_interfaces/share/custom_interfaces/package.ps1'
[5.903s] INFO:colcon.colcon_core.shell:Creating package descriptor '/home/roli_005/Downloads/ros2_ws_2/install/custom_interfaces/share/custom_interfaces/package.dsv'
[5.903s] INFO:colcon.colcon_core.shell:Creating package script '/home/roli_005/Downloads/ros2_ws_2/install/custom_interfaces/share/custom_interfaces/package.sh'
[5.903s] INFO:colcon.colcon_core.shell:Creating package script '/home/roli_005/Downloads/ros2_ws_2/install/custom_interfaces/share/custom_interfaces/package.bash'
[5.904s] INFO:colcon.colcon_core.shell:Creating package script '/home/roli_005/Downloads/ros2_ws_2/install/custom_interfaces/share/custom_interfaces/package.zsh'
[5.904s] Level 1:colcon.colcon_core.environment:create_file_with_runtime_dependencies(/home/roli_005/Downloads/ros2_ws_2/install/custom_interfaces/share/colcon-core/packages/custom_interfaces)
[5.905s] Level 1:colcon.colcon_core.environment:create_environment_scripts_only(custom_interfaces)
[5.905s] Level 1:colcon.colcon_core.environment:checking '/home/roli_005/Downloads/ros2_ws_2/install/custom_interfaces' for CMake module files
[5.905s] Level 1:colcon.colcon_core.environment:checking '/home/roli_005/Downloads/ros2_ws_2/install/custom_interfaces' for CMake config files
[5.906s] Level 1:colcon.colcon_core.shell:create_environment_hook('custom_interfaces', 'cmake_prefix_path')
[5.906s] INFO:colcon.colcon_core.shell:Creating environment hook '/home/roli_005/Downloads/ros2_ws_2/install/custom_interfaces/share/custom_interfaces/hook/cmake_prefix_path.ps1'
[5.906s] INFO:colcon.colcon_core.shell:Creating environment descriptor '/home/roli_005/Downloads/ros2_ws_2/install/custom_interfaces/share/custom_interfaces/hook/cmake_prefix_path.dsv'
[5.906s] INFO:colcon.colcon_core.shell:Creating environment hook '/home/roli_005/Downloads/ros2_ws_2/install/custom_interfaces/share/custom_interfaces/hook/cmake_prefix_path.sh'
[5.907s] Level 1:colcon.colcon_core.environment:checking '/home/roli_005/Downloads/ros2_ws_2/install/custom_interfaces/lib'
[5.907s] Level 1:colcon.colcon_core.shell:create_environment_hook('custom_interfaces', 'ld_library_path_lib')
[5.907s] INFO:colcon.colcon_core.shell:Creating environment hook '/home/roli_005/Downloads/ros2_ws_2/install/custom_interfaces/share/custom_interfaces/hook/ld_library_path_lib.ps1'
[5.908s] INFO:colcon.colcon_core.shell:Creating environment descriptor '/home/roli_005/Downloads/ros2_ws_2/install/custom_interfaces/share/custom_interfaces/hook/ld_library_path_lib.dsv'
[5.908s] INFO:colcon.colcon_core.shell:Creating environment hook '/home/roli_005/Downloads/ros2_ws_2/install/custom_interfaces/share/custom_interfaces/hook/ld_library_path_lib.sh'
[5.908s] Level 1:colcon.colcon_core.environment:checking '/home/roli_005/Downloads/ros2_ws_2/install/custom_interfaces/bin'
[5.908s] Level 1:colcon.colcon_core.environment:checking '/home/roli_005/Downloads/ros2_ws_2/install/custom_interfaces/lib/pkgconfig/custom_interfaces.pc'
[5.908s] Level 1:colcon.colcon_core.environment:checking '/home/roli_005/Downloads/ros2_ws_2/install/custom_interfaces/lib/python3.10/site-packages'
[5.909s] Level 1:colcon.colcon_core.environment:checking '/home/roli_005/Downloads/ros2_ws_2/install/custom_interfaces/bin'
[5.909s] INFO:colcon.colcon_core.shell:Creating package script '/home/roli_005/Downloads/ros2_ws_2/install/custom_interfaces/share/custom_interfaces/package.ps1'
[5.909s] INFO:colcon.colcon_core.shell:Creating package descriptor '/home/roli_005/Downloads/ros2_ws_2/install/custom_interfaces/share/custom_interfaces/package.dsv'
[5.910s] INFO:colcon.colcon_core.shell:Creating package script '/home/roli_005/Downloads/ros2_ws_2/install/custom_interfaces/share/custom_interfaces/package.sh'
[5.910s] INFO:colcon.colcon_core.shell:Creating package script '/home/roli_005/Downloads/ros2_ws_2/install/custom_interfaces/share/custom_interfaces/package.bash'
[5.911s] INFO:colcon.colcon_core.shell:Creating package script '/home/roli_005/Downloads/ros2_ws_2/install/custom_interfaces/share/custom_interfaces/package.zsh'
[5.911s] Level 1:colcon.colcon_core.environment:create_file_with_runtime_dependencies(/home/roli_005/Downloads/ros2_ws_2/install/custom_interfaces/share/colcon-core/packages/custom_interfaces)
[5.911s] DEBUG:colcon.colcon_parallel_executor.executor.parallel:closing loop
[5.912s] DEBUG:colcon.colcon_parallel_executor.executor.parallel:loop closed
[5.912s] DEBUG:colcon.colcon_parallel_executor.executor.parallel:run_until_complete finished with '0'
[5.912s] DEBUG:colcon.colcon_core.event_reactor:joining thread
[5.918s] INFO:colcon.colcon_core.plugin_system:Skipping extension 'colcon_notification.desktop_notification.terminal_notifier': Not used on non-Darwin systems
[5.918s] INFO:colcon.colcon_core.plugin_system:Skipping extension 'colcon_notification.desktop_notification.win32': Not used on non-Windows systems
[5.918s] INFO:colcon.colcon_notification.desktop_notification:Sending desktop notification using 'notify2'
[5.926s] DEBUG:colcon.colcon_core.event_reactor:joined thread
[5.926s] INFO:colcon.colcon_core.shell:Creating prefix script '/home/roli_005/Downloads/ros2_ws_2/install/local_setup.ps1'
[5.927s] INFO:colcon.colcon_core.shell:Creating prefix util module '/home/roli_005/Downloads/ros2_ws_2/install/_local_setup_util_ps1.py'
[5.928s] INFO:colcon.colcon_core.shell:Creating prefix chain script '/home/roli_005/Downloads/ros2_ws_2/install/setup.ps1'
[5.932s] INFO:colcon.colcon_core.shell:Creating prefix script '/home/roli_005/Downloads/ros2_ws_2/install/local_setup.sh'
[5.933s] INFO:colcon.colcon_core.shell:Creating prefix util module '/home/roli_005/Downloads/ros2_ws_2/install/_local_setup_util_sh.py'
[5.933s] INFO:colcon.colcon_core.shell:Creating prefix chain script '/home/roli_005/Downloads/ros2_ws_2/install/setup.sh'
[5.937s] INFO:colcon.colcon_core.shell:Creating prefix script '/home/roli_005/Downloads/ros2_ws_2/install/local_setup.bash'
[5.938s] INFO:colcon.colcon_core.shell:Creating prefix chain script '/home/roli_005/Downloads/ros2_ws_2/install/setup.bash'
[5.942s] INFO:colcon.colcon_core.shell:Creating prefix script '/home/roli_005/Downloads/ros2_ws_2/install/local_setup.zsh'
[5.942s] INFO:colcon.colcon_core.shell:Creating prefix chain script '/home/roli_005/Downloads/ros2_ws_2/install/setup.zsh'
