[0.070s] DEBUG:colcon:Command line arguments: ['/usr/bin/colcon', 'build']
[0.071s] DEBUG:colcon:Parsed command line arguments: Namespace(log_base=None, log_level=None, verb_name='build', build_base='build', install_base='install', merge_install=False, symlink_install=False, test_result_base=None, continue_on_error=False, executor='parallel', parallel_workers=12, event_handlers=None, ignore_user_meta=False, metas=['./colcon.meta'], base_paths=['.'], packages_ignore=None, packages_ignore_regex=None, paths=None, packages_up_to=None, packages_up_to_regex=None, packages_above=None, packages_above_and_dependencies=None, packages_above_depth=None, packages_select_by_dep=None, packages_skip_by_dep=None, packages_skip_up_to=None, packages_select_build_failed=False, packages_skip_build_finished=False, packages_select_test_failures=False, packages_skip_test_passed=False, packages_select=None, packages_skip=None, packages_select_regex=None, packages_skip_regex=None, packages_start=None, packages_end=None, allow_overriding=[], cmake_args=None, cmake_target=None, cmake_target_skip_unavailable=False, cmake_clean_cache=False, cmake_clean_first=False, cmake_force_configure=False, ament_cmake_args=None, catkin_cmake_args=None, catkin_skip_building_tests=False, mixin_files=None, mixin=None, verb_parser=<colcon_mixin.mixin.mixin_argument.MixinArgumentDecorator object at 0x7782c121ded0>, verb_extension=<colcon_core.verb.build.BuildVerb object at 0x7782c132ae90>, main=<bound method BuildVerb.main of <colcon_core.verb.build.BuildVerb object at 0x7782c132ae90>>, mixin_verb=('build',))
[0.184s] Level 1:colcon.colcon_core.package_discovery:discover_packages(colcon_meta) check parameters
[0.184s] Level 1:colcon.colcon_core.package_discovery:discover_packages(recursive) check parameters
[0.184s] Level 1:colcon.colcon_core.package_discovery:discover_packages(ignore) check parameters
[0.184s] Level 1:colcon.colcon_core.package_discovery:discover_packages(path) check parameters
[0.184s] Level 1:colcon.colcon_core.package_discovery:discover_packages(colcon_meta) discover
[0.184s] Level 1:colcon.colcon_core.package_discovery:discover_packages(recursive) discover
[0.184s] INFO:colcon.colcon_core.package_discovery:Crawling recursively for packages in '/home/idmx/ros2_ws_2'
[0.184s] Level 1:colcon.colcon_core.package_identification:_identify(.) by extensions ['ignore', 'ignore_ament_install']
[0.184s] Level 1:colcon.colcon_core.package_identification:_identify(.) by extension 'ignore'
[0.184s] Level 1:colcon.colcon_core.package_identification:_identify(.) by extension 'ignore_ament_install'
[0.184s] Level 1:colcon.colcon_core.package_identification:_identify(.) by extensions ['colcon_pkg']
[0.184s] Level 1:colcon.colcon_core.package_identification:_identify(.) by extension 'colcon_pkg'
[0.184s] Level 1:colcon.colcon_core.package_identification:_identify(.) by extensions ['colcon_meta']
[0.184s] Level 1:colcon.colcon_core.package_identification:_identify(.) by extension 'colcon_meta'
[0.184s] Level 1:colcon.colcon_core.package_identification:_identify(.) by extensions ['ros']
[0.184s] Level 1:colcon.colcon_core.package_identification:_identify(.) by extension 'ros'
[0.191s] Level 1:colcon.colcon_core.package_identification:_identify(.) by extensions ['cmake', 'python']
[0.191s] Level 1:colcon.colcon_core.package_identification:_identify(.) by extension 'cmake'
[0.191s] Level 1:colcon.colcon_core.package_identification:_identify(.) by extension 'python'
[0.191s] Level 1:colcon.colcon_core.package_identification:_identify(.) by extensions ['python_setup_py']
[0.191s] Level 1:colcon.colcon_core.package_identification:_identify(.) by extension 'python_setup_py'
[0.192s] Level 1:colcon.colcon_core.package_identification:_identify(build) by extensions ['ignore', 'ignore_ament_install']
[0.192s] Level 1:colcon.colcon_core.package_identification:_identify(build) by extension 'ignore'
[0.192s] Level 1:colcon.colcon_core.package_identification:_identify(build) ignored
[0.192s] Level 1:colcon.colcon_core.package_identification:_identify(install) by extensions ['ignore', 'ignore_ament_install']
[0.192s] Level 1:colcon.colcon_core.package_identification:_identify(install) by extension 'ignore'
[0.192s] Level 1:colcon.colcon_core.package_identification:_identify(install) ignored
[0.192s] Level 1:colcon.colcon_core.package_identification:_identify(log) by extensions ['ignore', 'ignore_ament_install']
[0.192s] Level 1:colcon.colcon_core.package_identification:_identify(log) by extension 'ignore'
[0.192s] Level 1:colcon.colcon_core.package_identification:_identify(log) ignored
[0.192s] Level 1:colcon.colcon_core.package_identification:_identify(src) by extensions ['ignore', 'ignore_ament_install']
[0.192s] Level 1:colcon.colcon_core.package_identification:_identify(src) by extension 'ignore'
[0.192s] Level 1:colcon.colcon_core.package_identification:_identify(src) by extension 'ignore_ament_install'
[0.192s] Level 1:colcon.colcon_core.package_identification:_identify(src) by extensions ['colcon_pkg']
[0.192s] Level 1:colcon.colcon_core.package_identification:_identify(src) by extension 'colcon_pkg'
[0.192s] Level 1:colcon.colcon_core.package_identification:_identify(src) by extensions ['colcon_meta']
[0.192s] Level 1:colcon.colcon_core.package_identification:_identify(src) by extension 'colcon_meta'
[0.192s] Level 1:colcon.colcon_core.package_identification:_identify(src) by extensions ['ros']
[0.192s] Level 1:colcon.colcon_core.package_identification:_identify(src) by extension 'ros'
[0.192s] Level 1:colcon.colcon_core.package_identification:_identify(src) by extensions ['cmake', 'python']
[0.192s] Level 1:colcon.colcon_core.package_identification:_identify(src) by extension 'cmake'
[0.192s] Level 1:colcon.colcon_core.package_identification:_identify(src) by extension 'python'
[0.192s] Level 1:colcon.colcon_core.package_identification:_identify(src) by extensions ['python_setup_py']
[0.192s] Level 1:colcon.colcon_core.package_identification:_identify(src) by extension 'python_setup_py'
[0.192s] Level 1:colcon.colcon_core.package_identification:_identify(src/basic_comms) by extensions ['ignore', 'ignore_ament_install']
[0.192s] Level 1:colcon.colcon_core.package_identification:_identify(src/basic_comms) by extension 'ignore'
[0.193s] Level 1:colcon.colcon_core.package_identification:_identify(src/basic_comms) by extension 'ignore_ament_install'
[0.193s] Level 1:colcon.colcon_core.package_identification:_identify(src/basic_comms) by extensions ['colcon_pkg']
[0.193s] Level 1:colcon.colcon_core.package_identification:_identify(src/basic_comms) by extension 'colcon_pkg'
[0.193s] Level 1:colcon.colcon_core.package_identification:_identify(src/basic_comms) by extensions ['colcon_meta']
[0.193s] Level 1:colcon.colcon_core.package_identification:_identify(src/basic_comms) by extension 'colcon_meta'
[0.193s] Level 1:colcon.colcon_core.package_identification:_identify(src/basic_comms) by extensions ['ros']
[0.193s] Level 1:colcon.colcon_core.package_identification:_identify(src/basic_comms) by extension 'ros'
[0.195s] DEBUG:colcon.colcon_core.package_identification:Package 'src/basic_comms' with type 'ros.ament_python' and name 'basic_comms'
[0.195s] Level 1:colcon.colcon_core.package_identification:_identify(src/custom_interfaces) by extensions ['ignore', 'ignore_ament_install']
[0.195s] Level 1:colcon.colcon_core.package_identification:_identify(src/custom_interfaces) by extension 'ignore'
[0.195s] Level 1:colcon.colcon_core.package_identification:_identify(src/custom_interfaces) by extension 'ignore_ament_install'
[0.195s] Level 1:colcon.colcon_core.package_identification:_identify(src/custom_interfaces) by extensions ['colcon_pkg']
[0.195s] Level 1:colcon.colcon_core.package_identification:_identify(src/custom_interfaces) by extension 'colcon_pkg'
[0.195s] Level 1:colcon.colcon_core.package_identification:_identify(src/custom_interfaces) by extensions ['colcon_meta']
[0.195s] Level 1:colcon.colcon_core.package_identification:_identify(src/custom_interfaces) by extension 'colcon_meta'
[0.195s] Level 1:colcon.colcon_core.package_identification:_identify(src/custom_interfaces) by extensions ['ros']
[0.195s] Level 1:colcon.colcon_core.package_identification:_identify(src/custom_interfaces) by extension 'ros'
[0.195s] DEBUG:colcon.colcon_core.package_identification:Package 'src/custom_interfaces' with type 'ros.ament_cmake' and name 'custom_interfaces'
[0.196s] Level 1:colcon.colcon_core.package_identification:_identify(src/motor_control) by extensions ['ignore', 'ignore_ament_install']
[0.196s] Level 1:colcon.colcon_core.package_identification:_identify(src/motor_control) by extension 'ignore'
[0.196s] Level 1:colcon.colcon_core.package_identification:_identify(src/motor_control) by extension 'ignore_ament_install'
[0.196s] Level 1:colcon.colcon_core.package_identification:_identify(src/motor_control) by extensions ['colcon_pkg']
[0.196s] Level 1:colcon.colcon_core.package_identification:_identify(src/motor_control) by extension 'colcon_pkg'
[0.196s] Level 1:colcon.colcon_core.package_identification:_identify(src/motor_control) by extensions ['colcon_meta']
[0.196s] Level 1:colcon.colcon_core.package_identification:_identify(src/motor_control) by extension 'colcon_meta'
[0.196s] Level 1:colcon.colcon_core.package_identification:_identify(src/motor_control) by extensions ['ros']
[0.196s] Level 1:colcon.colcon_core.package_identification:_identify(src/motor_control) by extension 'ros'
[0.196s] DEBUG:colcon.colcon_core.package_identification:Package 'src/motor_control' with type 'ros.ament_python' and name 'motor_control'
[0.196s] Level 1:colcon.colcon_core.package_discovery:discover_packages(recursive) using defaults
[0.196s] Level 1:colcon.colcon_core.package_discovery:discover_packages(ignore) discover
[0.196s] Level 1:colcon.colcon_core.package_discovery:discover_packages(ignore) using defaults
[0.196s] Level 1:colcon.colcon_core.package_discovery:discover_packages(path) discover
[0.196s] Level 1:colcon.colcon_core.package_discovery:discover_packages(path) using defaults
[0.218s] Level 1:colcon.colcon_core.package_discovery:discover_packages(prefix_path) check parameters
[0.218s] Level 1:colcon.colcon_core.package_discovery:discover_packages(prefix_path) discover
[0.219s] DEBUG:colcon.colcon_installed_package_information.package_discovery:Found 3 installed packages in /home/idmx/ros2_ws_2/install
[0.220s] DEBUG:colcon.colcon_installed_package_information.package_discovery:Found 3 installed packages in /home/idmx/ros2_ws_micro/install
[0.220s] DEBUG:colcon.colcon_installed_package_information.package_discovery:Found 271 installed packages in /opt/ros/humble
[0.221s] Level 1:colcon.colcon_core.package_discovery:discover_packages(prefix_path) using defaults
[0.245s] Level 5:colcon.colcon_core.verb:set package 'basic_comms' build argument 'cmake_args' from command line to 'None'
[0.245s] Level 5:colcon.colcon_core.verb:set package 'basic_comms' build argument 'cmake_target' from command line to 'None'
[0.246s] Level 5:colcon.colcon_core.verb:set package 'basic_comms' build argument 'cmake_target_skip_unavailable' from command line to 'False'
[0.246s] Level 5:colcon.colcon_core.verb:set package 'basic_comms' build argument 'cmake_clean_cache' from command line to 'False'
[0.246s] Level 5:colcon.colcon_core.verb:set package 'basic_comms' build argument 'cmake_clean_first' from command line to 'False'
[0.246s] Level 5:colcon.colcon_core.verb:set package 'basic_comms' build argument 'cmake_force_configure' from command line to 'False'
[0.246s] Level 5:colcon.colcon_core.verb:set package 'basic_comms' build argument 'ament_cmake_args' from command line to 'None'
[0.246s] Level 5:colcon.colcon_core.verb:set package 'basic_comms' build argument 'catkin_cmake_args' from command line to 'None'
[0.246s] Level 5:colcon.colcon_core.verb:set package 'basic_comms' build argument 'catkin_skip_building_tests' from command line to 'False'
[0.246s] DEBUG:colcon.colcon_core.verb:Building package 'basic_comms' with the following arguments: {'ament_cmake_args': None, 'build_base': '/home/idmx/ros2_ws_2/build/basic_comms', 'catkin_cmake_args': None, 'catkin_skip_building_tests': False, 'cmake_args': None, 'cmake_clean_cache': False, 'cmake_clean_first': False, 'cmake_force_configure': False, 'cmake_target': None, 'cmake_target_skip_unavailable': False, 'install_base': '/home/idmx/ros2_ws_2/install/basic_comms', 'merge_install': False, 'path': '/home/idmx/ros2_ws_2/src/basic_comms', 'symlink_install': False, 'test_result_base': None}
[0.246s] Level 5:colcon.colcon_core.verb:set package 'custom_interfaces' build argument 'cmake_args' from command line to 'None'
[0.246s] Level 5:colcon.colcon_core.verb:set package 'custom_interfaces' build argument 'cmake_target' from command line to 'None'
[0.246s] Level 5:colcon.colcon_core.verb:set package 'custom_interfaces' build argument 'cmake_target_skip_unavailable' from command line to 'False'
[0.246s] Level 5:colcon.colcon_core.verb:set package 'custom_interfaces' build argument 'cmake_clean_cache' from command line to 'False'
[0.246s] Level 5:colcon.colcon_core.verb:set package 'custom_interfaces' build argument 'cmake_clean_first' from command line to 'False'
[0.246s] Level 5:colcon.colcon_core.verb:set package 'custom_interfaces' build argument 'cmake_force_configure' from command line to 'False'
[0.246s] Level 5:colcon.colcon_core.verb:set package 'custom_interfaces' build argument 'ament_cmake_args' from command line to 'None'
[0.246s] Level 5:colcon.colcon_core.verb:set package 'custom_interfaces' build argument 'catkin_cmake_args' from command line to 'None'
[0.246s] Level 5:colcon.colcon_core.verb:set package 'custom_interfaces' build argument 'catkin_skip_building_tests' from command line to 'False'
[0.246s] DEBUG:colcon.colcon_core.verb:Building package 'custom_interfaces' with the following arguments: {'ament_cmake_args': None, 'build_base': '/home/idmx/ros2_ws_2/build/custom_interfaces', 'catkin_cmake_args': None, 'catkin_skip_building_tests': False, 'cmake_args': None, 'cmake_clean_cache': False, 'cmake_clean_first': False, 'cmake_force_configure': False, 'cmake_target': None, 'cmake_target_skip_unavailable': False, 'install_base': '/home/idmx/ros2_ws_2/install/custom_interfaces', 'merge_install': False, 'path': '/home/idmx/ros2_ws_2/src/custom_interfaces', 'symlink_install': False, 'test_result_base': None}
[0.246s] Level 5:colcon.colcon_core.verb:set package 'motor_control' build argument 'cmake_args' from command line to 'None'
[0.246s] Level 5:colcon.colcon_core.verb:set package 'motor_control' build argument 'cmake_target' from command line to 'None'
[0.246s] Level 5:colcon.colcon_core.verb:set package 'motor_control' build argument 'cmake_target_skip_unavailable' from command line to 'False'
[0.246s] Level 5:colcon.colcon_core.verb:set package 'motor_control' build argument 'cmake_clean_cache' from command line to 'False'
[0.246s] Level 5:colcon.colcon_core.verb:set package 'motor_control' build argument 'cmake_clean_first' from command line to 'False'
[0.246s] Level 5:colcon.colcon_core.verb:set package 'motor_control' build argument 'cmake_force_configure' from command line to 'False'
[0.246s] Level 5:colcon.colcon_core.verb:set package 'motor_control' build argument 'ament_cmake_args' from command line to 'None'
[0.246s] Level 5:colcon.colcon_core.verb:set package 'motor_control' build argument 'catkin_cmake_args' from command line to 'None'
[0.246s] Level 5:colcon.colcon_core.verb:set package 'motor_control' build argument 'catkin_skip_building_tests' from command line to 'False'
[0.246s] DEBUG:colcon.colcon_core.verb:Building package 'motor_control' with the following arguments: {'ament_cmake_args': None, 'build_base': '/home/idmx/ros2_ws_2/build/motor_control', 'catkin_cmake_args': None, 'catkin_skip_building_tests': False, 'cmake_args': None, 'cmake_clean_cache': False, 'cmake_clean_first': False, 'cmake_force_configure': False, 'cmake_target': None, 'cmake_target_skip_unavailable': False, 'install_base': '/home/idmx/ros2_ws_2/install/motor_control', 'merge_install': False, 'path': '/home/idmx/ros2_ws_2/src/motor_control', 'symlink_install': False, 'test_result_base': None}
[0.247s] INFO:colcon.colcon_core.executor:Executing jobs using 'parallel' executor
[0.247s] DEBUG:colcon.colcon_parallel_executor.executor.parallel:run_until_complete
[0.248s] INFO:colcon.colcon_ros.task.ament_python.build:Building ROS package in '/home/idmx/ros2_ws_2/src/basic_comms' with build type 'ament_python'
[0.248s] Level 1:colcon.colcon_core.shell:create_environment_hook('basic_comms', 'ament_prefix_path')
[0.249s] INFO:colcon.colcon_core.plugin_system:Skipping extension 'colcon_core.shell.bat': Not used on non-Windows systems
[0.249s] INFO:colcon.colcon_core.shell:Creating environment hook '/home/idmx/ros2_ws_2/install/basic_comms/share/basic_comms/hook/ament_prefix_path.ps1'
[0.250s] INFO:colcon.colcon_core.shell:Creating environment descriptor '/home/idmx/ros2_ws_2/install/basic_comms/share/basic_comms/hook/ament_prefix_path.dsv'
[0.250s] INFO:colcon.colcon_core.shell:Creating environment hook '/home/idmx/ros2_ws_2/install/basic_comms/share/basic_comms/hook/ament_prefix_path.sh'
[0.250s] INFO:colcon.colcon_core.shell:Skip shell extension 'powershell' for command environment: Not usable outside of PowerShell
[0.250s] DEBUG:colcon.colcon_core.shell:Skip shell extension 'dsv' for command environment
[0.253s] INFO:colcon.colcon_ros.task.ament_cmake.build:Building ROS package in '/home/idmx/ros2_ws_2/src/custom_interfaces' with build type 'ament_cmake'
[0.253s] INFO:colcon.colcon_cmake.task.cmake.build:Building CMake package in '/home/idmx/ros2_ws_2/src/custom_interfaces'
[0.253s] INFO:colcon.colcon_core.shell:Skip shell extension 'powershell' for command environment: Not usable outside of PowerShell
[0.253s] DEBUG:colcon.colcon_core.shell:Skip shell extension 'dsv' for command environment
[0.255s] INFO:colcon.colcon_ros.task.ament_python.build:Building ROS package in '/home/idmx/ros2_ws_2/src/motor_control' with build type 'ament_python'
[0.255s] Level 1:colcon.colcon_core.shell:create_environment_hook('motor_control', 'ament_prefix_path')
[0.255s] INFO:colcon.colcon_core.shell:Creating environment hook '/home/idmx/ros2_ws_2/install/motor_control/share/motor_control/hook/ament_prefix_path.ps1'
[0.256s] INFO:colcon.colcon_core.shell:Creating environment descriptor '/home/idmx/ros2_ws_2/install/motor_control/share/motor_control/hook/ament_prefix_path.dsv'
[0.256s] INFO:colcon.colcon_core.shell:Creating environment hook '/home/idmx/ros2_ws_2/install/motor_control/share/motor_control/hook/ament_prefix_path.sh'
[0.256s] INFO:colcon.colcon_core.shell:Skip shell extension 'powershell' for command environment: Not usable outside of PowerShell
[0.256s] DEBUG:colcon.colcon_core.shell:Skip shell extension 'dsv' for command environment
[0.431s] INFO:colcon.colcon_core.task.python.build:Building Python package in '/home/idmx/ros2_ws_2/src/basic_comms'
[0.432s] INFO:colcon.colcon_core.shell:Skip shell extension 'powershell' for command environment: Not usable outside of PowerShell
[0.432s] DEBUG:colcon.colcon_core.shell:Skip shell extension 'dsv' for command environment
[0.437s] DEBUG:colcon.colcon_core.event_handler.log_command:Invoking command in '/home/idmx/ros2_ws_2/build/custom_interfaces': CMAKE_PREFIX_PATH=${CMAKE_PREFIX_PATH}:/home/idmx/ros2_ws_2/install/motor_control:/home/idmx/ros2_ws_2/install/basic_comms:/opt/ros/humble /usr/bin/cmake --build /home/idmx/ros2_ws_2/build/custom_interfaces -- -j12 -l12
[0.646s] INFO:colcon.colcon_core.task.python.build:Building Python package in '/home/idmx/ros2_ws_2/src/motor_control'
[0.646s] INFO:colcon.colcon_core.shell:Skip shell extension 'powershell' for command environment: Not usable outside of PowerShell
[0.646s] DEBUG:colcon.colcon_core.shell:Skip shell extension 'dsv' for command environment
[0.721s] DEBUG:colcon.colcon_core.event_handler.log_command:Invoked command in '/home/idmx/ros2_ws_2/build/custom_interfaces' returned '0': CMAKE_PREFIX_PATH=${CMAKE_PREFIX_PATH}:/home/idmx/ros2_ws_2/install/motor_control:/home/idmx/ros2_ws_2/install/basic_comms:/opt/ros/humble /usr/bin/cmake --build /home/idmx/ros2_ws_2/build/custom_interfaces -- -j12 -l12
[0.729s] DEBUG:colcon.colcon_core.event_handler.log_command:Invoking command in '/home/idmx/ros2_ws_2/build/custom_interfaces': CMAKE_PREFIX_PATH=${CMAKE_PREFIX_PATH}:/home/idmx/ros2_ws_2/install/motor_control:/home/idmx/ros2_ws_2/install/basic_comms:/opt/ros/humble /usr/bin/cmake --install /home/idmx/ros2_ws_2/build/custom_interfaces
[0.783s] Level 1:colcon.colcon_core.environment:create_environment_scripts_only(custom_interfaces)
[0.784s] DEBUG:colcon.colcon_core.event_handler.log_command:Invoked command in '/home/idmx/ros2_ws_2/build/custom_interfaces' returned '0': CMAKE_PREFIX_PATH=${CMAKE_PREFIX_PATH}:/home/idmx/ros2_ws_2/install/motor_control:/home/idmx/ros2_ws_2/install/basic_comms:/opt/ros/humble /usr/bin/cmake --install /home/idmx/ros2_ws_2/build/custom_interfaces
[0.786s] Level 1:colcon.colcon_core.environment:checking '/home/idmx/ros2_ws_2/install/custom_interfaces' for CMake module files
[0.786s] Level 1:colcon.colcon_core.environment:checking '/home/idmx/ros2_ws_2/install/custom_interfaces' for CMake config files
[0.787s] Level 1:colcon.colcon_core.shell:create_environment_hook('custom_interfaces', 'cmake_prefix_path')
[0.787s] INFO:colcon.colcon_core.shell:Creating environment hook '/home/idmx/ros2_ws_2/install/custom_interfaces/share/custom_interfaces/hook/cmake_prefix_path.ps1'
[0.787s] INFO:colcon.colcon_core.shell:Creating environment descriptor '/home/idmx/ros2_ws_2/install/custom_interfaces/share/custom_interfaces/hook/cmake_prefix_path.dsv'
[0.787s] INFO:colcon.colcon_core.shell:Creating environment hook '/home/idmx/ros2_ws_2/install/custom_interfaces/share/custom_interfaces/hook/cmake_prefix_path.sh'
[0.788s] Level 1:colcon.colcon_core.environment:checking '/home/idmx/ros2_ws_2/install/custom_interfaces/lib'
[0.788s] Level 1:colcon.colcon_core.shell:create_environment_hook('custom_interfaces', 'ld_library_path_lib')
[0.788s] INFO:colcon.colcon_core.shell:Creating environment hook '/home/idmx/ros2_ws_2/install/custom_interfaces/share/custom_interfaces/hook/ld_library_path_lib.ps1'
[0.789s] INFO:colcon.colcon_core.shell:Creating environment descriptor '/home/idmx/ros2_ws_2/install/custom_interfaces/share/custom_interfaces/hook/ld_library_path_lib.dsv'
[0.789s] INFO:colcon.colcon_core.shell:Creating environment hook '/home/idmx/ros2_ws_2/install/custom_interfaces/share/custom_interfaces/hook/ld_library_path_lib.sh'
[0.789s] Level 1:colcon.colcon_core.environment:checking '/home/idmx/ros2_ws_2/install/custom_interfaces/bin'
[0.789s] Level 1:colcon.colcon_core.environment:checking '/home/idmx/ros2_ws_2/install/custom_interfaces/lib/pkgconfig/custom_interfaces.pc'
[0.789s] Level 1:colcon.colcon_core.environment:checking '/home/idmx/ros2_ws_2/install/custom_interfaces/lib/python3.10/site-packages'
[0.789s] Level 1:colcon.colcon_core.environment:checking '/home/idmx/ros2_ws_2/install/custom_interfaces/bin'
[0.790s] INFO:colcon.colcon_core.shell:Creating package script '/home/idmx/ros2_ws_2/install/custom_interfaces/share/custom_interfaces/package.ps1'
[0.790s] INFO:colcon.colcon_core.shell:Creating package descriptor '/home/idmx/ros2_ws_2/install/custom_interfaces/share/custom_interfaces/package.dsv'
[0.791s] INFO:colcon.colcon_core.shell:Creating package script '/home/idmx/ros2_ws_2/install/custom_interfaces/share/custom_interfaces/package.sh'
[0.791s] INFO:colcon.colcon_core.shell:Creating package script '/home/idmx/ros2_ws_2/install/custom_interfaces/share/custom_interfaces/package.bash'
[0.792s] INFO:colcon.colcon_core.shell:Creating package script '/home/idmx/ros2_ws_2/install/custom_interfaces/share/custom_interfaces/package.zsh'
[0.792s] Level 1:colcon.colcon_core.environment:create_file_with_runtime_dependencies(/home/idmx/ros2_ws_2/install/custom_interfaces/share/colcon-core/packages/custom_interfaces)
[0.793s] Level 1:colcon.colcon_core.environment:create_environment_scripts_only(custom_interfaces)
[0.793s] Level 1:colcon.colcon_core.environment:checking '/home/idmx/ros2_ws_2/install/custom_interfaces' for CMake module files
[0.794s] Level 1:colcon.colcon_core.environment:checking '/home/idmx/ros2_ws_2/install/custom_interfaces' for CMake config files
[0.794s] Level 1:colcon.colcon_core.shell:create_environment_hook('custom_interfaces', 'cmake_prefix_path')
[0.794s] INFO:colcon.colcon_core.shell:Creating environment hook '/home/idmx/ros2_ws_2/install/custom_interfaces/share/custom_interfaces/hook/cmake_prefix_path.ps1'
[0.794s] INFO:colcon.colcon_core.shell:Creating environment descriptor '/home/idmx/ros2_ws_2/install/custom_interfaces/share/custom_interfaces/hook/cmake_prefix_path.dsv'
[0.795s] INFO:colcon.colcon_core.shell:Creating environment hook '/home/idmx/ros2_ws_2/install/custom_interfaces/share/custom_interfaces/hook/cmake_prefix_path.sh'
[0.795s] Level 1:colcon.colcon_core.environment:checking '/home/idmx/ros2_ws_2/install/custom_interfaces/lib'
[0.795s] Level 1:colcon.colcon_core.shell:create_environment_hook('custom_interfaces', 'ld_library_path_lib')
[0.795s] INFO:colcon.colcon_core.shell:Creating environment hook '/home/idmx/ros2_ws_2/install/custom_interfaces/share/custom_interfaces/hook/ld_library_path_lib.ps1'
[0.795s] INFO:colcon.colcon_core.shell:Creating environment descriptor '/home/idmx/ros2_ws_2/install/custom_interfaces/share/custom_interfaces/hook/ld_library_path_lib.dsv'
[0.796s] INFO:colcon.colcon_core.shell:Creating environment hook '/home/idmx/ros2_ws_2/install/custom_interfaces/share/custom_interfaces/hook/ld_library_path_lib.sh'
[0.796s] Level 1:colcon.colcon_core.environment:checking '/home/idmx/ros2_ws_2/install/custom_interfaces/bin'
[0.796s] Level 1:colcon.colcon_core.environment:checking '/home/idmx/ros2_ws_2/install/custom_interfaces/lib/pkgconfig/custom_interfaces.pc'
[0.796s] Level 1:colcon.colcon_core.environment:checking '/home/idmx/ros2_ws_2/install/custom_interfaces/lib/python3.10/site-packages'
[0.796s] Level 1:colcon.colcon_core.environment:checking '/home/idmx/ros2_ws_2/install/custom_interfaces/bin'
[0.797s] INFO:colcon.colcon_core.shell:Creating package script '/home/idmx/ros2_ws_2/install/custom_interfaces/share/custom_interfaces/package.ps1'
[0.797s] INFO:colcon.colcon_core.shell:Creating package descriptor '/home/idmx/ros2_ws_2/install/custom_interfaces/share/custom_interfaces/package.dsv'
[0.797s] INFO:colcon.colcon_core.shell:Creating package script '/home/idmx/ros2_ws_2/install/custom_interfaces/share/custom_interfaces/package.sh'
[0.798s] INFO:colcon.colcon_core.shell:Creating package script '/home/idmx/ros2_ws_2/install/custom_interfaces/share/custom_interfaces/package.bash'
[0.798s] INFO:colcon.colcon_core.shell:Creating package script '/home/idmx/ros2_ws_2/install/custom_interfaces/share/custom_interfaces/package.zsh'
[0.798s] Level 1:colcon.colcon_core.environment:create_file_with_runtime_dependencies(/home/idmx/ros2_ws_2/install/custom_interfaces/share/colcon-core/packages/custom_interfaces)
[0.908s] DEBUG:colcon.colcon_core.event_handler.log_command:Invoking command in '/home/idmx/ros2_ws_2/src/basic_comms': PYTHONPATH=/home/idmx/ros2_ws_2/build/basic_comms/prefix_override:/usr/lib/python3/dist-packages/colcon_core/task/python/colcon_distutils_commands:/home/idmx/ros2_ws_2/install/basic_comms/lib/python3.10/site-packages:${PYTHONPATH} /usr/bin/python3 -W ignore:setup.py install is deprecated -W ignore:easy_install command is deprecated setup.py egg_info --egg-base ../../build/basic_comms build --build-base /home/idmx/ros2_ws_2/build/basic_comms/build install --record /home/idmx/ros2_ws_2/build/basic_comms/install.log --single-version-externally-managed install_data
[0.913s] DEBUG:colcon.colcon_core.event_handler.log_command:Invoking command in '/home/idmx/ros2_ws_2/src/motor_control': PYTHONPATH=/home/idmx/ros2_ws_2/build/motor_control/prefix_override:/usr/lib/python3/dist-packages/colcon_core/task/python/colcon_distutils_commands:/home/idmx/ros2_ws_2/install/motor_control/lib/python3.10/site-packages:${PYTHONPATH} /usr/bin/python3 -W ignore:setup.py install is deprecated -W ignore:easy_install command is deprecated setup.py egg_info --egg-base ../../build/motor_control build --build-base /home/idmx/ros2_ws_2/build/motor_control/build install --record /home/idmx/ros2_ws_2/build/motor_control/install.log --single-version-externally-managed install_data
[1.147s] Level 1:colcon.colcon_core.environment:checking '/home/idmx/ros2_ws_2/install/basic_comms' for CMake module files
[1.148s] DEBUG:colcon.colcon_core.event_handler.log_command:Invoked command in '/home/idmx/ros2_ws_2/src/basic_comms' returned '0': PYTHONPATH=/home/idmx/ros2_ws_2/build/basic_comms/prefix_override:/usr/lib/python3/dist-packages/colcon_core/task/python/colcon_distutils_commands:/home/idmx/ros2_ws_2/install/basic_comms/lib/python3.10/site-packages:${PYTHONPATH} /usr/bin/python3 -W ignore:setup.py install is deprecated -W ignore:easy_install command is deprecated setup.py egg_info --egg-base ../../build/basic_comms build --build-base /home/idmx/ros2_ws_2/build/basic_comms/build install --record /home/idmx/ros2_ws_2/build/basic_comms/install.log --single-version-externally-managed install_data
[1.148s] Level 1:colcon.colcon_core.environment:checking '/home/idmx/ros2_ws_2/install/basic_comms' for CMake config files
[1.149s] Level 1:colcon.colcon_core.environment:checking '/home/idmx/ros2_ws_2/install/basic_comms/lib'
[1.149s] Level 1:colcon.colcon_core.environment:checking '/home/idmx/ros2_ws_2/install/basic_comms/bin'
[1.149s] Level 1:colcon.colcon_core.environment:checking '/home/idmx/ros2_ws_2/install/basic_comms/lib/pkgconfig/basic_comms.pc'
[1.149s] Level 1:colcon.colcon_core.environment:checking '/home/idmx/ros2_ws_2/install/basic_comms/lib/python3.10/site-packages'
[1.149s] Level 1:colcon.colcon_core.shell:create_environment_hook('basic_comms', 'pythonpath')
[1.149s] INFO:colcon.colcon_core.shell:Creating environment hook '/home/idmx/ros2_ws_2/install/basic_comms/share/basic_comms/hook/pythonpath.ps1'
[1.150s] INFO:colcon.colcon_core.shell:Creating environment descriptor '/home/idmx/ros2_ws_2/install/basic_comms/share/basic_comms/hook/pythonpath.dsv'
[1.150s] INFO:colcon.colcon_core.shell:Creating environment hook '/home/idmx/ros2_ws_2/install/basic_comms/share/basic_comms/hook/pythonpath.sh'
[1.150s] Level 1:colcon.colcon_core.environment:checking '/home/idmx/ros2_ws_2/install/basic_comms/bin'
[1.150s] Level 1:colcon.colcon_core.environment:create_environment_scripts_only(basic_comms)
[1.151s] INFO:colcon.colcon_core.shell:Creating package script '/home/idmx/ros2_ws_2/install/basic_comms/share/basic_comms/package.ps1'
[1.151s] INFO:colcon.colcon_core.shell:Creating package descriptor '/home/idmx/ros2_ws_2/install/basic_comms/share/basic_comms/package.dsv'
[1.151s] INFO:colcon.colcon_core.shell:Creating package script '/home/idmx/ros2_ws_2/install/basic_comms/share/basic_comms/package.sh'
[1.151s] INFO:colcon.colcon_core.shell:Creating package script '/home/idmx/ros2_ws_2/install/basic_comms/share/basic_comms/package.bash'
[1.152s] INFO:colcon.colcon_core.shell:Creating package script '/home/idmx/ros2_ws_2/install/basic_comms/share/basic_comms/package.zsh'
[1.152s] Level 1:colcon.colcon_core.environment:create_file_with_runtime_dependencies(/home/idmx/ros2_ws_2/install/basic_comms/share/colcon-core/packages/basic_comms)
[1.160s] Level 1:colcon.colcon_core.environment:checking '/home/idmx/ros2_ws_2/install/motor_control' for CMake module files
[1.160s] DEBUG:colcon.colcon_core.event_handler.log_command:Invoked command in '/home/idmx/ros2_ws_2/src/motor_control' returned '0': PYTHONPATH=/home/idmx/ros2_ws_2/build/motor_control/prefix_override:/usr/lib/python3/dist-packages/colcon_core/task/python/colcon_distutils_commands:/home/idmx/ros2_ws_2/install/motor_control/lib/python3.10/site-packages:${PYTHONPATH} /usr/bin/python3 -W ignore:setup.py install is deprecated -W ignore:easy_install command is deprecated setup.py egg_info --egg-base ../../build/motor_control build --build-base /home/idmx/ros2_ws_2/build/motor_control/build install --record /home/idmx/ros2_ws_2/build/motor_control/install.log --single-version-externally-managed install_data
[1.161s] Level 1:colcon.colcon_core.environment:checking '/home/idmx/ros2_ws_2/install/motor_control' for CMake config files
[1.161s] Level 1:colcon.colcon_core.environment:checking '/home/idmx/ros2_ws_2/install/motor_control/lib'
[1.161s] Level 1:colcon.colcon_core.environment:checking '/home/idmx/ros2_ws_2/install/motor_control/bin'
[1.161s] Level 1:colcon.colcon_core.environment:checking '/home/idmx/ros2_ws_2/install/motor_control/lib/pkgconfig/motor_control.pc'
[1.162s] Level 1:colcon.colcon_core.environment:checking '/home/idmx/ros2_ws_2/install/motor_control/lib/python3.10/site-packages'
[1.162s] Level 1:colcon.colcon_core.shell:create_environment_hook('motor_control', 'pythonpath')
[1.162s] INFO:colcon.colcon_core.shell:Creating environment hook '/home/idmx/ros2_ws_2/install/motor_control/share/motor_control/hook/pythonpath.ps1'
[1.163s] INFO:colcon.colcon_core.shell:Creating environment descriptor '/home/idmx/ros2_ws_2/install/motor_control/share/motor_control/hook/pythonpath.dsv'
[1.163s] INFO:colcon.colcon_core.shell:Creating environment hook '/home/idmx/ros2_ws_2/install/motor_control/share/motor_control/hook/pythonpath.sh'
[1.163s] Level 1:colcon.colcon_core.environment:checking '/home/idmx/ros2_ws_2/install/motor_control/bin'
[1.163s] Level 1:colcon.colcon_core.environment:create_environment_scripts_only(motor_control)
[1.164s] INFO:colcon.colcon_core.shell:Creating package script '/home/idmx/ros2_ws_2/install/motor_control/share/motor_control/package.ps1'
[1.164s] INFO:colcon.colcon_core.shell:Creating package descriptor '/home/idmx/ros2_ws_2/install/motor_control/share/motor_control/package.dsv'
[1.164s] INFO:colcon.colcon_core.shell:Creating package script '/home/idmx/ros2_ws_2/install/motor_control/share/motor_control/package.sh'
[1.165s] INFO:colcon.colcon_core.shell:Creating package script '/home/idmx/ros2_ws_2/install/motor_control/share/motor_control/package.bash'
[1.165s] INFO:colcon.colcon_core.shell:Creating package script '/home/idmx/ros2_ws_2/install/motor_control/share/motor_control/package.zsh'
[1.165s] Level 1:colcon.colcon_core.environment:create_file_with_runtime_dependencies(/home/idmx/ros2_ws_2/install/motor_control/share/colcon-core/packages/motor_control)
[1.165s] DEBUG:colcon.colcon_parallel_executor.executor.parallel:closing loop
[1.166s] DEBUG:colcon.colcon_parallel_executor.executor.parallel:loop closed
[1.166s] DEBUG:colcon.colcon_parallel_executor.executor.parallel:run_until_complete finished with '0'
[1.166s] DEBUG:colcon.colcon_core.event_reactor:joining thread
[1.170s] INFO:colcon.colcon_core.plugin_system:Skipping extension 'colcon_notification.desktop_notification.terminal_notifier': Not used on non-Darwin systems
[1.170s] INFO:colcon.colcon_core.plugin_system:Skipping extension 'colcon_notification.desktop_notification.win32': Not used on non-Windows systems
[1.170s] INFO:colcon.colcon_notification.desktop_notification:Sending desktop notification using 'notify2'
[1.176s] DEBUG:colcon.colcon_core.event_reactor:joined thread
[1.177s] INFO:colcon.colcon_core.shell:Creating prefix script '/home/idmx/ros2_ws_2/install/local_setup.ps1'
[1.177s] INFO:colcon.colcon_core.shell:Creating prefix util module '/home/idmx/ros2_ws_2/install/_local_setup_util_ps1.py'
[1.178s] INFO:colcon.colcon_core.shell:Creating prefix chain script '/home/idmx/ros2_ws_2/install/setup.ps1'
[1.179s] INFO:colcon.colcon_core.shell:Creating prefix script '/home/idmx/ros2_ws_2/install/local_setup.sh'
[1.179s] INFO:colcon.colcon_core.shell:Creating prefix util module '/home/idmx/ros2_ws_2/install/_local_setup_util_sh.py'
[1.180s] INFO:colcon.colcon_core.shell:Creating prefix chain script '/home/idmx/ros2_ws_2/install/setup.sh'
[1.181s] INFO:colcon.colcon_core.shell:Creating prefix script '/home/idmx/ros2_ws_2/install/local_setup.bash'
[1.181s] INFO:colcon.colcon_core.shell:Creating prefix chain script '/home/idmx/ros2_ws_2/install/setup.bash'
[1.181s] INFO:colcon.colcon_core.shell:Creating prefix script '/home/idmx/ros2_ws_2/install/local_setup.zsh'
[1.182s] INFO:colcon.colcon_core.shell:Creating prefix chain script '/home/idmx/ros2_ws_2/install/setup.zsh'
